<?xml version="1.0" encoding="UTF-8"?>
<!-- Generated by org.testng.reporters.JUnitReportReporter -->
<testsuite hostname="AMX-AL-20-017-W" failures="0" tests="12" name="icivics_testcases.I45_GoogleIntegration_StudentRegistration_Test" time="78.967" errors="3" timestamp="2022-09-01T11:32:46 IST" skipped="9">
  <testcase classname="icivics_testcases.I45_GoogleIntegration_StudentRegistration_Test" name="C557_Verifyagreetotermsandconditionfield" time="6.056">
    <skipped/>
  </testcase> <!-- C557_Verifyagreetotermsandconditionfield -->
  <system-out/>
  <testcase classname="icivics_testcases.I45_GoogleIntegration_StudentRegistration_Test" name="C557_Verifyagreetotermsandconditionfield" time="6.224">
    <skipped/>
  </testcase> <!-- C557_Verifyagreetotermsandconditionfield -->
  <system-out/>
  <testcase classname="icivics_testcases.I45_GoogleIntegration_StudentRegistration_Test" name="C557_Verifyagreetotermsandconditionfield" time="5.962">
    <skipped/>
  </testcase> <!-- C557_Verifyagreetotermsandconditionfield -->
  <system-out/>
  <testcase classname="icivics_testcases.I45_GoogleIntegration_StudentRegistration_Test" name="C557_Verifyagreetotermsandconditionfield" time="6.147">
    <error message="inStream parameter is null" type="java.lang.NullPointerException">
      <![CDATA[java.lang.NullPointerException: inStream parameter is null
at java.base/java.util.Objects.requireNonNull(Objects.java:233)
at java.base/java.util.Properties.load(Properties.java:407)
at selenium.base.SeleniumBase.getPropfile(SeleniumBase.java:1877)
at icivics_pages.GoogleIntegration_StudentRegistration.verifyregisterasstudent(GoogleIntegration_StudentRegistration.java:51)
at icivics_testcases.I45_GoogleIntegration_StudentRegistration_Test.C557_Verifyagreetotermsandconditionfield(I45_GoogleIntegration_StudentRegistration_Test.java:29)
at java.base/jdk.internal.reflect.NativeMethodAccessorImpl.invoke0(Native Method)
at java.base/jdk.internal.reflect.NativeMethodAccessorImpl.invoke(NativeMethodAccessorImpl.java:77)
at java.base/jdk.internal.reflect.DelegatingMethodAccessorImpl.invoke(DelegatingMethodAccessorImpl.java:43)
at java.base/java.lang.reflect.Method.invoke(Method.java:568)
at org.testng.internal.MethodInvocationHelper.invokeMethod(MethodInvocationHelper.java:133)
at org.testng.internal.TestInvoker.invokeMethod(TestInvoker.java:598)
at org.testng.internal.TestInvoker.retryFailed(TestInvoker.java:213)
at org.testng.internal.MethodRunner.runInSequence(MethodRunner.java:58)
at org.testng.internal.TestInvoker$MethodInvocationAgent.invoke(TestInvoker.java:824)
at org.testng.internal.TestInvoker.invokeTestMethods(TestInvoker.java:146)
at org.testng.internal.TestMethodWorker.invokeTestMethods(TestMethodWorker.java:146)
at org.testng.internal.TestMethodWorker.run(TestMethodWorker.java:128)
at java.base/java.util.ArrayList.forEach(ArrayList.java:1511)
at org.testng.TestRunner.privateRun(TestRunner.java:794)
at org.testng.TestRunner.run(TestRunner.java:596)
at org.testng.SuiteRunner.runTest(SuiteRunner.java:377)
at org.testng.SuiteRunner.runSequentially(SuiteRunner.java:371)
at org.testng.SuiteRunner.privateRun(SuiteRunner.java:332)
at org.testng.SuiteRunner.run(SuiteRunner.java:276)
at org.testng.SuiteRunnerWorker.runSuite(SuiteRunnerWorker.java:53)
at org.testng.SuiteRunnerWorker.run(SuiteRunnerWorker.java:96)
at org.testng.TestNG.runSuitesSequentially(TestNG.java:1212)
at org.testng.TestNG.runSuitesLocally(TestNG.java:1134)
at org.testng.TestNG.runSuites(TestNG.java:1063)
at org.testng.TestNG.run(TestNG.java:1031)
at org.testng.remote.AbstractRemoteTestNG.run(AbstractRemoteTestNG.java:115)
at org.testng.remote.RemoteTestNG.initAndRun(RemoteTestNG.java:251)
at org.testng.remote.RemoteTestNG.main(RemoteTestNG.java:77)
]]>
    </error>
  </testcase> <!-- C557_Verifyagreetotermsandconditionfield -->
  <system-out/>
  <testcase classname="icivics_testcases.I45_GoogleIntegration_StudentRegistration_Test" name="C558_Verifyerrormsg" time="6.179">
    <error message="inStream parameter is null" type="java.lang.NullPointerException">
      <![CDATA[java.lang.NullPointerException: inStream parameter is null
at java.base/java.util.Objects.requireNonNull(Objects.java:233)
at java.base/java.util.Properties.load(Properties.java:407)
at selenium.base.SeleniumBase.getPropfile(SeleniumBase.java:1877)
at icivics_pages.GoogleIntegration_StudentRegistration.verifyregisterasstudent(GoogleIntegration_StudentRegistration.java:51)
at icivics_testcases.I45_GoogleIntegration_StudentRegistration_Test.C558_Verifyerrormsg(I45_GoogleIntegration_StudentRegistration_Test.java:40)
at java.base/jdk.internal.reflect.NativeMethodAccessorImpl.invoke0(Native Method)
at java.base/jdk.internal.reflect.NativeMethodAccessorImpl.invoke(NativeMethodAccessorImpl.java:77)
at java.base/jdk.internal.reflect.DelegatingMethodAccessorImpl.invoke(DelegatingMethodAccessorImpl.java:43)
at java.base/java.lang.reflect.Method.invoke(Method.java:568)
at org.testng.internal.MethodInvocationHelper.invokeMethod(MethodInvocationHelper.java:133)
at org.testng.internal.TestInvoker.invokeMethod(TestInvoker.java:598)
at org.testng.internal.TestInvoker.retryFailed(TestInvoker.java:213)
at org.testng.internal.MethodRunner.runInSequence(MethodRunner.java:58)
at org.testng.internal.TestInvoker$MethodInvocationAgent.invoke(TestInvoker.java:824)
at org.testng.internal.TestInvoker.invokeTestMethods(TestInvoker.java:146)
at org.testng.internal.TestMethodWorker.invokeTestMethods(TestMethodWorker.java:146)
at org.testng.internal.TestMethodWorker.run(TestMethodWorker.java:128)
at java.base/java.util.ArrayList.forEach(ArrayList.java:1511)
at org.testng.TestRunner.privateRun(TestRunner.java:794)
at org.testng.TestRunner.run(TestRunner.java:596)
at org.testng.SuiteRunner.runTest(SuiteRunner.java:377)
at org.testng.SuiteRunner.runSequentially(SuiteRunner.java:371)
at org.testng.SuiteRunner.privateRun(SuiteRunner.java:332)
at org.testng.SuiteRunner.run(SuiteRunner.java:276)
at org.testng.SuiteRunnerWorker.runSuite(SuiteRunnerWorker.java:53)
at org.testng.SuiteRunnerWorker.run(SuiteRunnerWorker.java:96)
at org.testng.TestNG.runSuitesSequentially(TestNG.java:1212)
at org.testng.TestNG.runSuitesLocally(TestNG.java:1134)
at org.testng.TestNG.runSuites(TestNG.java:1063)
at org.testng.TestNG.run(TestNG.java:1031)
at org.testng.remote.AbstractRemoteTestNG.run(AbstractRemoteTestNG.java:115)
at org.testng.remote.RemoteTestNG.initAndRun(RemoteTestNG.java:251)
at org.testng.remote.RemoteTestNG.main(RemoteTestNG.java:77)
]]>
    </error>
  </testcase> <!-- C558_Verifyerrormsg -->
  <system-out/>
  <testcase classname="icivics_testcases.I45_GoogleIntegration_StudentRegistration_Test" name="C558_Verifyerrormsg" time="7.828">
    <skipped/>
  </testcase> <!-- C558_Verifyerrormsg -->
  <system-out/>
  <testcase classname="icivics_testcases.I45_GoogleIntegration_StudentRegistration_Test" name="C558_Verifyerrormsg" time="6.162">
    <skipped/>
  </testcase> <!-- C558_Verifyerrormsg -->
  <system-out/>
  <testcase classname="icivics_testcases.I45_GoogleIntegration_StudentRegistration_Test" name="C558_Verifyerrormsg" time="6.120">
    <skipped/>
  </testcase> <!-- C558_Verifyerrormsg -->
  <system-out/>
  <testcase classname="icivics_testcases.I45_GoogleIntegration_StudentRegistration_Test" name="C559_Verifyerrormsg" time="6.624">
    <skipped/>
  </testcase> <!-- C559_Verifyerrormsg -->
  <system-out/>
  <testcase classname="icivics_testcases.I45_GoogleIntegration_StudentRegistration_Test" name="C559_Verifyerrormsg" time="7.011">
    <error message="inStream parameter is null" type="java.lang.NullPointerException">
      <![CDATA[java.lang.NullPointerException: inStream parameter is null
at java.base/java.util.Objects.requireNonNull(Objects.java:233)
at java.base/java.util.Properties.load(Properties.java:407)
at selenium.base.SeleniumBase.getPropfile(SeleniumBase.java:1877)
at icivics_pages.GoogleIntegration_StudentRegistration.verifyregisterasstudent(GoogleIntegration_StudentRegistration.java:51)
at icivics_testcases.I45_GoogleIntegration_StudentRegistration_Test.C559_Verifyerrormsg(I45_GoogleIntegration_StudentRegistration_Test.java:52)
at java.base/jdk.internal.reflect.NativeMethodAccessorImpl.invoke0(Native Method)
at java.base/jdk.internal.reflect.NativeMethodAccessorImpl.invoke(NativeMethodAccessorImpl.java:77)
at java.base/jdk.internal.reflect.DelegatingMethodAccessorImpl.invoke(DelegatingMethodAccessorImpl.java:43)
at java.base/java.lang.reflect.Method.invoke(Method.java:568)
at org.testng.internal.MethodInvocationHelper.invokeMethod(MethodInvocationHelper.java:133)
at org.testng.internal.TestInvoker.invokeMethod(TestInvoker.java:598)
at org.testng.internal.TestInvoker.retryFailed(TestInvoker.java:213)
at org.testng.internal.MethodRunner.runInSequence(MethodRunner.java:58)
at org.testng.internal.TestInvoker$MethodInvocationAgent.invoke(TestInvoker.java:824)
at org.testng.internal.TestInvoker.invokeTestMethods(TestInvoker.java:146)
at org.testng.internal.TestMethodWorker.invokeTestMethods(TestMethodWorker.java:146)
at org.testng.internal.TestMethodWorker.run(TestMethodWorker.java:128)
at java.base/java.util.ArrayList.forEach(ArrayList.java:1511)
at org.testng.TestRunner.privateRun(TestRunner.java:794)
at org.testng.TestRunner.run(TestRunner.java:596)
at org.testng.SuiteRunner.runTest(SuiteRunner.java:377)
at org.testng.SuiteRunner.runSequentially(SuiteRunner.java:371)
at org.testng.SuiteRunner.privateRun(SuiteRunner.java:332)
at org.testng.SuiteRunner.run(SuiteRunner.java:276)
at org.testng.SuiteRunnerWorker.runSuite(SuiteRunnerWorker.java:53)
at org.testng.SuiteRunnerWorker.run(SuiteRunnerWorker.java:96)
at org.testng.TestNG.runSuitesSequentially(TestNG.java:1212)
at org.testng.TestNG.runSuitesLocally(TestNG.java:1134)
at org.testng.TestNG.runSuites(TestNG.java:1063)
at org.testng.TestNG.run(TestNG.java:1031)
at org.testng.remote.AbstractRemoteTestNG.run(AbstractRemoteTestNG.java:115)
at org.testng.remote.RemoteTestNG.initAndRun(RemoteTestNG.java:251)
at org.testng.remote.RemoteTestNG.main(RemoteTestNG.java:77)
]]>
    </error>
  </testcase> <!-- C559_Verifyerrormsg -->
  <system-out/>
  <testcase classname="icivics_testcases.I45_GoogleIntegration_StudentRegistration_Test" name="C559_Verifyerrormsg" time="6.126">
    <skipped/>
  </testcase> <!-- C559_Verifyerrormsg -->
  <system-out/>
  <testcase classname="icivics_testcases.I45_GoogleIntegration_StudentRegistration_Test" name="C559_Verifyerrormsg" time="8.528">
    <skipped/>
  </testcase> <!-- C559_Verifyerrormsg -->
  <system-out/>
</testsuite> <!-- icivics_testcases.I45_GoogleIntegration_StudentRegistration_Test -->
