<?xml version="1.0" encoding="UTF-8"?>
<!-- Generated by org.testng.reporters.JUnitReportReporter -->
<testsuite hostname="AMX-RL-20-457-W" failures="0" tests="12" name="icivics_testcases.ArgumentsWar_Test" time="916.948" errors="1" timestamp="2022-08-11T22:42:51 IST" skipped="0">
  <testcase classname="icivics_testcases.ArgumentsWar_Test" name="C81_Verifylink" time="32.636"/>
  <system-out/>
  <testcase classname="icivics_testcases.ArgumentsWar_Test" name="C82_Verifypopup" time="31.068"/>
  <system-out/>
  <testcase classname="icivics_testcases.ArgumentsWar_Test" name="C83_Verifygameload" time="30.947"/>
  <system-out/>
  <testcase classname="icivics_testcases.ArgumentsWar_Test" name="C84_Verifyeducatorbutton" time="57.846">
    <error message="Cannot invoke &quot;String.split(String)&quot; because &quot;locatorType&quot; is null" type="java.lang.NullPointerException">
      <![CDATA[java.lang.NullPointerException: Cannot invoke "String.split(String)" because "locatorType" is null
at selenium.base.SeleniumBase.propElement(SeleniumBase.java:1900)
at icivics_pages.AgrumentsWar.verifydownloadteacherresourcesandassignbuttons(AgrumentsWar.java:90)
at icivics_testcases.ArgumentsWar_Test.C84_Verifyeducatorbutton(ArgumentsWar_Test.java:53)
at java.base/jdk.internal.reflect.NativeMethodAccessorImpl.invoke0(Native Method)
at java.base/jdk.internal.reflect.NativeMethodAccessorImpl.invoke(NativeMethodAccessorImpl.java:77)
at java.base/jdk.internal.reflect.DelegatingMethodAccessorImpl.invoke(DelegatingMethodAccessorImpl.java:43)
at java.base/java.lang.reflect.Method.invoke(Method.java:568)
at org.testng.internal.MethodInvocationHelper.invokeMethod(MethodInvocationHelper.java:133)
at org.testng.internal.TestInvoker.invokeMethod(TestInvoker.java:598)
at org.testng.internal.TestInvoker.invokeTestMethod(TestInvoker.java:173)
at org.testng.internal.MethodRunner.runInSequence(MethodRunner.java:46)
at org.testng.internal.TestInvoker$MethodInvocationAgent.invoke(TestInvoker.java:824)
at org.testng.internal.TestInvoker.invokeTestMethods(TestInvoker.java:146)
at org.testng.internal.TestMethodWorker.invokeTestMethods(TestMethodWorker.java:146)
at org.testng.internal.TestMethodWorker.run(TestMethodWorker.java:128)
at java.base/java.util.ArrayList.forEach(ArrayList.java:1511)
at org.testng.TestRunner.privateRun(TestRunner.java:794)
at org.testng.TestRunner.run(TestRunner.java:596)
at org.testng.SuiteRunner.runTest(SuiteRunner.java:377)
at org.testng.SuiteRunner.runSequentially(SuiteRunner.java:371)
at org.testng.SuiteRunner.privateRun(SuiteRunner.java:332)
at org.testng.SuiteRunner.run(SuiteRunner.java:276)
at org.testng.SuiteRunnerWorker.runSuite(SuiteRunnerWorker.java:53)
at org.testng.SuiteRunnerWorker.run(SuiteRunnerWorker.java:96)
at org.testng.TestNG.runSuitesSequentially(TestNG.java:1212)
at org.testng.TestNG.runSuitesLocally(TestNG.java:1134)
at org.testng.TestNG.runSuites(TestNG.java:1063)
at org.testng.TestNG.run(TestNG.java:1031)
at org.testng.remote.AbstractRemoteTestNG.run(AbstractRemoteTestNG.java:115)
at org.testng.remote.RemoteTestNG.initAndRun(RemoteTestNG.java:251)
at org.testng.remote.RemoteTestNG.main(RemoteTestNG.java:77)
]]>
    </error>
  </testcase> <!-- C84_Verifyeducatorbutton -->
  <system-out/>
  <testcase classname="icivics_testcases.ArgumentsWar_Test" name="C85_Verifyeducatorbuttonforstudent" time="128.607"/>
  <system-out/>
  <testcase classname="icivics_testcases.ArgumentsWar_Test" name="C86_Verifyteacherresourcespopup" time="134.069"/>
  <system-out/>
  <testcase classname="icivics_testcases.ArgumentsWar_Test" name="C87_Verifyassignpopup" time="130.265"/>
  <system-out/>
  <testcase classname="icivics_testcases.ArgumentsWar_Test" name="C93_Verifyextensionpack" time="29.428"/>
  <system-out/>
  <testcase classname="icivics_testcases.ArgumentsWar_Test" name="C95_Verifyextensionpackclick" time="62.896"/>
  <system-out/>
  <testcase classname="icivics_testcases.ArgumentsWar_Test" name="C97_Verifylearningobjectivesforstudent" time="119.557"/>
  <system-out/>
  <testcase classname="icivics_testcases.ArgumentsWar_Test" name="C96_Verifylearningobjectives" time="129.241"/>
  <system-out/>
  <testcase classname="icivics_testcases.ArgumentsWar_Test" name="C97_Verifylearningobjectivesforanonymoususer" time="30.388"/>
  <system-out/>
</testsuite> <!-- icivics_testcases.ArgumentsWar_Test -->
