<?xml version="1.0" encoding="UTF-8"?>
<!-- Generated by org.testng.reporters.JUnitReportReporter -->
<testsuite hostname="AMX-AL-20-017-W" failures="0" tests="16" name="icivics_testcases.I41_GoogleIntegration_Registration_Test" time="134.219" errors="4" timestamp="2022-09-01T11:32:46 IST" skipped="12">
  <testcase classname="icivics_testcases.I41_GoogleIntegration_Registration_Test" name="C544_Verifyeducatorregistrationpage1" time="8.368">
    <error message="inStream parameter is null" type="java.lang.NullPointerException">
      <![CDATA[java.lang.NullPointerException: inStream parameter is null
at java.base/java.util.Objects.requireNonNull(Objects.java:233)
at java.base/java.util.Properties.load(Properties.java:407)
at selenium.base.SeleniumBase.getPropfile(SeleniumBase.java:1877)
at icivics_pages.GoogleIntegration_Registration.verifyclickregisteraseducator(GoogleIntegration_Registration.java:50)
at icivics_testcases.I41_GoogleIntegration_Registration_Test.C544_Verifyeducatorregistrationpage1(I41_GoogleIntegration_Registration_Test.java:30)
at java.base/jdk.internal.reflect.NativeMethodAccessorImpl.invoke0(Native Method)
at java.base/jdk.internal.reflect.NativeMethodAccessorImpl.invoke(NativeMethodAccessorImpl.java:77)
at java.base/jdk.internal.reflect.DelegatingMethodAccessorImpl.invoke(DelegatingMethodAccessorImpl.java:43)
at java.base/java.lang.reflect.Method.invoke(Method.java:568)
at org.testng.internal.MethodInvocationHelper.invokeMethod(MethodInvocationHelper.java:133)
at org.testng.internal.TestInvoker.invokeMethod(TestInvoker.java:598)
at org.testng.internal.TestInvoker.retryFailed(TestInvoker.java:213)
at org.testng.internal.MethodRunner.runInSequence(MethodRunner.java:58)
at org.testng.internal.TestInvoker$MethodInvocationAgent.invoke(TestInvoker.java:824)
at org.testng.internal.TestInvoker.invokeTestMethods(TestInvoker.java:146)
at org.testng.internal.TestMethodWorker.invokeTestMethods(TestMethodWorker.java:146)
at org.testng.internal.TestMethodWorker.run(TestMethodWorker.java:128)
at java.base/java.util.ArrayList.forEach(ArrayList.java:1511)
at org.testng.TestRunner.privateRun(TestRunner.java:794)
at org.testng.TestRunner.run(TestRunner.java:596)
at org.testng.SuiteRunner.runTest(SuiteRunner.java:377)
at org.testng.SuiteRunner.runSequentially(SuiteRunner.java:371)
at org.testng.SuiteRunner.privateRun(SuiteRunner.java:332)
at org.testng.SuiteRunner.run(SuiteRunner.java:276)
at org.testng.SuiteRunnerWorker.runSuite(SuiteRunnerWorker.java:53)
at org.testng.SuiteRunnerWorker.run(SuiteRunnerWorker.java:96)
at org.testng.TestNG.runSuitesSequentially(TestNG.java:1212)
at org.testng.TestNG.runSuitesLocally(TestNG.java:1134)
at org.testng.TestNG.runSuites(TestNG.java:1063)
at org.testng.TestNG.run(TestNG.java:1031)
at org.testng.remote.AbstractRemoteTestNG.run(AbstractRemoteTestNG.java:115)
at org.testng.remote.RemoteTestNG.initAndRun(RemoteTestNG.java:251)
at org.testng.remote.RemoteTestNG.main(RemoteTestNG.java:77)
]]>
    </error>
  </testcase> <!-- C544_Verifyeducatorregistrationpage1 -->
  <system-out/>
  <testcase classname="icivics_testcases.I41_GoogleIntegration_Registration_Test" name="C544_Verifyeducatorregistrationpage1" time="8.820">
    <skipped/>
  </testcase> <!-- C544_Verifyeducatorregistrationpage1 -->
  <system-out/>
  <testcase classname="icivics_testcases.I41_GoogleIntegration_Registration_Test" name="C544_Verifyeducatorregistrationpage1" time="10.808">
    <skipped/>
  </testcase> <!-- C544_Verifyeducatorregistrationpage1 -->
  <system-out/>
  <testcase classname="icivics_testcases.I41_GoogleIntegration_Registration_Test" name="C544_Verifyeducatorregistrationpage1" time="8.911">
    <skipped/>
  </testcase> <!-- C544_Verifyeducatorregistrationpage1 -->
  <system-out/>
  <testcase classname="icivics_testcases.I41_GoogleIntegration_Registration_Test" name="C545_Verifyregistrationwithoutsignin" time="6.407">
    <skipped/>
  </testcase> <!-- C545_Verifyregistrationwithoutsignin -->
  <system-out/>
  <testcase classname="icivics_testcases.I41_GoogleIntegration_Registration_Test" name="C545_Verifyregistrationwithoutsignin" time="6.384">
    <skipped/>
  </testcase> <!-- C545_Verifyregistrationwithoutsignin -->
  <system-out/>
  <testcase classname="icivics_testcases.I41_GoogleIntegration_Registration_Test" name="C545_Verifyregistrationwithoutsignin" time="7.196">
    <error message="inStream parameter is null" type="java.lang.NullPointerException">
      <![CDATA[java.lang.NullPointerException: inStream parameter is null
at java.base/java.util.Objects.requireNonNull(Objects.java:233)
at java.base/java.util.Properties.load(Properties.java:407)
at selenium.base.SeleniumBase.getPropfile(SeleniumBase.java:1877)
at icivics_pages.GoogleIntegration_Registration.verifyregistrationwithoutsignin(GoogleIntegration_Registration.java:90)
at icivics_testcases.I41_GoogleIntegration_Registration_Test.C545_Verifyregistrationwithoutsignin(I41_GoogleIntegration_Registration_Test.java:39)
at java.base/jdk.internal.reflect.NativeMethodAccessorImpl.invoke0(Native Method)
at java.base/jdk.internal.reflect.NativeMethodAccessorImpl.invoke(NativeMethodAccessorImpl.java:77)
at java.base/jdk.internal.reflect.DelegatingMethodAccessorImpl.invoke(DelegatingMethodAccessorImpl.java:43)
at java.base/java.lang.reflect.Method.invoke(Method.java:568)
at org.testng.internal.MethodInvocationHelper.invokeMethod(MethodInvocationHelper.java:133)
at org.testng.internal.TestInvoker.invokeMethod(TestInvoker.java:598)
at org.testng.internal.TestInvoker.retryFailed(TestInvoker.java:213)
at org.testng.internal.MethodRunner.runInSequence(MethodRunner.java:58)
at org.testng.internal.TestInvoker$MethodInvocationAgent.invoke(TestInvoker.java:824)
at org.testng.internal.TestInvoker.invokeTestMethods(TestInvoker.java:146)
at org.testng.internal.TestMethodWorker.invokeTestMethods(TestMethodWorker.java:146)
at org.testng.internal.TestMethodWorker.run(TestMethodWorker.java:128)
at java.base/java.util.ArrayList.forEach(ArrayList.java:1511)
at org.testng.TestRunner.privateRun(TestRunner.java:794)
at org.testng.TestRunner.run(TestRunner.java:596)
at org.testng.SuiteRunner.runTest(SuiteRunner.java:377)
at org.testng.SuiteRunner.runSequentially(SuiteRunner.java:371)
at org.testng.SuiteRunner.privateRun(SuiteRunner.java:332)
at org.testng.SuiteRunner.run(SuiteRunner.java:276)
at org.testng.SuiteRunnerWorker.runSuite(SuiteRunnerWorker.java:53)
at org.testng.SuiteRunnerWorker.run(SuiteRunnerWorker.java:96)
at org.testng.TestNG.runSuitesSequentially(TestNG.java:1212)
at org.testng.TestNG.runSuitesLocally(TestNG.java:1134)
at org.testng.TestNG.runSuites(TestNG.java:1063)
at org.testng.TestNG.run(TestNG.java:1031)
at org.testng.remote.AbstractRemoteTestNG.run(AbstractRemoteTestNG.java:115)
at org.testng.remote.RemoteTestNG.initAndRun(RemoteTestNG.java:251)
at org.testng.remote.RemoteTestNG.main(RemoteTestNG.java:77)
]]>
    </error>
  </testcase> <!-- C545_Verifyregistrationwithoutsignin -->
  <system-out/>
  <testcase classname="icivics_testcases.I41_GoogleIntegration_Registration_Test" name="C545_Verifyregistrationwithoutsignin" time="7.011">
    <skipped/>
  </testcase> <!-- C545_Verifyregistrationwithoutsignin -->
  <system-out/>
  <testcase classname="icivics_testcases.I41_GoogleIntegration_Registration_Test" name="C546_Verifyregistrationwithalreadyregisteredid" time="8.791">
    <error message="inStream parameter is null" type="java.lang.NullPointerException">
      <![CDATA[java.lang.NullPointerException: inStream parameter is null
at java.base/java.util.Objects.requireNonNull(Objects.java:233)
at java.base/java.util.Properties.load(Properties.java:407)
at selenium.base.SeleniumBase.getPropfile(SeleniumBase.java:1877)
at icivics_pages.GoogleIntegration_Registration.verifyregistrationwithalreadyregisteredID(GoogleIntegration_Registration.java:105)
at icivics_testcases.I41_GoogleIntegration_Registration_Test.C546_Verifyregistrationwithalreadyregisteredid(I41_GoogleIntegration_Registration_Test.java:48)
at java.base/jdk.internal.reflect.NativeMethodAccessorImpl.invoke0(Native Method)
at java.base/jdk.internal.reflect.NativeMethodAccessorImpl.invoke(NativeMethodAccessorImpl.java:77)
at java.base/jdk.internal.reflect.DelegatingMethodAccessorImpl.invoke(DelegatingMethodAccessorImpl.java:43)
at java.base/java.lang.reflect.Method.invoke(Method.java:568)
at org.testng.internal.MethodInvocationHelper.invokeMethod(MethodInvocationHelper.java:133)
at org.testng.internal.TestInvoker.invokeMethod(TestInvoker.java:598)
at org.testng.internal.TestInvoker.retryFailed(TestInvoker.java:213)
at org.testng.internal.MethodRunner.runInSequence(MethodRunner.java:58)
at org.testng.internal.TestInvoker$MethodInvocationAgent.invoke(TestInvoker.java:824)
at org.testng.internal.TestInvoker.invokeTestMethods(TestInvoker.java:146)
at org.testng.internal.TestMethodWorker.invokeTestMethods(TestMethodWorker.java:146)
at org.testng.internal.TestMethodWorker.run(TestMethodWorker.java:128)
at java.base/java.util.ArrayList.forEach(ArrayList.java:1511)
at org.testng.TestRunner.privateRun(TestRunner.java:794)
at org.testng.TestRunner.run(TestRunner.java:596)
at org.testng.SuiteRunner.runTest(SuiteRunner.java:377)
at org.testng.SuiteRunner.runSequentially(SuiteRunner.java:371)
at org.testng.SuiteRunner.privateRun(SuiteRunner.java:332)
at org.testng.SuiteRunner.run(SuiteRunner.java:276)
at org.testng.SuiteRunnerWorker.runSuite(SuiteRunnerWorker.java:53)
at org.testng.SuiteRunnerWorker.run(SuiteRunnerWorker.java:96)
at org.testng.TestNG.runSuitesSequentially(TestNG.java:1212)
at org.testng.TestNG.runSuitesLocally(TestNG.java:1134)
at org.testng.TestNG.runSuites(TestNG.java:1063)
at org.testng.TestNG.run(TestNG.java:1031)
at org.testng.remote.AbstractRemoteTestNG.run(AbstractRemoteTestNG.java:115)
at org.testng.remote.RemoteTestNG.initAndRun(RemoteTestNG.java:251)
at org.testng.remote.RemoteTestNG.main(RemoteTestNG.java:77)
]]>
    </error>
  </testcase> <!-- C546_Verifyregistrationwithalreadyregisteredid -->
  <system-out/>
  <testcase classname="icivics_testcases.I41_GoogleIntegration_Registration_Test" name="C546_Verifyregistrationwithalreadyregisteredid" time="8.183">
    <skipped/>
  </testcase> <!-- C546_Verifyregistrationwithalreadyregisteredid -->
  <system-out/>
  <testcase classname="icivics_testcases.I41_GoogleIntegration_Registration_Test" name="C546_Verifyregistrationwithalreadyregisteredid" time="8.455">
    <skipped/>
  </testcase> <!-- C546_Verifyregistrationwithalreadyregisteredid -->
  <system-out/>
  <testcase classname="icivics_testcases.I41_GoogleIntegration_Registration_Test" name="C546_Verifyregistrationwithalreadyregisteredid" time="10.135">
    <skipped/>
  </testcase> <!-- C546_Verifyregistrationwithalreadyregisteredid -->
  <system-out/>
  <testcase classname="icivics_testcases.I41_GoogleIntegration_Registration_Test" name="C544_Verifystudentregistrationpage1" time="9.224">
    <error message="inStream parameter is null" type="java.lang.NullPointerException">
      <![CDATA[java.lang.NullPointerException: inStream parameter is null
at java.base/java.util.Objects.requireNonNull(Objects.java:233)
at java.base/java.util.Properties.load(Properties.java:407)
at selenium.base.SeleniumBase.getPropfile(SeleniumBase.java:1877)
at icivics_pages.GoogleIntegration_Registration.verifyregisterasstudentclick(GoogleIntegration_Registration.java:142)
at icivics_testcases.I41_GoogleIntegration_Registration_Test.C544_Verifystudentregistrationpage1(I41_GoogleIntegration_Registration_Test.java:58)
at java.base/jdk.internal.reflect.NativeMethodAccessorImpl.invoke0(Native Method)
at java.base/jdk.internal.reflect.NativeMethodAccessorImpl.invoke(NativeMethodAccessorImpl.java:77)
at java.base/jdk.internal.reflect.DelegatingMethodAccessorImpl.invoke(DelegatingMethodAccessorImpl.java:43)
at java.base/java.lang.reflect.Method.invoke(Method.java:568)
at org.testng.internal.MethodInvocationHelper.invokeMethod(MethodInvocationHelper.java:133)
at org.testng.internal.TestInvoker.invokeMethod(TestInvoker.java:598)
at org.testng.internal.TestInvoker.retryFailed(TestInvoker.java:213)
at org.testng.internal.MethodRunner.runInSequence(MethodRunner.java:58)
at org.testng.internal.TestInvoker$MethodInvocationAgent.invoke(TestInvoker.java:824)
at org.testng.internal.TestInvoker.invokeTestMethods(TestInvoker.java:146)
at org.testng.internal.TestMethodWorker.invokeTestMethods(TestMethodWorker.java:146)
at org.testng.internal.TestMethodWorker.run(TestMethodWorker.java:128)
at java.base/java.util.ArrayList.forEach(ArrayList.java:1511)
at org.testng.TestRunner.privateRun(TestRunner.java:794)
at org.testng.TestRunner.run(TestRunner.java:596)
at org.testng.SuiteRunner.runTest(SuiteRunner.java:377)
at org.testng.SuiteRunner.runSequentially(SuiteRunner.java:371)
at org.testng.SuiteRunner.privateRun(SuiteRunner.java:332)
at org.testng.SuiteRunner.run(SuiteRunner.java:276)
at org.testng.SuiteRunnerWorker.runSuite(SuiteRunnerWorker.java:53)
at org.testng.SuiteRunnerWorker.run(SuiteRunnerWorker.java:96)
at org.testng.TestNG.runSuitesSequentially(TestNG.java:1212)
at org.testng.TestNG.runSuitesLocally(TestNG.java:1134)
at org.testng.TestNG.runSuites(TestNG.java:1063)
at org.testng.TestNG.run(TestNG.java:1031)
at org.testng.remote.AbstractRemoteTestNG.run(AbstractRemoteTestNG.java:115)
at org.testng.remote.RemoteTestNG.initAndRun(RemoteTestNG.java:251)
at org.testng.remote.RemoteTestNG.main(RemoteTestNG.java:77)
]]>
    </error>
  </testcase> <!-- C544_Verifystudentregistrationpage1 -->
  <system-out/>
  <testcase classname="icivics_testcases.I41_GoogleIntegration_Registration_Test" name="C544_Verifystudentregistrationpage1" time="8.289">
    <skipped/>
  </testcase> <!-- C544_Verifystudentregistrationpage1 -->
  <system-out/>
  <testcase classname="icivics_testcases.I41_GoogleIntegration_Registration_Test" name="C544_Verifystudentregistrationpage1" time="8.664">
    <skipped/>
  </testcase> <!-- C544_Verifystudentregistrationpage1 -->
  <system-out/>
  <testcase classname="icivics_testcases.I41_GoogleIntegration_Registration_Test" name="C544_Verifystudentregistrationpage1" time="8.573">
    <skipped/>
  </testcase> <!-- C544_Verifystudentregistrationpage1 -->
  <system-out/>
</testsuite> <!-- icivics_testcases.I41_GoogleIntegration_Registration_Test -->
