<?xml version="1.0" encoding="UTF-8"?>
<!-- Generated by org.testng.reporters.JUnitReportReporter -->
<testsuite hostname="AMX-AL-20-017-W" failures="0" tests="24" name="icivics_testcases.I42_GoogleIntegration_Pg1TeacherRegistration_Test" time="150.279" errors="6" timestamp="2022-09-01T11:32:46 IST" skipped="18">
  <testcase classname="icivics_testcases.I42_GoogleIntegration_Pg1TeacherRegistration_Test" name="C545_VerifyTeacherregistrationpage1" time="6.180">
    <skipped/>
  </testcase> <!-- C545_VerifyTeacherregistrationpage1 -->
  <system-out/>
  <testcase classname="icivics_testcases.I42_GoogleIntegration_Pg1TeacherRegistration_Test" name="C545_VerifyTeacherregistrationpage1" time="7.566">
    <skipped/>
  </testcase> <!-- C545_VerifyTeacherregistrationpage1 -->
  <system-out/>
  <testcase classname="icivics_testcases.I42_GoogleIntegration_Pg1TeacherRegistration_Test" name="C545_VerifyTeacherregistrationpage1" time="6.676">
    <skipped/>
  </testcase> <!-- C545_VerifyTeacherregistrationpage1 -->
  <system-out/>
  <testcase classname="icivics_testcases.I42_GoogleIntegration_Pg1TeacherRegistration_Test" name="C545_VerifyTeacherregistrationpage1" time="6.035">
    <error message="inStream parameter is null" type="java.lang.NullPointerException">
      <![CDATA[java.lang.NullPointerException: inStream parameter is null
at java.base/java.util.Objects.requireNonNull(Objects.java:233)
at java.base/java.util.Properties.load(Properties.java:407)
at selenium.base.SeleniumBase.getPropfile(SeleniumBase.java:1877)
at icivics_pages.GoogleIntegration_Pg1TeacherRegistration.verifydeleteuserfrombackend(GoogleIntegration_Pg1TeacherRegistration.java:285)
at icivics_testcases.I42_GoogleIntegration_Pg1TeacherRegistration_Test.C545_VerifyTeacherregistrationpage1(I42_GoogleIntegration_Pg1TeacherRegistration_Test.java:28)
at java.base/jdk.internal.reflect.NativeMethodAccessorImpl.invoke0(Native Method)
at java.base/jdk.internal.reflect.NativeMethodAccessorImpl.invoke(NativeMethodAccessorImpl.java:77)
at java.base/jdk.internal.reflect.DelegatingMethodAccessorImpl.invoke(DelegatingMethodAccessorImpl.java:43)
at java.base/java.lang.reflect.Method.invoke(Method.java:568)
at org.testng.internal.MethodInvocationHelper.invokeMethod(MethodInvocationHelper.java:133)
at org.testng.internal.TestInvoker.invokeMethod(TestInvoker.java:598)
at org.testng.internal.TestInvoker.retryFailed(TestInvoker.java:213)
at org.testng.internal.MethodRunner.runInSequence(MethodRunner.java:58)
at org.testng.internal.TestInvoker$MethodInvocationAgent.invoke(TestInvoker.java:824)
at org.testng.internal.TestInvoker.invokeTestMethods(TestInvoker.java:146)
at org.testng.internal.TestMethodWorker.invokeTestMethods(TestMethodWorker.java:146)
at org.testng.internal.TestMethodWorker.run(TestMethodWorker.java:128)
at java.base/java.util.ArrayList.forEach(ArrayList.java:1511)
at org.testng.TestRunner.privateRun(TestRunner.java:794)
at org.testng.TestRunner.run(TestRunner.java:596)
at org.testng.SuiteRunner.runTest(SuiteRunner.java:377)
at org.testng.SuiteRunner.runSequentially(SuiteRunner.java:371)
at org.testng.SuiteRunner.privateRun(SuiteRunner.java:332)
at org.testng.SuiteRunner.run(SuiteRunner.java:276)
at org.testng.SuiteRunnerWorker.runSuite(SuiteRunnerWorker.java:53)
at org.testng.SuiteRunnerWorker.run(SuiteRunnerWorker.java:96)
at org.testng.TestNG.runSuitesSequentially(TestNG.java:1212)
at org.testng.TestNG.runSuitesLocally(TestNG.java:1134)
at org.testng.TestNG.runSuites(TestNG.java:1063)
at org.testng.TestNG.run(TestNG.java:1031)
at org.testng.remote.AbstractRemoteTestNG.run(AbstractRemoteTestNG.java:115)
at org.testng.remote.RemoteTestNG.initAndRun(RemoteTestNG.java:251)
at org.testng.remote.RemoteTestNG.main(RemoteTestNG.java:77)
]]>
    </error>
  </testcase> <!-- C545_VerifyTeacherregistrationpage1 -->
  <system-out/>
  <testcase classname="icivics_testcases.I42_GoogleIntegration_Pg1TeacherRegistration_Test" name="C546_Verifyroleandgradefield" time="4.256">
    <skipped/>
  </testcase> <!-- C546_Verifyroleandgradefield -->
  <system-out/>
  <testcase classname="icivics_testcases.I42_GoogleIntegration_Pg1TeacherRegistration_Test" name="C546_Verifyroleandgradefield" time="6.034">
    <skipped/>
  </testcase> <!-- C546_Verifyroleandgradefield -->
  <system-out/>
  <testcase classname="icivics_testcases.I42_GoogleIntegration_Pg1TeacherRegistration_Test" name="C546_Verifyroleandgradefield" time="6.265">
    <error message="inStream parameter is null" type="java.lang.NullPointerException">
      <![CDATA[java.lang.NullPointerException: inStream parameter is null
at java.base/java.util.Objects.requireNonNull(Objects.java:233)
at java.base/java.util.Properties.load(Properties.java:407)
at selenium.base.SeleniumBase.getPropfile(SeleniumBase.java:1877)
at icivics_pages.GoogleIntegration_Pg1TeacherRegistration.Registrationpage(GoogleIntegration_Pg1TeacherRegistration.java:50)
at icivics_testcases.I42_GoogleIntegration_Pg1TeacherRegistration_Test.C546_Verifyroleandgradefield(I42_GoogleIntegration_Pg1TeacherRegistration_Test.java:37)
at java.base/jdk.internal.reflect.NativeMethodAccessorImpl.invoke0(Native Method)
at java.base/jdk.internal.reflect.NativeMethodAccessorImpl.invoke(NativeMethodAccessorImpl.java:77)
at java.base/jdk.internal.reflect.DelegatingMethodAccessorImpl.invoke(DelegatingMethodAccessorImpl.java:43)
at java.base/java.lang.reflect.Method.invoke(Method.java:568)
at org.testng.internal.MethodInvocationHelper.invokeMethod(MethodInvocationHelper.java:133)
at org.testng.internal.TestInvoker.invokeMethod(TestInvoker.java:598)
at org.testng.internal.TestInvoker.retryFailed(TestInvoker.java:213)
at org.testng.internal.MethodRunner.runInSequence(MethodRunner.java:58)
at org.testng.internal.TestInvoker$MethodInvocationAgent.invoke(TestInvoker.java:824)
at org.testng.internal.TestInvoker.invokeTestMethods(TestInvoker.java:146)
at org.testng.internal.TestMethodWorker.invokeTestMethods(TestMethodWorker.java:146)
at org.testng.internal.TestMethodWorker.run(TestMethodWorker.java:128)
at java.base/java.util.ArrayList.forEach(ArrayList.java:1511)
at org.testng.TestRunner.privateRun(TestRunner.java:794)
at org.testng.TestRunner.run(TestRunner.java:596)
at org.testng.SuiteRunner.runTest(SuiteRunner.java:377)
at org.testng.SuiteRunner.runSequentially(SuiteRunner.java:371)
at org.testng.SuiteRunner.privateRun(SuiteRunner.java:332)
at org.testng.SuiteRunner.run(SuiteRunner.java:276)
at org.testng.SuiteRunnerWorker.runSuite(SuiteRunnerWorker.java:53)
at org.testng.SuiteRunnerWorker.run(SuiteRunnerWorker.java:96)
at org.testng.TestNG.runSuitesSequentially(TestNG.java:1212)
at org.testng.TestNG.runSuitesLocally(TestNG.java:1134)
at org.testng.TestNG.runSuites(TestNG.java:1063)
at org.testng.TestNG.run(TestNG.java:1031)
at org.testng.remote.AbstractRemoteTestNG.run(AbstractRemoteTestNG.java:115)
at org.testng.remote.RemoteTestNG.initAndRun(RemoteTestNG.java:251)
at org.testng.remote.RemoteTestNG.main(RemoteTestNG.java:77)
]]>
    </error>
  </testcase> <!-- C546_Verifyroleandgradefield -->
  <system-out/>
  <testcase classname="icivics_testcases.I42_GoogleIntegration_Pg1TeacherRegistration_Test" name="C546_Verifyroleandgradefield" time="6.532">
    <skipped/>
  </testcase> <!-- C546_Verifyroleandgradefield -->
  <system-out/>
  <testcase classname="icivics_testcases.I42_GoogleIntegration_Pg1TeacherRegistration_Test" name="C547_Verifyroleandgradefield" time="5.843">
    <skipped/>
  </testcase> <!-- C547_Verifyroleandgradefield -->
  <system-out/>
  <testcase classname="icivics_testcases.I42_GoogleIntegration_Pg1TeacherRegistration_Test" name="C547_Verifyroleandgradefield" time="6.389">
    <skipped/>
  </testcase> <!-- C547_Verifyroleandgradefield -->
  <system-out/>
  <testcase classname="icivics_testcases.I42_GoogleIntegration_Pg1TeacherRegistration_Test" name="C547_Verifyroleandgradefield" time="6.626">
    <skipped/>
  </testcase> <!-- C547_Verifyroleandgradefield -->
  <system-out/>
  <testcase classname="icivics_testcases.I42_GoogleIntegration_Pg1TeacherRegistration_Test" name="C547_Verifyroleandgradefield" time="6.034">
    <error message="inStream parameter is null" type="java.lang.NullPointerException">
      <![CDATA[java.lang.NullPointerException: inStream parameter is null
at java.base/java.util.Objects.requireNonNull(Objects.java:233)
at java.base/java.util.Properties.load(Properties.java:407)
at selenium.base.SeleniumBase.getPropfile(SeleniumBase.java:1877)
at icivics_pages.GoogleIntegration_Pg1TeacherRegistration.Registrationpage(GoogleIntegration_Pg1TeacherRegistration.java:50)
at icivics_testcases.I42_GoogleIntegration_Pg1TeacherRegistration_Test.C547_Verifyroleandgradefield(I42_GoogleIntegration_Pg1TeacherRegistration_Test.java:46)
at java.base/jdk.internal.reflect.NativeMethodAccessorImpl.invoke0(Native Method)
at java.base/jdk.internal.reflect.NativeMethodAccessorImpl.invoke(NativeMethodAccessorImpl.java:77)
at java.base/jdk.internal.reflect.DelegatingMethodAccessorImpl.invoke(DelegatingMethodAccessorImpl.java:43)
at java.base/java.lang.reflect.Method.invoke(Method.java:568)
at org.testng.internal.MethodInvocationHelper.invokeMethod(MethodInvocationHelper.java:133)
at org.testng.internal.TestInvoker.invokeMethod(TestInvoker.java:598)
at org.testng.internal.TestInvoker.retryFailed(TestInvoker.java:213)
at org.testng.internal.MethodRunner.runInSequence(MethodRunner.java:58)
at org.testng.internal.TestInvoker$MethodInvocationAgent.invoke(TestInvoker.java:824)
at org.testng.internal.TestInvoker.invokeTestMethods(TestInvoker.java:146)
at org.testng.internal.TestMethodWorker.invokeTestMethods(TestMethodWorker.java:146)
at org.testng.internal.TestMethodWorker.run(TestMethodWorker.java:128)
at java.base/java.util.ArrayList.forEach(ArrayList.java:1511)
at org.testng.TestRunner.privateRun(TestRunner.java:794)
at org.testng.TestRunner.run(TestRunner.java:596)
at org.testng.SuiteRunner.runTest(SuiteRunner.java:377)
at org.testng.SuiteRunner.runSequentially(SuiteRunner.java:371)
at org.testng.SuiteRunner.privateRun(SuiteRunner.java:332)
at org.testng.SuiteRunner.run(SuiteRunner.java:276)
at org.testng.SuiteRunnerWorker.runSuite(SuiteRunnerWorker.java:53)
at org.testng.SuiteRunnerWorker.run(SuiteRunnerWorker.java:96)
at org.testng.TestNG.runSuitesSequentially(TestNG.java:1212)
at org.testng.TestNG.runSuitesLocally(TestNG.java:1134)
at org.testng.TestNG.runSuites(TestNG.java:1063)
at org.testng.TestNG.run(TestNG.java:1031)
at org.testng.remote.AbstractRemoteTestNG.run(AbstractRemoteTestNG.java:115)
at org.testng.remote.RemoteTestNG.initAndRun(RemoteTestNG.java:251)
at org.testng.remote.RemoteTestNG.main(RemoteTestNG.java:77)
]]>
    </error>
  </testcase> <!-- C547_Verifyroleandgradefield -->
  <system-out/>
  <testcase classname="icivics_testcases.I42_GoogleIntegration_Pg1TeacherRegistration_Test" name="C548_Verifyleavegradeboxesunchecked" time="5.817">
    <error message="inStream parameter is null" type="java.lang.NullPointerException">
      <![CDATA[java.lang.NullPointerException: inStream parameter is null
at java.base/java.util.Objects.requireNonNull(Objects.java:233)
at java.base/java.util.Properties.load(Properties.java:407)
at selenium.base.SeleniumBase.getPropfile(SeleniumBase.java:1877)
at icivics_pages.GoogleIntegration_Pg1TeacherRegistration.Registrationpage(GoogleIntegration_Pg1TeacherRegistration.java:50)
at icivics_testcases.I42_GoogleIntegration_Pg1TeacherRegistration_Test.C548_Verifyleavegradeboxesunchecked(I42_GoogleIntegration_Pg1TeacherRegistration_Test.java:57)
at java.base/jdk.internal.reflect.NativeMethodAccessorImpl.invoke0(Native Method)
at java.base/jdk.internal.reflect.NativeMethodAccessorImpl.invoke(NativeMethodAccessorImpl.java:77)
at java.base/jdk.internal.reflect.DelegatingMethodAccessorImpl.invoke(DelegatingMethodAccessorImpl.java:43)
at java.base/java.lang.reflect.Method.invoke(Method.java:568)
at org.testng.internal.MethodInvocationHelper.invokeMethod(MethodInvocationHelper.java:133)
at org.testng.internal.TestInvoker.invokeMethod(TestInvoker.java:598)
at org.testng.internal.TestInvoker.retryFailed(TestInvoker.java:213)
at org.testng.internal.MethodRunner.runInSequence(MethodRunner.java:58)
at org.testng.internal.TestInvoker$MethodInvocationAgent.invoke(TestInvoker.java:824)
at org.testng.internal.TestInvoker.invokeTestMethods(TestInvoker.java:146)
at org.testng.internal.TestMethodWorker.invokeTestMethods(TestMethodWorker.java:146)
at org.testng.internal.TestMethodWorker.run(TestMethodWorker.java:128)
at java.base/java.util.ArrayList.forEach(ArrayList.java:1511)
at org.testng.TestRunner.privateRun(TestRunner.java:794)
at org.testng.TestRunner.run(TestRunner.java:596)
at org.testng.SuiteRunner.runTest(SuiteRunner.java:377)
at org.testng.SuiteRunner.runSequentially(SuiteRunner.java:371)
at org.testng.SuiteRunner.privateRun(SuiteRunner.java:332)
at org.testng.SuiteRunner.run(SuiteRunner.java:276)
at org.testng.SuiteRunnerWorker.runSuite(SuiteRunnerWorker.java:53)
at org.testng.SuiteRunnerWorker.run(SuiteRunnerWorker.java:96)
at org.testng.TestNG.runSuitesSequentially(TestNG.java:1212)
at org.testng.TestNG.runSuitesLocally(TestNG.java:1134)
at org.testng.TestNG.runSuites(TestNG.java:1063)
at org.testng.TestNG.run(TestNG.java:1031)
at org.testng.remote.AbstractRemoteTestNG.run(AbstractRemoteTestNG.java:115)
at org.testng.remote.RemoteTestNG.initAndRun(RemoteTestNG.java:251)
at org.testng.remote.RemoteTestNG.main(RemoteTestNG.java:77)
]]>
    </error>
  </testcase> <!-- C548_Verifyleavegradeboxesunchecked -->
  <system-out/>
  <testcase classname="icivics_testcases.I42_GoogleIntegration_Pg1TeacherRegistration_Test" name="C548_Verifyleavegradeboxesunchecked" time="9.179">
    <skipped/>
  </testcase> <!-- C548_Verifyleavegradeboxesunchecked -->
  <system-out/>
  <testcase classname="icivics_testcases.I42_GoogleIntegration_Pg1TeacherRegistration_Test" name="C548_Verifyleavegradeboxesunchecked" time="6.625">
    <skipped/>
  </testcase> <!-- C548_Verifyleavegradeboxesunchecked -->
  <system-out/>
  <testcase classname="icivics_testcases.I42_GoogleIntegration_Pg1TeacherRegistration_Test" name="C548_Verifyleavegradeboxesunchecked" time="6.377">
    <skipped/>
  </testcase> <!-- C548_Verifyleavegradeboxesunchecked -->
  <system-out/>
  <testcase classname="icivics_testcases.I42_GoogleIntegration_Pg1TeacherRegistration_Test" name="C549_Verifyleaverolenoneselected" time="6.068">
    <skipped/>
  </testcase> <!-- C549_Verifyleaverolenoneselected -->
  <system-out/>
  <testcase classname="icivics_testcases.I42_GoogleIntegration_Pg1TeacherRegistration_Test" name="C549_Verifyleaverolenoneselected" time="5.918">
    <skipped/>
  </testcase> <!-- C549_Verifyleaverolenoneselected -->
  <system-out/>
  <testcase classname="icivics_testcases.I42_GoogleIntegration_Pg1TeacherRegistration_Test" name="C549_Verifyleaverolenoneselected" time="5.976">
    <error message="inStream parameter is null" type="java.lang.NullPointerException">
      <![CDATA[java.lang.NullPointerException: inStream parameter is null
at java.base/java.util.Objects.requireNonNull(Objects.java:233)
at java.base/java.util.Properties.load(Properties.java:407)
at selenium.base.SeleniumBase.getPropfile(SeleniumBase.java:1877)
at icivics_pages.GoogleIntegration_Pg1TeacherRegistration.Registrationpage(GoogleIntegration_Pg1TeacherRegistration.java:50)
at icivics_testcases.I42_GoogleIntegration_Pg1TeacherRegistration_Test.C549_Verifyleaverolenoneselected(I42_GoogleIntegration_Pg1TeacherRegistration_Test.java:68)
at java.base/jdk.internal.reflect.NativeMethodAccessorImpl.invoke0(Native Method)
at java.base/jdk.internal.reflect.NativeMethodAccessorImpl.invoke(NativeMethodAccessorImpl.java:77)
at java.base/jdk.internal.reflect.DelegatingMethodAccessorImpl.invoke(DelegatingMethodAccessorImpl.java:43)
at java.base/java.lang.reflect.Method.invoke(Method.java:568)
at org.testng.internal.MethodInvocationHelper.invokeMethod(MethodInvocationHelper.java:133)
at org.testng.internal.TestInvoker.invokeMethod(TestInvoker.java:598)
at org.testng.internal.TestInvoker.retryFailed(TestInvoker.java:213)
at org.testng.internal.MethodRunner.runInSequence(MethodRunner.java:58)
at org.testng.internal.TestInvoker$MethodInvocationAgent.invoke(TestInvoker.java:824)
at org.testng.internal.TestInvoker.invokeTestMethods(TestInvoker.java:146)
at org.testng.internal.TestMethodWorker.invokeTestMethods(TestMethodWorker.java:146)
at org.testng.internal.TestMethodWorker.run(TestMethodWorker.java:128)
at java.base/java.util.ArrayList.forEach(ArrayList.java:1511)
at org.testng.TestRunner.privateRun(TestRunner.java:794)
at org.testng.TestRunner.run(TestRunner.java:596)
at org.testng.SuiteRunner.runTest(SuiteRunner.java:377)
at org.testng.SuiteRunner.runSequentially(SuiteRunner.java:371)
at org.testng.SuiteRunner.privateRun(SuiteRunner.java:332)
at org.testng.SuiteRunner.run(SuiteRunner.java:276)
at org.testng.SuiteRunnerWorker.runSuite(SuiteRunnerWorker.java:53)
at org.testng.SuiteRunnerWorker.run(SuiteRunnerWorker.java:96)
at org.testng.TestNG.runSuitesSequentially(TestNG.java:1212)
at org.testng.TestNG.runSuitesLocally(TestNG.java:1134)
at org.testng.TestNG.runSuites(TestNG.java:1063)
at org.testng.TestNG.run(TestNG.java:1031)
at org.testng.remote.AbstractRemoteTestNG.run(AbstractRemoteTestNG.java:115)
at org.testng.remote.RemoteTestNG.initAndRun(RemoteTestNG.java:251)
at org.testng.remote.RemoteTestNG.main(RemoteTestNG.java:77)
]]>
    </error>
  </testcase> <!-- C549_Verifyleaverolenoneselected -->
  <system-out/>
  <testcase classname="icivics_testcases.I42_GoogleIntegration_Pg1TeacherRegistration_Test" name="C549_Verifyleaverolenoneselected" time="6.178">
    <skipped/>
  </testcase> <!-- C549_Verifyleaverolenoneselected -->
  <system-out/>
  <testcase classname="icivics_testcases.I42_GoogleIntegration_Pg1TeacherRegistration_Test" name="C550_Verifyenterwithvaliddata" time="5.675">
    <skipped/>
  </testcase> <!-- C550_Verifyenterwithvaliddata -->
  <system-out/>
  <testcase classname="icivics_testcases.I42_GoogleIntegration_Pg1TeacherRegistration_Test" name="C550_Verifyenterwithvaliddata" time="6.117">
    <skipped/>
  </testcase> <!-- C550_Verifyenterwithvaliddata -->
  <system-out/>
  <testcase classname="icivics_testcases.I42_GoogleIntegration_Pg1TeacherRegistration_Test" name="C550_Verifyenterwithvaliddata" time="5.907">
    <skipped/>
  </testcase> <!-- C550_Verifyenterwithvaliddata -->
  <system-out/>
  <testcase classname="icivics_testcases.I42_GoogleIntegration_Pg1TeacherRegistration_Test" name="C550_Verifyenterwithvaliddata" time="6.006">
    <error message="inStream parameter is null" type="java.lang.NullPointerException">
      <![CDATA[java.lang.NullPointerException: inStream parameter is null
at java.base/java.util.Objects.requireNonNull(Objects.java:233)
at java.base/java.util.Properties.load(Properties.java:407)
at selenium.base.SeleniumBase.getPropfile(SeleniumBase.java:1877)
at icivics_pages.GoogleIntegration_Pg1TeacherRegistration.Registrationpage(GoogleIntegration_Pg1TeacherRegistration.java:50)
at icivics_testcases.I42_GoogleIntegration_Pg1TeacherRegistration_Test.C550_Verifyenterwithvaliddata(I42_GoogleIntegration_Pg1TeacherRegistration_Test.java:78)
at java.base/jdk.internal.reflect.NativeMethodAccessorImpl.invoke0(Native Method)
at java.base/jdk.internal.reflect.NativeMethodAccessorImpl.invoke(NativeMethodAccessorImpl.java:77)
at java.base/jdk.internal.reflect.DelegatingMethodAccessorImpl.invoke(DelegatingMethodAccessorImpl.java:43)
at java.base/java.lang.reflect.Method.invoke(Method.java:568)
at org.testng.internal.MethodInvocationHelper.invokeMethod(MethodInvocationHelper.java:133)
at org.testng.internal.TestInvoker.invokeMethod(TestInvoker.java:598)
at org.testng.internal.TestInvoker.retryFailed(TestInvoker.java:213)
at org.testng.internal.MethodRunner.runInSequence(MethodRunner.java:58)
at org.testng.internal.TestInvoker$MethodInvocationAgent.invoke(TestInvoker.java:824)
at org.testng.internal.TestInvoker.invokeTestMethods(TestInvoker.java:146)
at org.testng.internal.TestMethodWorker.invokeTestMethods(TestMethodWorker.java:146)
at org.testng.internal.TestMethodWorker.run(TestMethodWorker.java:128)
at java.base/java.util.ArrayList.forEach(ArrayList.java:1511)
at org.testng.TestRunner.privateRun(TestRunner.java:794)
at org.testng.TestRunner.run(TestRunner.java:596)
at org.testng.SuiteRunner.runTest(SuiteRunner.java:377)
at org.testng.SuiteRunner.runSequentially(SuiteRunner.java:371)
at org.testng.SuiteRunner.privateRun(SuiteRunner.java:332)
at org.testng.SuiteRunner.run(SuiteRunner.java:276)
at org.testng.SuiteRunnerWorker.runSuite(SuiteRunnerWorker.java:53)
at org.testng.SuiteRunnerWorker.run(SuiteRunnerWorker.java:96)
at org.testng.TestNG.runSuitesSequentially(TestNG.java:1212)
at org.testng.TestNG.runSuitesLocally(TestNG.java:1134)
at org.testng.TestNG.runSuites(TestNG.java:1063)
at org.testng.TestNG.run(TestNG.java:1031)
at org.testng.remote.AbstractRemoteTestNG.run(AbstractRemoteTestNG.java:115)
at org.testng.remote.RemoteTestNG.initAndRun(RemoteTestNG.java:251)
at org.testng.remote.RemoteTestNG.main(RemoteTestNG.java:77)
]]>
    </error>
  </testcase> <!-- C550_Verifyenterwithvaliddata -->
  <system-out/>
</testsuite> <!-- icivics_testcases.I42_GoogleIntegration_Pg1TeacherRegistration_Test -->
