<?xml version="1.0" encoding="UTF-8"?>
<!-- Generated by org.testng.reporters.JUnitReportReporter -->
<testsuite hostname="AMX-AL-20-017-W" failures="0" tests="28" name="icivics_testcases.I43_GoogleIntegration_Pg2TeacherRegistration_Test" time="171.136" errors="7" timestamp="2022-09-01T11:32:46 IST" skipped="21">
  <testcase classname="icivics_testcases.I43_GoogleIntegration_Pg2TeacherRegistration_Test" name="C545_VerifyTeacherregistrationpage1" time="5.716">
    <error message="inStream parameter is null" type="java.lang.NullPointerException">
      <![CDATA[java.lang.NullPointerException: inStream parameter is null
at java.base/java.util.Objects.requireNonNull(Objects.java:233)
at java.base/java.util.Properties.load(Properties.java:407)
at selenium.base.SeleniumBase.getPropfile(SeleniumBase.java:1877)
at icivics_pages.GoogleIntegration_Pg2TeacherRegistration.Registrationpage(GoogleIntegration_Pg2TeacherRegistration.java:49)
at icivics_testcases.I43_GoogleIntegration_Pg2TeacherRegistration_Test.C545_VerifyTeacherregistrationpage1(I43_GoogleIntegration_Pg2TeacherRegistration_Test.java:28)
at java.base/jdk.internal.reflect.NativeMethodAccessorImpl.invoke0(Native Method)
at java.base/jdk.internal.reflect.NativeMethodAccessorImpl.invoke(NativeMethodAccessorImpl.java:77)
at java.base/jdk.internal.reflect.DelegatingMethodAccessorImpl.invoke(DelegatingMethodAccessorImpl.java:43)
at java.base/java.lang.reflect.Method.invoke(Method.java:568)
at org.testng.internal.MethodInvocationHelper.invokeMethod(MethodInvocationHelper.java:133)
at org.testng.internal.TestInvoker.invokeMethod(TestInvoker.java:598)
at org.testng.internal.TestInvoker.retryFailed(TestInvoker.java:213)
at org.testng.internal.MethodRunner.runInSequence(MethodRunner.java:58)
at org.testng.internal.TestInvoker$MethodInvocationAgent.invoke(TestInvoker.java:824)
at org.testng.internal.TestInvoker.invokeTestMethods(TestInvoker.java:146)
at org.testng.internal.TestMethodWorker.invokeTestMethods(TestMethodWorker.java:146)
at org.testng.internal.TestMethodWorker.run(TestMethodWorker.java:128)
at java.base/java.util.ArrayList.forEach(ArrayList.java:1511)
at org.testng.TestRunner.privateRun(TestRunner.java:794)
at org.testng.TestRunner.run(TestRunner.java:596)
at org.testng.SuiteRunner.runTest(SuiteRunner.java:377)
at org.testng.SuiteRunner.runSequentially(SuiteRunner.java:371)
at org.testng.SuiteRunner.privateRun(SuiteRunner.java:332)
at org.testng.SuiteRunner.run(SuiteRunner.java:276)
at org.testng.SuiteRunnerWorker.runSuite(SuiteRunnerWorker.java:53)
at org.testng.SuiteRunnerWorker.run(SuiteRunnerWorker.java:96)
at org.testng.TestNG.runSuitesSequentially(TestNG.java:1212)
at org.testng.TestNG.runSuitesLocally(TestNG.java:1134)
at org.testng.TestNG.runSuites(TestNG.java:1063)
at org.testng.TestNG.run(TestNG.java:1031)
at org.testng.remote.AbstractRemoteTestNG.run(AbstractRemoteTestNG.java:115)
at org.testng.remote.RemoteTestNG.initAndRun(RemoteTestNG.java:251)
at org.testng.remote.RemoteTestNG.main(RemoteTestNG.java:77)
]]>
    </error>
  </testcase> <!-- C545_VerifyTeacherregistrationpage1 -->
  <system-out/>
  <testcase classname="icivics_testcases.I43_GoogleIntegration_Pg2TeacherRegistration_Test" name="C545_VerifyTeacherregistrationpage1" time="5.874">
    <skipped/>
  </testcase> <!-- C545_VerifyTeacherregistrationpage1 -->
  <system-out/>
  <testcase classname="icivics_testcases.I43_GoogleIntegration_Pg2TeacherRegistration_Test" name="C545_VerifyTeacherregistrationpage1" time="7.469">
    <skipped/>
  </testcase> <!-- C545_VerifyTeacherregistrationpage1 -->
  <system-out/>
  <testcase classname="icivics_testcases.I43_GoogleIntegration_Pg2TeacherRegistration_Test" name="C545_VerifyTeacherregistrationpage1" time="6.169">
    <skipped/>
  </testcase> <!-- C545_VerifyTeacherregistrationpage1 -->
  <system-out/>
  <testcase classname="icivics_testcases.I43_GoogleIntegration_Pg2TeacherRegistration_Test" name="C546_Verifypage2fields" time="5.808">
    <skipped/>
  </testcase> <!-- C546_Verifypage2fields -->
  <system-out/>
  <testcase classname="icivics_testcases.I43_GoogleIntegration_Pg2TeacherRegistration_Test" name="C546_Verifypage2fields" time="6.381">
    <skipped/>
  </testcase> <!-- C546_Verifypage2fields -->
  <system-out/>
  <testcase classname="icivics_testcases.I43_GoogleIntegration_Pg2TeacherRegistration_Test" name="C546_Verifypage2fields" time="5.905">
    <error message="inStream parameter is null" type="java.lang.NullPointerException">
      <![CDATA[java.lang.NullPointerException: inStream parameter is null
at java.base/java.util.Objects.requireNonNull(Objects.java:233)
at java.base/java.util.Properties.load(Properties.java:407)
at selenium.base.SeleniumBase.getPropfile(SeleniumBase.java:1877)
at icivics_pages.GoogleIntegration_Pg2TeacherRegistration.Registrationpage(GoogleIntegration_Pg2TeacherRegistration.java:49)
at icivics_testcases.I43_GoogleIntegration_Pg2TeacherRegistration_Test.C546_Verifypage2fields(I43_GoogleIntegration_Pg2TeacherRegistration_Test.java:39)
at java.base/jdk.internal.reflect.NativeMethodAccessorImpl.invoke0(Native Method)
at java.base/jdk.internal.reflect.NativeMethodAccessorImpl.invoke(NativeMethodAccessorImpl.java:77)
at java.base/jdk.internal.reflect.DelegatingMethodAccessorImpl.invoke(DelegatingMethodAccessorImpl.java:43)
at java.base/java.lang.reflect.Method.invoke(Method.java:568)
at org.testng.internal.MethodInvocationHelper.invokeMethod(MethodInvocationHelper.java:133)
at org.testng.internal.TestInvoker.invokeMethod(TestInvoker.java:598)
at org.testng.internal.TestInvoker.retryFailed(TestInvoker.java:213)
at org.testng.internal.MethodRunner.runInSequence(MethodRunner.java:58)
at org.testng.internal.TestInvoker$MethodInvocationAgent.invoke(TestInvoker.java:824)
at org.testng.internal.TestInvoker.invokeTestMethods(TestInvoker.java:146)
at org.testng.internal.TestMethodWorker.invokeTestMethods(TestMethodWorker.java:146)
at org.testng.internal.TestMethodWorker.run(TestMethodWorker.java:128)
at java.base/java.util.ArrayList.forEach(ArrayList.java:1511)
at org.testng.TestRunner.privateRun(TestRunner.java:794)
at org.testng.TestRunner.run(TestRunner.java:596)
at org.testng.SuiteRunner.runTest(SuiteRunner.java:377)
at org.testng.SuiteRunner.runSequentially(SuiteRunner.java:371)
at org.testng.SuiteRunner.privateRun(SuiteRunner.java:332)
at org.testng.SuiteRunner.run(SuiteRunner.java:276)
at org.testng.SuiteRunnerWorker.runSuite(SuiteRunnerWorker.java:53)
at org.testng.SuiteRunnerWorker.run(SuiteRunnerWorker.java:96)
at org.testng.TestNG.runSuitesSequentially(TestNG.java:1212)
at org.testng.TestNG.runSuitesLocally(TestNG.java:1134)
at org.testng.TestNG.runSuites(TestNG.java:1063)
at org.testng.TestNG.run(TestNG.java:1031)
at org.testng.remote.AbstractRemoteTestNG.run(AbstractRemoteTestNG.java:115)
at org.testng.remote.RemoteTestNG.initAndRun(RemoteTestNG.java:251)
at org.testng.remote.RemoteTestNG.main(RemoteTestNG.java:77)
]]>
    </error>
  </testcase> <!-- C546_Verifypage2fields -->
  <system-out/>
  <testcase classname="icivics_testcases.I43_GoogleIntegration_Pg2TeacherRegistration_Test" name="C546_Verifypage2fields" time="6.330">
    <skipped/>
  </testcase> <!-- C546_Verifypage2fields -->
  <system-out/>
  <testcase classname="icivics_testcases.I43_GoogleIntegration_Pg2TeacherRegistration_Test" name="C546_Verifybackbutton" time="5.907">
    <skipped/>
  </testcase> <!-- C546_Verifybackbutton -->
  <system-out/>
  <testcase classname="icivics_testcases.I43_GoogleIntegration_Pg2TeacherRegistration_Test" name="C546_Verifybackbutton" time="6.214">
    <skipped/>
  </testcase> <!-- C546_Verifybackbutton -->
  <system-out/>
  <testcase classname="icivics_testcases.I43_GoogleIntegration_Pg2TeacherRegistration_Test" name="C546_Verifybackbutton" time="5.804">
    <skipped/>
  </testcase> <!-- C546_Verifybackbutton -->
  <system-out/>
  <testcase classname="icivics_testcases.I43_GoogleIntegration_Pg2TeacherRegistration_Test" name="C546_Verifybackbutton" time="5.816">
    <error message="inStream parameter is null" type="java.lang.NullPointerException">
      <![CDATA[java.lang.NullPointerException: inStream parameter is null
at java.base/java.util.Objects.requireNonNull(Objects.java:233)
at java.base/java.util.Properties.load(Properties.java:407)
at selenium.base.SeleniumBase.getPropfile(SeleniumBase.java:1877)
at icivics_pages.GoogleIntegration_Pg2TeacherRegistration.Registrationpage(GoogleIntegration_Pg2TeacherRegistration.java:49)
at icivics_testcases.I43_GoogleIntegration_Pg2TeacherRegistration_Test.C546_Verifybackbutton(I43_GoogleIntegration_Pg2TeacherRegistration_Test.java:48)
at java.base/jdk.internal.reflect.NativeMethodAccessorImpl.invoke0(Native Method)
at java.base/jdk.internal.reflect.NativeMethodAccessorImpl.invoke(NativeMethodAccessorImpl.java:77)
at java.base/jdk.internal.reflect.DelegatingMethodAccessorImpl.invoke(DelegatingMethodAccessorImpl.java:43)
at java.base/java.lang.reflect.Method.invoke(Method.java:568)
at org.testng.internal.MethodInvocationHelper.invokeMethod(MethodInvocationHelper.java:133)
at org.testng.internal.TestInvoker.invokeMethod(TestInvoker.java:598)
at org.testng.internal.TestInvoker.retryFailed(TestInvoker.java:213)
at org.testng.internal.MethodRunner.runInSequence(MethodRunner.java:58)
at org.testng.internal.TestInvoker$MethodInvocationAgent.invoke(TestInvoker.java:824)
at org.testng.internal.TestInvoker.invokeTestMethods(TestInvoker.java:146)
at org.testng.internal.TestMethodWorker.invokeTestMethods(TestMethodWorker.java:146)
at org.testng.internal.TestMethodWorker.run(TestMethodWorker.java:128)
at java.base/java.util.ArrayList.forEach(ArrayList.java:1511)
at org.testng.TestRunner.privateRun(TestRunner.java:794)
at org.testng.TestRunner.run(TestRunner.java:596)
at org.testng.SuiteRunner.runTest(SuiteRunner.java:377)
at org.testng.SuiteRunner.runSequentially(SuiteRunner.java:371)
at org.testng.SuiteRunner.privateRun(SuiteRunner.java:332)
at org.testng.SuiteRunner.run(SuiteRunner.java:276)
at org.testng.SuiteRunnerWorker.runSuite(SuiteRunnerWorker.java:53)
at org.testng.SuiteRunnerWorker.run(SuiteRunnerWorker.java:96)
at org.testng.TestNG.runSuitesSequentially(TestNG.java:1212)
at org.testng.TestNG.runSuitesLocally(TestNG.java:1134)
at org.testng.TestNG.runSuites(TestNG.java:1063)
at org.testng.TestNG.run(TestNG.java:1031)
at org.testng.remote.AbstractRemoteTestNG.run(AbstractRemoteTestNG.java:115)
at org.testng.remote.RemoteTestNG.initAndRun(RemoteTestNG.java:251)
at org.testng.remote.RemoteTestNG.main(RemoteTestNG.java:77)
]]>
    </error>
  </testcase> <!-- C546_Verifybackbutton -->
  <system-out/>
  <testcase classname="icivics_testcases.I43_GoogleIntegration_Pg2TeacherRegistration_Test" name="C547_Verifyfieldselection" time="6.033">
    <skipped/>
  </testcase> <!-- C547_Verifyfieldselection -->
  <system-out/>
  <testcase classname="icivics_testcases.I43_GoogleIntegration_Pg2TeacherRegistration_Test" name="C547_Verifyfieldselection" time="6.290">
    <skipped/>
  </testcase> <!-- C547_Verifyfieldselection -->
  <system-out/>
  <testcase classname="icivics_testcases.I43_GoogleIntegration_Pg2TeacherRegistration_Test" name="C547_Verifyfieldselection" time="5.707">
    <skipped/>
  </testcase> <!-- C547_Verifyfieldselection -->
  <system-out/>
  <testcase classname="icivics_testcases.I43_GoogleIntegration_Pg2TeacherRegistration_Test" name="C547_Verifyfieldselection" time="6.057">
    <error message="inStream parameter is null" type="java.lang.NullPointerException">
      <![CDATA[java.lang.NullPointerException: inStream parameter is null
at java.base/java.util.Objects.requireNonNull(Objects.java:233)
at java.base/java.util.Properties.load(Properties.java:407)
at selenium.base.SeleniumBase.getPropfile(SeleniumBase.java:1877)
at icivics_pages.GoogleIntegration_Pg2TeacherRegistration.Registrationpage(GoogleIntegration_Pg2TeacherRegistration.java:49)
at icivics_testcases.I43_GoogleIntegration_Pg2TeacherRegistration_Test.C547_Verifyfieldselection(I43_GoogleIntegration_Pg2TeacherRegistration_Test.java:58)
at java.base/jdk.internal.reflect.NativeMethodAccessorImpl.invoke0(Native Method)
at java.base/jdk.internal.reflect.NativeMethodAccessorImpl.invoke(NativeMethodAccessorImpl.java:77)
at java.base/jdk.internal.reflect.DelegatingMethodAccessorImpl.invoke(DelegatingMethodAccessorImpl.java:43)
at java.base/java.lang.reflect.Method.invoke(Method.java:568)
at org.testng.internal.MethodInvocationHelper.invokeMethod(MethodInvocationHelper.java:133)
at org.testng.internal.TestInvoker.invokeMethod(TestInvoker.java:598)
at org.testng.internal.TestInvoker.retryFailed(TestInvoker.java:213)
at org.testng.internal.MethodRunner.runInSequence(MethodRunner.java:58)
at org.testng.internal.TestInvoker$MethodInvocationAgent.invoke(TestInvoker.java:824)
at org.testng.internal.TestInvoker.invokeTestMethods(TestInvoker.java:146)
at org.testng.internal.TestMethodWorker.invokeTestMethods(TestMethodWorker.java:146)
at org.testng.internal.TestMethodWorker.run(TestMethodWorker.java:128)
at java.base/java.util.ArrayList.forEach(ArrayList.java:1511)
at org.testng.TestRunner.privateRun(TestRunner.java:794)
at org.testng.TestRunner.run(TestRunner.java:596)
at org.testng.SuiteRunner.runTest(SuiteRunner.java:377)
at org.testng.SuiteRunner.runSequentially(SuiteRunner.java:371)
at org.testng.SuiteRunner.privateRun(SuiteRunner.java:332)
at org.testng.SuiteRunner.run(SuiteRunner.java:276)
at org.testng.SuiteRunnerWorker.runSuite(SuiteRunnerWorker.java:53)
at org.testng.SuiteRunnerWorker.run(SuiteRunnerWorker.java:96)
at org.testng.TestNG.runSuitesSequentially(TestNG.java:1212)
at org.testng.TestNG.runSuitesLocally(TestNG.java:1134)
at org.testng.TestNG.runSuites(TestNG.java:1063)
at org.testng.TestNG.run(TestNG.java:1031)
at org.testng.remote.AbstractRemoteTestNG.run(AbstractRemoteTestNG.java:115)
at org.testng.remote.RemoteTestNG.initAndRun(RemoteTestNG.java:251)
at org.testng.remote.RemoteTestNG.main(RemoteTestNG.java:77)
]]>
    </error>
  </testcase> <!-- C547_Verifyfieldselection -->
  <system-out/>
  <testcase classname="icivics_testcases.I43_GoogleIntegration_Pg2TeacherRegistration_Test" name="C548_Verifyfieldswithinvaliddata" time="5.860">
    <error message="inStream parameter is null" type="java.lang.NullPointerException">
      <![CDATA[java.lang.NullPointerException: inStream parameter is null
at java.base/java.util.Objects.requireNonNull(Objects.java:233)
at java.base/java.util.Properties.load(Properties.java:407)
at selenium.base.SeleniumBase.getPropfile(SeleniumBase.java:1877)
at icivics_pages.GoogleIntegration_Pg2TeacherRegistration.Registrationpage(GoogleIntegration_Pg2TeacherRegistration.java:49)
at icivics_testcases.I43_GoogleIntegration_Pg2TeacherRegistration_Test.C548_Verifyfieldswithinvaliddata(I43_GoogleIntegration_Pg2TeacherRegistration_Test.java:69)
at java.base/jdk.internal.reflect.NativeMethodAccessorImpl.invoke0(Native Method)
at java.base/jdk.internal.reflect.NativeMethodAccessorImpl.invoke(NativeMethodAccessorImpl.java:77)
at java.base/jdk.internal.reflect.DelegatingMethodAccessorImpl.invoke(DelegatingMethodAccessorImpl.java:43)
at java.base/java.lang.reflect.Method.invoke(Method.java:568)
at org.testng.internal.MethodInvocationHelper.invokeMethod(MethodInvocationHelper.java:133)
at org.testng.internal.TestInvoker.invokeMethod(TestInvoker.java:598)
at org.testng.internal.TestInvoker.retryFailed(TestInvoker.java:213)
at org.testng.internal.MethodRunner.runInSequence(MethodRunner.java:58)
at org.testng.internal.TestInvoker$MethodInvocationAgent.invoke(TestInvoker.java:824)
at org.testng.internal.TestInvoker.invokeTestMethods(TestInvoker.java:146)
at org.testng.internal.TestMethodWorker.invokeTestMethods(TestMethodWorker.java:146)
at org.testng.internal.TestMethodWorker.run(TestMethodWorker.java:128)
at java.base/java.util.ArrayList.forEach(ArrayList.java:1511)
at org.testng.TestRunner.privateRun(TestRunner.java:794)
at org.testng.TestRunner.run(TestRunner.java:596)
at org.testng.SuiteRunner.runTest(SuiteRunner.java:377)
at org.testng.SuiteRunner.runSequentially(SuiteRunner.java:371)
at org.testng.SuiteRunner.privateRun(SuiteRunner.java:332)
at org.testng.SuiteRunner.run(SuiteRunner.java:276)
at org.testng.SuiteRunnerWorker.runSuite(SuiteRunnerWorker.java:53)
at org.testng.SuiteRunnerWorker.run(SuiteRunnerWorker.java:96)
at org.testng.TestNG.runSuitesSequentially(TestNG.java:1212)
at org.testng.TestNG.runSuitesLocally(TestNG.java:1134)
at org.testng.TestNG.runSuites(TestNG.java:1063)
at org.testng.TestNG.run(TestNG.java:1031)
at org.testng.remote.AbstractRemoteTestNG.run(AbstractRemoteTestNG.java:115)
at org.testng.remote.RemoteTestNG.initAndRun(RemoteTestNG.java:251)
at org.testng.remote.RemoteTestNG.main(RemoteTestNG.java:77)
]]>
    </error>
  </testcase> <!-- C548_Verifyfieldswithinvaliddata -->
  <system-out/>
  <testcase classname="icivics_testcases.I43_GoogleIntegration_Pg2TeacherRegistration_Test" name="C548_Verifyfieldswithinvaliddata" time="5.836">
    <skipped/>
  </testcase> <!-- C548_Verifyfieldswithinvaliddata -->
  <system-out/>
  <testcase classname="icivics_testcases.I43_GoogleIntegration_Pg2TeacherRegistration_Test" name="C548_Verifyfieldswithinvaliddata" time="6.367">
    <skipped/>
  </testcase> <!-- C548_Verifyfieldswithinvaliddata -->
  <system-out/>
  <testcase classname="icivics_testcases.I43_GoogleIntegration_Pg2TeacherRegistration_Test" name="C548_Verifyfieldswithinvaliddata" time="6.007">
    <skipped/>
  </testcase> <!-- C548_Verifyfieldswithinvaliddata -->
  <system-out/>
  <testcase classname="icivics_testcases.I43_GoogleIntegration_Pg2TeacherRegistration_Test" name="C549_Verifyfieldswithinvaliddata" time="7.833">
    <error message="inStream parameter is null" type="java.lang.NullPointerException">
      <![CDATA[java.lang.NullPointerException: inStream parameter is null
at java.base/java.util.Objects.requireNonNull(Objects.java:233)
at java.base/java.util.Properties.load(Properties.java:407)
at selenium.base.SeleniumBase.getPropfile(SeleniumBase.java:1877)
at icivics_pages.GoogleIntegration_Pg2TeacherRegistration.Registrationpage(GoogleIntegration_Pg2TeacherRegistration.java:49)
at icivics_testcases.I43_GoogleIntegration_Pg2TeacherRegistration_Test.C549_Verifyfieldswithinvaliddata(I43_GoogleIntegration_Pg2TeacherRegistration_Test.java:80)
at java.base/jdk.internal.reflect.NativeMethodAccessorImpl.invoke0(Native Method)
at java.base/jdk.internal.reflect.NativeMethodAccessorImpl.invoke(NativeMethodAccessorImpl.java:77)
at java.base/jdk.internal.reflect.DelegatingMethodAccessorImpl.invoke(DelegatingMethodAccessorImpl.java:43)
at java.base/java.lang.reflect.Method.invoke(Method.java:568)
at org.testng.internal.MethodInvocationHelper.invokeMethod(MethodInvocationHelper.java:133)
at org.testng.internal.TestInvoker.invokeMethod(TestInvoker.java:598)
at org.testng.internal.TestInvoker.retryFailed(TestInvoker.java:213)
at org.testng.internal.MethodRunner.runInSequence(MethodRunner.java:58)
at org.testng.internal.TestInvoker$MethodInvocationAgent.invoke(TestInvoker.java:824)
at org.testng.internal.TestInvoker.invokeTestMethods(TestInvoker.java:146)
at org.testng.internal.TestMethodWorker.invokeTestMethods(TestMethodWorker.java:146)
at org.testng.internal.TestMethodWorker.run(TestMethodWorker.java:128)
at java.base/java.util.ArrayList.forEach(ArrayList.java:1511)
at org.testng.TestRunner.privateRun(TestRunner.java:794)
at org.testng.TestRunner.run(TestRunner.java:596)
at org.testng.SuiteRunner.runTest(SuiteRunner.java:377)
at org.testng.SuiteRunner.runSequentially(SuiteRunner.java:371)
at org.testng.SuiteRunner.privateRun(SuiteRunner.java:332)
at org.testng.SuiteRunner.run(SuiteRunner.java:276)
at org.testng.SuiteRunnerWorker.runSuite(SuiteRunnerWorker.java:53)
at org.testng.SuiteRunnerWorker.run(SuiteRunnerWorker.java:96)
at org.testng.TestNG.runSuitesSequentially(TestNG.java:1212)
at org.testng.TestNG.runSuitesLocally(TestNG.java:1134)
at org.testng.TestNG.runSuites(TestNG.java:1063)
at org.testng.TestNG.run(TestNG.java:1031)
at org.testng.remote.AbstractRemoteTestNG.run(AbstractRemoteTestNG.java:115)
at org.testng.remote.RemoteTestNG.initAndRun(RemoteTestNG.java:251)
at org.testng.remote.RemoteTestNG.main(RemoteTestNG.java:77)
]]>
    </error>
  </testcase> <!-- C549_Verifyfieldswithinvaliddata -->
  <system-out/>
  <testcase classname="icivics_testcases.I43_GoogleIntegration_Pg2TeacherRegistration_Test" name="C549_Verifyfieldswithinvaliddata" time="6.140">
    <skipped/>
  </testcase> <!-- C549_Verifyfieldswithinvaliddata -->
  <system-out/>
  <testcase classname="icivics_testcases.I43_GoogleIntegration_Pg2TeacherRegistration_Test" name="C549_Verifyfieldswithinvaliddata" time="6.095">
    <skipped/>
  </testcase> <!-- C549_Verifyfieldswithinvaliddata -->
  <system-out/>
  <testcase classname="icivics_testcases.I43_GoogleIntegration_Pg2TeacherRegistration_Test" name="C549_Verifyfieldswithinvaliddata" time="6.037">
    <skipped/>
  </testcase> <!-- C549_Verifyfieldswithinvaliddata -->
  <system-out/>
  <testcase classname="icivics_testcases.I43_GoogleIntegration_Pg2TeacherRegistration_Test" name="C550_Verifyfieldswithvaliddata" time="5.849">
    <skipped/>
  </testcase> <!-- C550_Verifyfieldswithvaliddata -->
  <system-out/>
  <testcase classname="icivics_testcases.I43_GoogleIntegration_Pg2TeacherRegistration_Test" name="C550_Verifyfieldswithvaliddata" time="6.108">
    <skipped/>
  </testcase> <!-- C550_Verifyfieldswithvaliddata -->
  <system-out/>
  <testcase classname="icivics_testcases.I43_GoogleIntegration_Pg2TeacherRegistration_Test" name="C550_Verifyfieldswithvaliddata" time="5.871">
    <skipped/>
  </testcase> <!-- C550_Verifyfieldswithvaliddata -->
  <system-out/>
  <testcase classname="icivics_testcases.I43_GoogleIntegration_Pg2TeacherRegistration_Test" name="C550_Verifyfieldswithvaliddata" time="5.653">
    <error message="inStream parameter is null" type="java.lang.NullPointerException">
      <![CDATA[java.lang.NullPointerException: inStream parameter is null
at java.base/java.util.Objects.requireNonNull(Objects.java:233)
at java.base/java.util.Properties.load(Properties.java:407)
at selenium.base.SeleniumBase.getPropfile(SeleniumBase.java:1877)
at icivics_pages.GoogleIntegration_Pg2TeacherRegistration.Registrationpage(GoogleIntegration_Pg2TeacherRegistration.java:49)
at icivics_testcases.I43_GoogleIntegration_Pg2TeacherRegistration_Test.C550_Verifyfieldswithvaliddata(I43_GoogleIntegration_Pg2TeacherRegistration_Test.java:92)
at java.base/jdk.internal.reflect.NativeMethodAccessorImpl.invoke0(Native Method)
at java.base/jdk.internal.reflect.NativeMethodAccessorImpl.invoke(NativeMethodAccessorImpl.java:77)
at java.base/jdk.internal.reflect.DelegatingMethodAccessorImpl.invoke(DelegatingMethodAccessorImpl.java:43)
at java.base/java.lang.reflect.Method.invoke(Method.java:568)
at org.testng.internal.MethodInvocationHelper.invokeMethod(MethodInvocationHelper.java:133)
at org.testng.internal.TestInvoker.invokeMethod(TestInvoker.java:598)
at org.testng.internal.TestInvoker.retryFailed(TestInvoker.java:213)
at org.testng.internal.MethodRunner.runInSequence(MethodRunner.java:58)
at org.testng.internal.TestInvoker$MethodInvocationAgent.invoke(TestInvoker.java:824)
at org.testng.internal.TestInvoker.invokeTestMethods(TestInvoker.java:146)
at org.testng.internal.TestMethodWorker.invokeTestMethods(TestMethodWorker.java:146)
at org.testng.internal.TestMethodWorker.run(TestMethodWorker.java:128)
at java.base/java.util.ArrayList.forEach(ArrayList.java:1511)
at org.testng.TestRunner.privateRun(TestRunner.java:794)
at org.testng.TestRunner.run(TestRunner.java:596)
at org.testng.SuiteRunner.runTest(SuiteRunner.java:377)
at org.testng.SuiteRunner.runSequentially(SuiteRunner.java:371)
at org.testng.SuiteRunner.privateRun(SuiteRunner.java:332)
at org.testng.SuiteRunner.run(SuiteRunner.java:276)
at org.testng.SuiteRunnerWorker.runSuite(SuiteRunnerWorker.java:53)
at org.testng.SuiteRunnerWorker.run(SuiteRunnerWorker.java:96)
at org.testng.TestNG.runSuitesSequentially(TestNG.java:1212)
at org.testng.TestNG.runSuitesLocally(TestNG.java:1134)
at org.testng.TestNG.runSuites(TestNG.java:1063)
at org.testng.TestNG.run(TestNG.java:1031)
at org.testng.remote.AbstractRemoteTestNG.run(AbstractRemoteTestNG.java:115)
at org.testng.remote.RemoteTestNG.initAndRun(RemoteTestNG.java:251)
at org.testng.remote.RemoteTestNG.main(RemoteTestNG.java:77)
]]>
    </error>
  </testcase> <!-- C550_Verifyfieldswithvaliddata -->
  <system-out/>
</testsuite> <!-- icivics_testcases.I43_GoogleIntegration_Pg2TeacherRegistration_Test -->
