<?xml version="1.0" encoding="UTF-8"?>
<!-- Generated by org.testng.reporters.JUnitReportReporter -->
<testsuite hostname="AMX-AL-20-017-W" failures="0" tests="32" name="icivics_testcases.I44_GoogleIntegration_Pg3TeacherRegistration_Test" time="202.307" errors="8" timestamp="2022-09-01T11:32:46 IST" skipped="24">
  <testcase classname="icivics_testcases.I44_GoogleIntegration_Pg3TeacherRegistration_Test" name="C551_Verifypagecount3" time="5.701">
    <error message="inStream parameter is null" type="java.lang.NullPointerException">
      <![CDATA[java.lang.NullPointerException: inStream parameter is null
at java.base/java.util.Objects.requireNonNull(Objects.java:233)
at java.base/java.util.Properties.load(Properties.java:407)
at selenium.base.SeleniumBase.getPropfile(SeleniumBase.java:1877)
at icivics_pages.GoogleIntegration_Pg3TeacherRegistration.Registrationpage1(GoogleIntegration_Pg3TeacherRegistration.java:49)
at icivics_testcases.I44_GoogleIntegration_Pg3TeacherRegistration_Test.C551_Verifypagecount3(I44_GoogleIntegration_Pg3TeacherRegistration_Test.java:27)
at java.base/jdk.internal.reflect.NativeMethodAccessorImpl.invoke0(Native Method)
at java.base/jdk.internal.reflect.NativeMethodAccessorImpl.invoke(NativeMethodAccessorImpl.java:77)
at java.base/jdk.internal.reflect.DelegatingMethodAccessorImpl.invoke(DelegatingMethodAccessorImpl.java:43)
at java.base/java.lang.reflect.Method.invoke(Method.java:568)
at org.testng.internal.MethodInvocationHelper.invokeMethod(MethodInvocationHelper.java:133)
at org.testng.internal.TestInvoker.invokeMethod(TestInvoker.java:598)
at org.testng.internal.TestInvoker.retryFailed(TestInvoker.java:213)
at org.testng.internal.MethodRunner.runInSequence(MethodRunner.java:58)
at org.testng.internal.TestInvoker$MethodInvocationAgent.invoke(TestInvoker.java:824)
at org.testng.internal.TestInvoker.invokeTestMethods(TestInvoker.java:146)
at org.testng.internal.TestMethodWorker.invokeTestMethods(TestMethodWorker.java:146)
at org.testng.internal.TestMethodWorker.run(TestMethodWorker.java:128)
at java.base/java.util.ArrayList.forEach(ArrayList.java:1511)
at org.testng.TestRunner.privateRun(TestRunner.java:794)
at org.testng.TestRunner.run(TestRunner.java:596)
at org.testng.SuiteRunner.runTest(SuiteRunner.java:377)
at org.testng.SuiteRunner.runSequentially(SuiteRunner.java:371)
at org.testng.SuiteRunner.privateRun(SuiteRunner.java:332)
at org.testng.SuiteRunner.run(SuiteRunner.java:276)
at org.testng.SuiteRunnerWorker.runSuite(SuiteRunnerWorker.java:53)
at org.testng.SuiteRunnerWorker.run(SuiteRunnerWorker.java:96)
at org.testng.TestNG.runSuitesSequentially(TestNG.java:1212)
at org.testng.TestNG.runSuitesLocally(TestNG.java:1134)
at org.testng.TestNG.runSuites(TestNG.java:1063)
at org.testng.TestNG.run(TestNG.java:1031)
at org.testng.remote.AbstractRemoteTestNG.run(AbstractRemoteTestNG.java:115)
at org.testng.remote.RemoteTestNG.initAndRun(RemoteTestNG.java:251)
at org.testng.remote.RemoteTestNG.main(RemoteTestNG.java:77)
]]>
    </error>
  </testcase> <!-- C551_Verifypagecount3 -->
  <system-out/>
  <testcase classname="icivics_testcases.I44_GoogleIntegration_Pg3TeacherRegistration_Test" name="C551_Verifypagecount3" time="6.030">
    <skipped/>
  </testcase> <!-- C551_Verifypagecount3 -->
  <system-out/>
  <testcase classname="icivics_testcases.I44_GoogleIntegration_Pg3TeacherRegistration_Test" name="C551_Verifypagecount3" time="6.032">
    <skipped/>
  </testcase> <!-- C551_Verifypagecount3 -->
  <system-out/>
  <testcase classname="icivics_testcases.I44_GoogleIntegration_Pg3TeacherRegistration_Test" name="C551_Verifypagecount3" time="5.859">
    <skipped/>
  </testcase> <!-- C551_Verifypagecount3 -->
  <system-out/>
  <testcase classname="icivics_testcases.I44_GoogleIntegration_Pg3TeacherRegistration_Test" name="C552_Verifypage3fields" time="6.067">
    <skipped/>
  </testcase> <!-- C552_Verifypage3fields -->
  <system-out/>
  <testcase classname="icivics_testcases.I44_GoogleIntegration_Pg3TeacherRegistration_Test" name="C552_Verifypage3fields" time="10.307">
    <skipped/>
  </testcase> <!-- C552_Verifypage3fields -->
  <system-out/>
  <testcase classname="icivics_testcases.I44_GoogleIntegration_Pg3TeacherRegistration_Test" name="C552_Verifypage3fields" time="6.223">
    <error message="inStream parameter is null" type="java.lang.NullPointerException">
      <![CDATA[java.lang.NullPointerException: inStream parameter is null
at java.base/java.util.Objects.requireNonNull(Objects.java:233)
at java.base/java.util.Properties.load(Properties.java:407)
at selenium.base.SeleniumBase.getPropfile(SeleniumBase.java:1877)
at icivics_pages.GoogleIntegration_Pg3TeacherRegistration.Registrationpage1(GoogleIntegration_Pg3TeacherRegistration.java:49)
at icivics_testcases.I44_GoogleIntegration_Pg3TeacherRegistration_Test.C552_Verifypage3fields(I44_GoogleIntegration_Pg3TeacherRegistration_Test.java:38)
at java.base/jdk.internal.reflect.NativeMethodAccessorImpl.invoke0(Native Method)
at java.base/jdk.internal.reflect.NativeMethodAccessorImpl.invoke(NativeMethodAccessorImpl.java:77)
at java.base/jdk.internal.reflect.DelegatingMethodAccessorImpl.invoke(DelegatingMethodAccessorImpl.java:43)
at java.base/java.lang.reflect.Method.invoke(Method.java:568)
at org.testng.internal.MethodInvocationHelper.invokeMethod(MethodInvocationHelper.java:133)
at org.testng.internal.TestInvoker.invokeMethod(TestInvoker.java:598)
at org.testng.internal.TestInvoker.retryFailed(TestInvoker.java:213)
at org.testng.internal.MethodRunner.runInSequence(MethodRunner.java:58)
at org.testng.internal.TestInvoker$MethodInvocationAgent.invoke(TestInvoker.java:824)
at org.testng.internal.TestInvoker.invokeTestMethods(TestInvoker.java:146)
at org.testng.internal.TestMethodWorker.invokeTestMethods(TestMethodWorker.java:146)
at org.testng.internal.TestMethodWorker.run(TestMethodWorker.java:128)
at java.base/java.util.ArrayList.forEach(ArrayList.java:1511)
at org.testng.TestRunner.privateRun(TestRunner.java:794)
at org.testng.TestRunner.run(TestRunner.java:596)
at org.testng.SuiteRunner.runTest(SuiteRunner.java:377)
at org.testng.SuiteRunner.runSequentially(SuiteRunner.java:371)
at org.testng.SuiteRunner.privateRun(SuiteRunner.java:332)
at org.testng.SuiteRunner.run(SuiteRunner.java:276)
at org.testng.SuiteRunnerWorker.runSuite(SuiteRunnerWorker.java:53)
at org.testng.SuiteRunnerWorker.run(SuiteRunnerWorker.java:96)
at org.testng.TestNG.runSuitesSequentially(TestNG.java:1212)
at org.testng.TestNG.runSuitesLocally(TestNG.java:1134)
at org.testng.TestNG.runSuites(TestNG.java:1063)
at org.testng.TestNG.run(TestNG.java:1031)
at org.testng.remote.AbstractRemoteTestNG.run(AbstractRemoteTestNG.java:115)
at org.testng.remote.RemoteTestNG.initAndRun(RemoteTestNG.java:251)
at org.testng.remote.RemoteTestNG.main(RemoteTestNG.java:77)
]]>
    </error>
  </testcase> <!-- C552_Verifypage3fields -->
  <system-out/>
  <testcase classname="icivics_testcases.I44_GoogleIntegration_Pg3TeacherRegistration_Test" name="C552_Verifypage3fields" time="5.811">
    <skipped/>
  </testcase> <!-- C552_Verifypage3fields -->
  <system-out/>
  <testcase classname="icivics_testcases.I44_GoogleIntegration_Pg3TeacherRegistration_Test" name="C553_Verifybackbutton" time="6.840">
    <skipped/>
  </testcase> <!-- C553_Verifybackbutton -->
  <system-out/>
  <testcase classname="icivics_testcases.I44_GoogleIntegration_Pg3TeacherRegistration_Test" name="C553_Verifybackbutton" time="5.875">
    <skipped/>
  </testcase> <!-- C553_Verifybackbutton -->
  <system-out/>
  <testcase classname="icivics_testcases.I44_GoogleIntegration_Pg3TeacherRegistration_Test" name="C553_Verifybackbutton" time="5.903">
    <error message="inStream parameter is null" type="java.lang.NullPointerException">
      <![CDATA[java.lang.NullPointerException: inStream parameter is null
at java.base/java.util.Objects.requireNonNull(Objects.java:233)
at java.base/java.util.Properties.load(Properties.java:407)
at selenium.base.SeleniumBase.getPropfile(SeleniumBase.java:1877)
at icivics_pages.GoogleIntegration_Pg3TeacherRegistration.Registrationpage1(GoogleIntegration_Pg3TeacherRegistration.java:49)
at icivics_testcases.I44_GoogleIntegration_Pg3TeacherRegistration_Test.C553_Verifybackbutton(I44_GoogleIntegration_Pg3TeacherRegistration_Test.java:46)
at java.base/jdk.internal.reflect.NativeMethodAccessorImpl.invoke0(Native Method)
at java.base/jdk.internal.reflect.NativeMethodAccessorImpl.invoke(NativeMethodAccessorImpl.java:77)
at java.base/jdk.internal.reflect.DelegatingMethodAccessorImpl.invoke(DelegatingMethodAccessorImpl.java:43)
at java.base/java.lang.reflect.Method.invoke(Method.java:568)
at org.testng.internal.MethodInvocationHelper.invokeMethod(MethodInvocationHelper.java:133)
at org.testng.internal.TestInvoker.invokeMethod(TestInvoker.java:598)
at org.testng.internal.TestInvoker.retryFailed(TestInvoker.java:213)
at org.testng.internal.MethodRunner.runInSequence(MethodRunner.java:58)
at org.testng.internal.TestInvoker$MethodInvocationAgent.invoke(TestInvoker.java:824)
at org.testng.internal.TestInvoker.invokeTestMethods(TestInvoker.java:146)
at org.testng.internal.TestMethodWorker.invokeTestMethods(TestMethodWorker.java:146)
at org.testng.internal.TestMethodWorker.run(TestMethodWorker.java:128)
at java.base/java.util.ArrayList.forEach(ArrayList.java:1511)
at org.testng.TestRunner.privateRun(TestRunner.java:794)
at org.testng.TestRunner.run(TestRunner.java:596)
at org.testng.SuiteRunner.runTest(SuiteRunner.java:377)
at org.testng.SuiteRunner.runSequentially(SuiteRunner.java:371)
at org.testng.SuiteRunner.privateRun(SuiteRunner.java:332)
at org.testng.SuiteRunner.run(SuiteRunner.java:276)
at org.testng.SuiteRunnerWorker.runSuite(SuiteRunnerWorker.java:53)
at org.testng.SuiteRunnerWorker.run(SuiteRunnerWorker.java:96)
at org.testng.TestNG.runSuitesSequentially(TestNG.java:1212)
at org.testng.TestNG.runSuitesLocally(TestNG.java:1134)
at org.testng.TestNG.runSuites(TestNG.java:1063)
at org.testng.TestNG.run(TestNG.java:1031)
at org.testng.remote.AbstractRemoteTestNG.run(AbstractRemoteTestNG.java:115)
at org.testng.remote.RemoteTestNG.initAndRun(RemoteTestNG.java:251)
at org.testng.remote.RemoteTestNG.main(RemoteTestNG.java:77)
]]>
    </error>
  </testcase> <!-- C553_Verifybackbutton -->
  <system-out/>
  <testcase classname="icivics_testcases.I44_GoogleIntegration_Pg3TeacherRegistration_Test" name="C553_Verifybackbutton" time="6.239">
    <skipped/>
  </testcase> <!-- C553_Verifybackbutton -->
  <system-out/>
  <testcase classname="icivics_testcases.I44_GoogleIntegration_Pg3TeacherRegistration_Test" name="C554_Verifygettingstartedpagewithemailcheck1" time="6.353">
    <skipped/>
  </testcase> <!-- C554_Verifygettingstartedpagewithemailcheck1 -->
  <system-out/>
  <testcase classname="icivics_testcases.I44_GoogleIntegration_Pg3TeacherRegistration_Test" name="C554_Verifygettingstartedpagewithemailcheck1" time="5.955">
    <error message="inStream parameter is null" type="java.lang.NullPointerException">
      <![CDATA[java.lang.NullPointerException: inStream parameter is null
at java.base/java.util.Objects.requireNonNull(Objects.java:233)
at java.base/java.util.Properties.load(Properties.java:407)
at selenium.base.SeleniumBase.getPropfile(SeleniumBase.java:1877)
at icivics_pages.GoogleIntegration_Pg3TeacherRegistration.Registrationpage1(GoogleIntegration_Pg3TeacherRegistration.java:49)
at icivics_testcases.I44_GoogleIntegration_Pg3TeacherRegistration_Test.C554_Verifygettingstartedpagewithemailcheck1(I44_GoogleIntegration_Pg3TeacherRegistration_Test.java:55)
at java.base/jdk.internal.reflect.NativeMethodAccessorImpl.invoke0(Native Method)
at java.base/jdk.internal.reflect.NativeMethodAccessorImpl.invoke(NativeMethodAccessorImpl.java:77)
at java.base/jdk.internal.reflect.DelegatingMethodAccessorImpl.invoke(DelegatingMethodAccessorImpl.java:43)
at java.base/java.lang.reflect.Method.invoke(Method.java:568)
at org.testng.internal.MethodInvocationHelper.invokeMethod(MethodInvocationHelper.java:133)
at org.testng.internal.TestInvoker.invokeMethod(TestInvoker.java:598)
at org.testng.internal.TestInvoker.retryFailed(TestInvoker.java:213)
at org.testng.internal.MethodRunner.runInSequence(MethodRunner.java:58)
at org.testng.internal.TestInvoker$MethodInvocationAgent.invoke(TestInvoker.java:824)
at org.testng.internal.TestInvoker.invokeTestMethods(TestInvoker.java:146)
at org.testng.internal.TestMethodWorker.invokeTestMethods(TestMethodWorker.java:146)
at org.testng.internal.TestMethodWorker.run(TestMethodWorker.java:128)
at java.base/java.util.ArrayList.forEach(ArrayList.java:1511)
at org.testng.TestRunner.privateRun(TestRunner.java:794)
at org.testng.TestRunner.run(TestRunner.java:596)
at org.testng.SuiteRunner.runTest(SuiteRunner.java:377)
at org.testng.SuiteRunner.runSequentially(SuiteRunner.java:371)
at org.testng.SuiteRunner.privateRun(SuiteRunner.java:332)
at org.testng.SuiteRunner.run(SuiteRunner.java:276)
at org.testng.SuiteRunnerWorker.runSuite(SuiteRunnerWorker.java:53)
at org.testng.SuiteRunnerWorker.run(SuiteRunnerWorker.java:96)
at org.testng.TestNG.runSuitesSequentially(TestNG.java:1212)
at org.testng.TestNG.runSuitesLocally(TestNG.java:1134)
at org.testng.TestNG.runSuites(TestNG.java:1063)
at org.testng.TestNG.run(TestNG.java:1031)
at org.testng.remote.AbstractRemoteTestNG.run(AbstractRemoteTestNG.java:115)
at org.testng.remote.RemoteTestNG.initAndRun(RemoteTestNG.java:251)
at org.testng.remote.RemoteTestNG.main(RemoteTestNG.java:77)
]]>
    </error>
  </testcase> <!-- C554_Verifygettingstartedpagewithemailcheck1 -->
  <system-out/>
  <testcase classname="icivics_testcases.I44_GoogleIntegration_Pg3TeacherRegistration_Test" name="C554_Verifygettingstartedpagewithemailcheck1" time="5.839">
    <skipped/>
  </testcase> <!-- C554_Verifygettingstartedpagewithemailcheck1 -->
  <system-out/>
  <testcase classname="icivics_testcases.I44_GoogleIntegration_Pg3TeacherRegistration_Test" name="C554_Verifygettingstartedpagewithemailcheck1" time="6.022">
    <skipped/>
  </testcase> <!-- C554_Verifygettingstartedpagewithemailcheck1 -->
  <system-out/>
  <testcase classname="icivics_testcases.I44_GoogleIntegration_Pg3TeacherRegistration_Test" name="C555_Verifygettingstartedpagewithemailcheck" time="6.342">
    <error message="inStream parameter is null" type="java.lang.NullPointerException">
      <![CDATA[java.lang.NullPointerException: inStream parameter is null
at java.base/java.util.Objects.requireNonNull(Objects.java:233)
at java.base/java.util.Properties.load(Properties.java:407)
at selenium.base.SeleniumBase.getPropfile(SeleniumBase.java:1877)
at icivics_pages.GoogleIntegration_Pg3TeacherRegistration.Registrationpage1(GoogleIntegration_Pg3TeacherRegistration.java:49)
at icivics_testcases.I44_GoogleIntegration_Pg3TeacherRegistration_Test.C555_Verifygettingstartedpagewithemailcheck(I44_GoogleIntegration_Pg3TeacherRegistration_Test.java:66)
at java.base/jdk.internal.reflect.NativeMethodAccessorImpl.invoke0(Native Method)
at java.base/jdk.internal.reflect.NativeMethodAccessorImpl.invoke(NativeMethodAccessorImpl.java:77)
at java.base/jdk.internal.reflect.DelegatingMethodAccessorImpl.invoke(DelegatingMethodAccessorImpl.java:43)
at java.base/java.lang.reflect.Method.invoke(Method.java:568)
at org.testng.internal.MethodInvocationHelper.invokeMethod(MethodInvocationHelper.java:133)
at org.testng.internal.TestInvoker.invokeMethod(TestInvoker.java:598)
at org.testng.internal.TestInvoker.retryFailed(TestInvoker.java:213)
at org.testng.internal.MethodRunner.runInSequence(MethodRunner.java:58)
at org.testng.internal.TestInvoker$MethodInvocationAgent.invoke(TestInvoker.java:824)
at org.testng.internal.TestInvoker.invokeTestMethods(TestInvoker.java:146)
at org.testng.internal.TestMethodWorker.invokeTestMethods(TestMethodWorker.java:146)
at org.testng.internal.TestMethodWorker.run(TestMethodWorker.java:128)
at java.base/java.util.ArrayList.forEach(ArrayList.java:1511)
at org.testng.TestRunner.privateRun(TestRunner.java:794)
at org.testng.TestRunner.run(TestRunner.java:596)
at org.testng.SuiteRunner.runTest(SuiteRunner.java:377)
at org.testng.SuiteRunner.runSequentially(SuiteRunner.java:371)
at org.testng.SuiteRunner.privateRun(SuiteRunner.java:332)
at org.testng.SuiteRunner.run(SuiteRunner.java:276)
at org.testng.SuiteRunnerWorker.runSuite(SuiteRunnerWorker.java:53)
at org.testng.SuiteRunnerWorker.run(SuiteRunnerWorker.java:96)
at org.testng.TestNG.runSuitesSequentially(TestNG.java:1212)
at org.testng.TestNG.runSuitesLocally(TestNG.java:1134)
at org.testng.TestNG.runSuites(TestNG.java:1063)
at org.testng.TestNG.run(TestNG.java:1031)
at org.testng.remote.AbstractRemoteTestNG.run(AbstractRemoteTestNG.java:115)
at org.testng.remote.RemoteTestNG.initAndRun(RemoteTestNG.java:251)
at org.testng.remote.RemoteTestNG.main(RemoteTestNG.java:77)
]]>
    </error>
  </testcase> <!-- C555_Verifygettingstartedpagewithemailcheck -->
  <system-out/>
  <testcase classname="icivics_testcases.I44_GoogleIntegration_Pg3TeacherRegistration_Test" name="C555_Verifygettingstartedpagewithemailcheck" time="6.276">
    <skipped/>
  </testcase> <!-- C555_Verifygettingstartedpagewithemailcheck -->
  <system-out/>
  <testcase classname="icivics_testcases.I44_GoogleIntegration_Pg3TeacherRegistration_Test" name="C555_Verifygettingstartedpagewithemailcheck" time="6.385">
    <skipped/>
  </testcase> <!-- C555_Verifygettingstartedpagewithemailcheck -->
  <system-out/>
  <testcase classname="icivics_testcases.I44_GoogleIntegration_Pg3TeacherRegistration_Test" name="C555_Verifygettingstartedpagewithemailcheck" time="7.290">
    <skipped/>
  </testcase> <!-- C555_Verifygettingstartedpagewithemailcheck -->
  <system-out/>
  <testcase classname="icivics_testcases.I44_GoogleIntegration_Pg3TeacherRegistration_Test" name="C555_Verifygettingstartedpagewithemailuncheck" time="6.515">
    <skipped/>
  </testcase> <!-- C555_Verifygettingstartedpagewithemailuncheck -->
  <system-out/>
  <testcase classname="icivics_testcases.I44_GoogleIntegration_Pg3TeacherRegistration_Test" name="C555_Verifygettingstartedpagewithemailuncheck" time="6.358">
    <skipped/>
  </testcase> <!-- C555_Verifygettingstartedpagewithemailuncheck -->
  <system-out/>
  <testcase classname="icivics_testcases.I44_GoogleIntegration_Pg3TeacherRegistration_Test" name="C555_Verifygettingstartedpagewithemailuncheck" time="6.291">
    <error message="inStream parameter is null" type="java.lang.NullPointerException">
      <![CDATA[java.lang.NullPointerException: inStream parameter is null
at java.base/java.util.Objects.requireNonNull(Objects.java:233)
at java.base/java.util.Properties.load(Properties.java:407)
at selenium.base.SeleniumBase.getPropfile(SeleniumBase.java:1877)
at icivics_pages.GoogleIntegration_Pg3TeacherRegistration.verifydeleteuserfrombackend(GoogleIntegration_Pg3TeacherRegistration.java:260)
at icivics_testcases.I44_GoogleIntegration_Pg3TeacherRegistration_Test.C555_Verifygettingstartedpagewithemailuncheck(I44_GoogleIntegration_Pg3TeacherRegistration_Test.java:77)
at java.base/jdk.internal.reflect.NativeMethodAccessorImpl.invoke0(Native Method)
at java.base/jdk.internal.reflect.NativeMethodAccessorImpl.invoke(NativeMethodAccessorImpl.java:77)
at java.base/jdk.internal.reflect.DelegatingMethodAccessorImpl.invoke(DelegatingMethodAccessorImpl.java:43)
at java.base/java.lang.reflect.Method.invoke(Method.java:568)
at org.testng.internal.MethodInvocationHelper.invokeMethod(MethodInvocationHelper.java:133)
at org.testng.internal.TestInvoker.invokeMethod(TestInvoker.java:598)
at org.testng.internal.TestInvoker.retryFailed(TestInvoker.java:213)
at org.testng.internal.MethodRunner.runInSequence(MethodRunner.java:58)
at org.testng.internal.TestInvoker$MethodInvocationAgent.invoke(TestInvoker.java:824)
at org.testng.internal.TestInvoker.invokeTestMethods(TestInvoker.java:146)
at org.testng.internal.TestMethodWorker.invokeTestMethods(TestMethodWorker.java:146)
at org.testng.internal.TestMethodWorker.run(TestMethodWorker.java:128)
at java.base/java.util.ArrayList.forEach(ArrayList.java:1511)
at org.testng.TestRunner.privateRun(TestRunner.java:794)
at org.testng.TestRunner.run(TestRunner.java:596)
at org.testng.SuiteRunner.runTest(SuiteRunner.java:377)
at org.testng.SuiteRunner.runSequentially(SuiteRunner.java:371)
at org.testng.SuiteRunner.privateRun(SuiteRunner.java:332)
at org.testng.SuiteRunner.run(SuiteRunner.java:276)
at org.testng.SuiteRunnerWorker.runSuite(SuiteRunnerWorker.java:53)
at org.testng.SuiteRunnerWorker.run(SuiteRunnerWorker.java:96)
at org.testng.TestNG.runSuitesSequentially(TestNG.java:1212)
at org.testng.TestNG.runSuitesLocally(TestNG.java:1134)
at org.testng.TestNG.runSuites(TestNG.java:1063)
at org.testng.TestNG.run(TestNG.java:1031)
at org.testng.remote.AbstractRemoteTestNG.run(AbstractRemoteTestNG.java:115)
at org.testng.remote.RemoteTestNG.initAndRun(RemoteTestNG.java:251)
at org.testng.remote.RemoteTestNG.main(RemoteTestNG.java:77)
]]>
    </error>
  </testcase> <!-- C555_Verifygettingstartedpagewithemailuncheck -->
  <system-out/>
  <testcase classname="icivics_testcases.I44_GoogleIntegration_Pg3TeacherRegistration_Test" name="C555_Verifygettingstartedpagewithemailuncheck" time="6.199">
    <skipped/>
  </testcase> <!-- C555_Verifygettingstartedpagewithemailuncheck -->
  <system-out/>
  <testcase classname="icivics_testcases.I44_GoogleIntegration_Pg3TeacherRegistration_Test" name="C556_Verifysynccheckboxwithemailcheck" time="5.770">
    <skipped/>
  </testcase> <!-- C556_Verifysynccheckboxwithemailcheck -->
  <system-out/>
  <testcase classname="icivics_testcases.I44_GoogleIntegration_Pg3TeacherRegistration_Test" name="C556_Verifysynccheckboxwithemailcheck" time="5.862">
    <skipped/>
  </testcase> <!-- C556_Verifysynccheckboxwithemailcheck -->
  <system-out/>
  <testcase classname="icivics_testcases.I44_GoogleIntegration_Pg3TeacherRegistration_Test" name="C556_Verifysynccheckboxwithemailcheck" time="7.288">
    <error message="inStream parameter is null" type="java.lang.NullPointerException">
      <![CDATA[java.lang.NullPointerException: inStream parameter is null
at java.base/java.util.Objects.requireNonNull(Objects.java:233)
at java.base/java.util.Properties.load(Properties.java:407)
at selenium.base.SeleniumBase.getPropfile(SeleniumBase.java:1877)
at icivics_pages.GoogleIntegration_Pg3TeacherRegistration.verifydeleteuserfrombackend(GoogleIntegration_Pg3TeacherRegistration.java:260)
at icivics_testcases.I44_GoogleIntegration_Pg3TeacherRegistration_Test.C556_Verifysynccheckboxwithemailcheck(I44_GoogleIntegration_Pg3TeacherRegistration_Test.java:89)
at java.base/jdk.internal.reflect.NativeMethodAccessorImpl.invoke0(Native Method)
at java.base/jdk.internal.reflect.NativeMethodAccessorImpl.invoke(NativeMethodAccessorImpl.java:77)
at java.base/jdk.internal.reflect.DelegatingMethodAccessorImpl.invoke(DelegatingMethodAccessorImpl.java:43)
at java.base/java.lang.reflect.Method.invoke(Method.java:568)
at org.testng.internal.MethodInvocationHelper.invokeMethod(MethodInvocationHelper.java:133)
at org.testng.internal.TestInvoker.invokeMethod(TestInvoker.java:598)
at org.testng.internal.TestInvoker.retryFailed(TestInvoker.java:213)
at org.testng.internal.MethodRunner.runInSequence(MethodRunner.java:58)
at org.testng.internal.TestInvoker$MethodInvocationAgent.invoke(TestInvoker.java:824)
at org.testng.internal.TestInvoker.invokeTestMethods(TestInvoker.java:146)
at org.testng.internal.TestMethodWorker.invokeTestMethods(TestMethodWorker.java:146)
at org.testng.internal.TestMethodWorker.run(TestMethodWorker.java:128)
at java.base/java.util.ArrayList.forEach(ArrayList.java:1511)
at org.testng.TestRunner.privateRun(TestRunner.java:794)
at org.testng.TestRunner.run(TestRunner.java:596)
at org.testng.SuiteRunner.runTest(SuiteRunner.java:377)
at org.testng.SuiteRunner.runSequentially(SuiteRunner.java:371)
at org.testng.SuiteRunner.privateRun(SuiteRunner.java:332)
at org.testng.SuiteRunner.run(SuiteRunner.java:276)
at org.testng.SuiteRunnerWorker.runSuite(SuiteRunnerWorker.java:53)
at org.testng.SuiteRunnerWorker.run(SuiteRunnerWorker.java:96)
at org.testng.TestNG.runSuitesSequentially(TestNG.java:1212)
at org.testng.TestNG.runSuitesLocally(TestNG.java:1134)
at org.testng.TestNG.runSuites(TestNG.java:1063)
at org.testng.TestNG.run(TestNG.java:1031)
at org.testng.remote.AbstractRemoteTestNG.run(AbstractRemoteTestNG.java:115)
at org.testng.remote.RemoteTestNG.initAndRun(RemoteTestNG.java:251)
at org.testng.remote.RemoteTestNG.main(RemoteTestNG.java:77)
]]>
    </error>
  </testcase> <!-- C556_Verifysynccheckboxwithemailcheck -->
  <system-out/>
  <testcase classname="icivics_testcases.I44_GoogleIntegration_Pg3TeacherRegistration_Test" name="C556_Verifysynccheckboxwithemailcheck" time="6.059">
    <skipped/>
  </testcase> <!-- C556_Verifysynccheckboxwithemailcheck -->
  <system-out/>
  <testcase classname="icivics_testcases.I44_GoogleIntegration_Pg3TeacherRegistration_Test" name="C556_Verifysynccheckboxwithemailuncheck" time="5.928">
    <skipped/>
  </testcase> <!-- C556_Verifysynccheckboxwithemailuncheck -->
  <system-out/>
  <testcase classname="icivics_testcases.I44_GoogleIntegration_Pg3TeacherRegistration_Test" name="C556_Verifysynccheckboxwithemailuncheck" time="5.894">
    <error message="inStream parameter is null" type="java.lang.NullPointerException">
      <![CDATA[java.lang.NullPointerException: inStream parameter is null
at java.base/java.util.Objects.requireNonNull(Objects.java:233)
at java.base/java.util.Properties.load(Properties.java:407)
at selenium.base.SeleniumBase.getPropfile(SeleniumBase.java:1877)
at icivics_pages.GoogleIntegration_Pg3TeacherRegistration.verifydeleteuserfrombackend(GoogleIntegration_Pg3TeacherRegistration.java:260)
at icivics_testcases.I44_GoogleIntegration_Pg3TeacherRegistration_Test.C556_Verifysynccheckboxwithemailuncheck(I44_GoogleIntegration_Pg3TeacherRegistration_Test.java:101)
at java.base/jdk.internal.reflect.NativeMethodAccessorImpl.invoke0(Native Method)
at java.base/jdk.internal.reflect.NativeMethodAccessorImpl.invoke(NativeMethodAccessorImpl.java:77)
at java.base/jdk.internal.reflect.DelegatingMethodAccessorImpl.invoke(DelegatingMethodAccessorImpl.java:43)
at java.base/java.lang.reflect.Method.invoke(Method.java:568)
at org.testng.internal.MethodInvocationHelper.invokeMethod(MethodInvocationHelper.java:133)
at org.testng.internal.TestInvoker.invokeMethod(TestInvoker.java:598)
at org.testng.internal.TestInvoker.retryFailed(TestInvoker.java:213)
at org.testng.internal.MethodRunner.runInSequence(MethodRunner.java:58)
at org.testng.internal.TestInvoker$MethodInvocationAgent.invoke(TestInvoker.java:824)
at org.testng.internal.TestInvoker.invokeTestMethods(TestInvoker.java:146)
at org.testng.internal.TestMethodWorker.invokeTestMethods(TestMethodWorker.java:146)
at org.testng.internal.TestMethodWorker.run(TestMethodWorker.java:128)
at java.base/java.util.ArrayList.forEach(ArrayList.java:1511)
at org.testng.TestRunner.privateRun(TestRunner.java:794)
at org.testng.TestRunner.run(TestRunner.java:596)
at org.testng.SuiteRunner.runTest(SuiteRunner.java:377)
at org.testng.SuiteRunner.runSequentially(SuiteRunner.java:371)
at org.testng.SuiteRunner.privateRun(SuiteRunner.java:332)
at org.testng.SuiteRunner.run(SuiteRunner.java:276)
at org.testng.SuiteRunnerWorker.runSuite(SuiteRunnerWorker.java:53)
at org.testng.SuiteRunnerWorker.run(SuiteRunnerWorker.java:96)
at org.testng.TestNG.runSuitesSequentially(TestNG.java:1212)
at org.testng.TestNG.runSuitesLocally(TestNG.java:1134)
at org.testng.TestNG.runSuites(TestNG.java:1063)
at org.testng.TestNG.run(TestNG.java:1031)
at org.testng.remote.AbstractRemoteTestNG.run(AbstractRemoteTestNG.java:115)
at org.testng.remote.RemoteTestNG.initAndRun(RemoteTestNG.java:251)
at org.testng.remote.RemoteTestNG.main(RemoteTestNG.java:77)
]]>
    </error>
  </testcase> <!-- C556_Verifysynccheckboxwithemailuncheck -->
  <system-out/>
  <testcase classname="icivics_testcases.I44_GoogleIntegration_Pg3TeacherRegistration_Test" name="C556_Verifysynccheckboxwithemailuncheck" time="6.236">
    <skipped/>
  </testcase> <!-- C556_Verifysynccheckboxwithemailuncheck -->
  <system-out/>
  <testcase classname="icivics_testcases.I44_GoogleIntegration_Pg3TeacherRegistration_Test" name="C556_Verifysynccheckboxwithemailuncheck" time="6.558">
    <skipped/>
  </testcase> <!-- C556_Verifysynccheckboxwithemailuncheck -->
  <system-out/>
</testsuite> <!-- icivics_testcases.I44_GoogleIntegration_Pg3TeacherRegistration_Test -->
