<?xml version="1.0" encoding="UTF-8"?>
<!-- Generated by org.testng.reporters.JUnitReportReporter -->
<testsuite hostname="AMX-AL-20-017-W" failures="0" tests="17" name="icivics_testcases.I52_PH_MainsGamePage_Test" time="679.998" errors="1" timestamp="2022-08-30T19:08:05 IST" skipped="3">
  <testcase classname="icivics_testcases.I52_PH_MainsGamePage_Test" name="C73_Verifymainsgamepage" time="28.872">
    <skipped/>
  </testcase> <!-- C73_Verifymainsgamepage -->
  <system-out/>
  <testcase classname="icivics_testcases.I52_PH_MainsGamePage_Test" name="C73_Verifymainsgamepage" time="25.055">
    <skipped/>
  </testcase> <!-- C73_Verifymainsgamepage -->
  <system-out/>
  <testcase classname="icivics_testcases.I52_PH_MainsGamePage_Test" name="C73_Verifymainsgamepage" time="26.388">
    <skipped/>
  </testcase> <!-- C73_Verifymainsgamepage -->
  <system-out/>
  <testcase classname="icivics_testcases.I52_PH_MainsGamePage_Test" name="C73_Verifymainsgamepage" time="28.473">
    <error message="Index 5 out of bounds for length 5" type="java.lang.IndexOutOfBoundsException">
      <![CDATA[java.lang.IndexOutOfBoundsException: Index 5 out of bounds for length 5
at java.base/jdk.internal.util.Preconditions.outOfBounds(Preconditions.java:64)
at java.base/jdk.internal.util.Preconditions.outOfBoundsCheckIndex(Preconditions.java:70)
at java.base/jdk.internal.util.Preconditions.checkIndex(Preconditions.java:266)
at java.base/java.util.Objects.checkIndex(Objects.java:359)
at java.base/java.util.ArrayList.get(ArrayList.java:427)
at icivics_pages.PH_MainsGamePage.Verifygamecarousel(PH_MainsGamePage.java:60)
at icivics_testcases.I52_PH_MainsGamePage_Test.C73_Verifymainsgamepage(I52_PH_MainsGamePage_Test.java:27)
at java.base/jdk.internal.reflect.NativeMethodAccessorImpl.invoke0(Native Method)
at java.base/jdk.internal.reflect.NativeMethodAccessorImpl.invoke(NativeMethodAccessorImpl.java:77)
at java.base/jdk.internal.reflect.DelegatingMethodAccessorImpl.invoke(DelegatingMethodAccessorImpl.java:43)
at java.base/java.lang.reflect.Method.invoke(Method.java:568)
at org.testng.internal.MethodInvocationHelper.invokeMethod(MethodInvocationHelper.java:133)
at org.testng.internal.TestInvoker.invokeMethod(TestInvoker.java:598)
at org.testng.internal.TestInvoker.retryFailed(TestInvoker.java:213)
at org.testng.internal.MethodRunner.runInSequence(MethodRunner.java:58)
at org.testng.internal.TestInvoker$MethodInvocationAgent.invoke(TestInvoker.java:824)
at org.testng.internal.TestInvoker.invokeTestMethods(TestInvoker.java:146)
at org.testng.internal.TestMethodWorker.invokeTestMethods(TestMethodWorker.java:146)
at org.testng.internal.TestMethodWorker.run(TestMethodWorker.java:128)
at java.base/java.util.ArrayList.forEach(ArrayList.java:1511)
at org.testng.TestRunner.privateRun(TestRunner.java:794)
at org.testng.TestRunner.run(TestRunner.java:596)
at org.testng.SuiteRunner.runTest(SuiteRunner.java:377)
at org.testng.SuiteRunner.runSequentially(SuiteRunner.java:371)
at org.testng.SuiteRunner.privateRun(SuiteRunner.java:332)
at org.testng.SuiteRunner.run(SuiteRunner.java:276)
at org.testng.SuiteRunnerWorker.runSuite(SuiteRunnerWorker.java:53)
at org.testng.SuiteRunnerWorker.run(SuiteRunnerWorker.java:96)
at org.testng.TestNG.runSuitesSequentially(TestNG.java:1212)
at org.testng.TestNG.runSuitesLocally(TestNG.java:1134)
at org.testng.TestNG.runSuites(TestNG.java:1063)
at org.testng.TestNG.run(TestNG.java:1031)
at org.testng.remote.AbstractRemoteTestNG.run(AbstractRemoteTestNG.java:115)
at org.testng.remote.RemoteTestNG.initAndRun(RemoteTestNG.java:251)
at org.testng.remote.RemoteTestNG.main(RemoteTestNG.java:77)
]]>
    </error>
  </testcase> <!-- C73_Verifymainsgamepage -->
  <system-out/>
  <testcase classname="icivics_testcases.I52_PH_MainsGamePage_Test" name="C73_Verifyleftcarousel" time="13.485"/>
  <system-out/>
  <testcase classname="icivics_testcases.I52_PH_MainsGamePage_Test" name="C73_Verifyrightcarousel" time="15.027"/>
  <system-out/>
  <testcase classname="icivics_testcases.I52_PH_MainsGamePage_Test" name="C73_Verifycarouseldots" time="61.433"/>
  <system-out/>
  <testcase classname="icivics_testcases.I52_PH_MainsGamePage_Test" name="C73_Verifycarouseldots3rdpage" time="10.943"/>
  <system-out/>
  <testcase classname="icivics_testcases.I52_PH_MainsGamePage_Test" name="C73_Verifybannerasananonymoususer" time="11.250"/>
  <system-out/>
  <testcase classname="icivics_testcases.I52_PH_MainsGamePage_Test" name="C73_Verifybannerasastudentlogin" time="48.105"/>
  <system-out/>
  <testcase classname="icivics_testcases.I52_PH_MainsGamePage_Test" name="C73_Verifybannerasateacherlogin" time="30.608"/>
  <system-out/>
  <testcase classname="icivics_testcases.I52_PH_MainsGamePage_Test" name="C73_Verifyregisterbuttonclick" time="19.895"/>
  <system-out/>
  <testcase classname="icivics_testcases.I52_PH_MainsGamePage_Test" name="C73_VerifygamesTiles" time="68.693"/>
  <system-out/>
  <testcase classname="icivics_testcases.I52_PH_MainsGamePage_Test" name="C73_VerifygamesTilesclick" time="237.855"/>
  <system-out/>
  <testcase classname="icivics_testcases.I52_PH_MainsGamePage_Test" name="C73_Verifygreenteachertile" time="19.443"/>
  <system-out/>
  <testcase classname="icivics_testcases.I52_PH_MainsGamePage_Test" name="C73_Verifyteachbutton" time="15.714"/>
  <system-out/>
  <testcase classname="icivics_testcases.I52_PH_MainsGamePage_Test" name="C73_Verifygetstartedbutton" time="18.759"/>
  <system-out/>
</testsuite> <!-- icivics_testcases.I52_PH_MainsGamePage_Test -->
