<?xml version="1.0" encoding="UTF-8"?>
<!-- Generated by org.testng.reporters.JUnitReportReporter -->
<testsuite hostname="AMX-AL-20-017-W" failures="0" tests="17" name="icivics_testcases.I51_PlayHub_MainsGamePage_Test" time="409.442" errors="1" timestamp="2022-09-01T11:32:46 IST" skipped="3">
  <testcase classname="icivics_testcases.I51_PlayHub_MainsGamePage_Test" name="C73_Verifymainsgamepage" time="26.966"/>
  <system-out/>
  <testcase classname="icivics_testcases.I51_PlayHub_MainsGamePage_Test" name="C73_Verifyleftcarousel" time="16.662"/>
  <system-out/>
  <testcase classname="icivics_testcases.I51_PlayHub_MainsGamePage_Test" name="C73_Verifyrightcarousel" time="10.796"/>
  <system-out/>
  <testcase classname="icivics_testcases.I51_PlayHub_MainsGamePage_Test" name="C73_Verifycarouseldots" time="40.464"/>
  <system-out/>
  <testcase classname="icivics_testcases.I51_PlayHub_MainsGamePage_Test" name="C73_Verifycarouseldots3rdpage" time="9.686"/>
  <system-out/>
  <testcase classname="icivics_testcases.I51_PlayHub_MainsGamePage_Test" name="C73_Verifybannerasananonymoususer" time="11.421"/>
  <system-out/>
  <testcase classname="icivics_testcases.I51_PlayHub_MainsGamePage_Test" name="C73_Verifybannerasastudentlogin" time="10.758">
    <error message="element not interactable
  (Session info: chrome=104.0.5112.102)
Build info: version: &#039;4.3.0&#039;, revision: &#039;a4995e2c09*&#039;
System info: host: &#039;AMX-AL-20-017-W&#039;, ip: &#039;10.10.7.1&#039;, os.name: &#039;Windows 11&#039;, os.arch: &#039;amd64&#039;, os.version: &#039;10.0&#039;, java.version: &#039;17.0.3&#039;
Driver info: org.openqa.selenium.chrome.ChromeDriver
Command: [1ba094c5287530b136664d1785b45776, sendKeysToElement {id=b52be778-ce0a-4eca-9970-842b8d25e68b, value=[Ljava.lang.CharSequence;@69d295c0}]
Capabilities {acceptInsecureCerts: false, browserName: chrome, browserVersion: 104.0.5112.102, chrome: {chromedriverVersion: 104.0.5112.79 (3cf3e8c8a07d..., userDataDir: C:\Users\TRIPTI~1.GUP\AppDa...}, goog:chromeOptions: {debuggerAddress: localhost:61846}, networkConnectionEnabled: false, pageLoadStrategy: normal, platformName: WINDOWS, proxy: Proxy(), se:cdp: ws://localhost:61846/devtoo..., se:cdpVersion: 104.0.5112.102, setWindowRect: true, strictFileInteractability: false, timeouts: {implicit: 0, pageLoad: 300000, script: 30000}, unhandledPromptBehavior: dismiss and notify, webauthn:extension:credBlob: true, webauthn:extension:largeBlob: true, webauthn:virtualAuthenticators: true}
Element: [[ChromeDriver: chrome on WINDOWS (1ba094c5287530b136664d1785b45776)] -&gt; xpath: //input[@type=&#039;password&#039;]]
Session ID: 1ba094c5287530b136664d1785b45776" type="org.openqa.selenium.ElementNotInteractableException">
      <![CDATA[org.openqa.selenium.ElementNotInteractableException: element not interactable
  (Session info: chrome=104.0.5112.102)
Build info: version: '4.3.0', revision: 'a4995e2c09*'
System info: host: 'AMX-AL-20-017-W', ip: '10.10.7.1', os.name: 'Windows 11', os.arch: 'amd64', os.version: '10.0', java.version: '17.0.3'
Driver info: org.openqa.selenium.chrome.ChromeDriver
Command: [1ba094c5287530b136664d1785b45776, sendKeysToElement {id=b52be778-ce0a-4eca-9970-842b8d25e68b, value=[Ljava.lang.CharSequence;@69d295c0}]
Capabilities {acceptInsecureCerts: false, browserName: chrome, browserVersion: 104.0.5112.102, chrome: {chromedriverVersion: 104.0.5112.79 (3cf3e8c8a07d..., userDataDir: C:\Users\TRIPTI~1.GUP\AppDa...}, goog:chromeOptions: {debuggerAddress: localhost:61846}, networkConnectionEnabled: false, pageLoadStrategy: normal, platformName: WINDOWS, proxy: Proxy(), se:cdp: ws://localhost:61846/devtoo..., se:cdpVersion: 104.0.5112.102, setWindowRect: true, strictFileInteractability: false, timeouts: {implicit: 0, pageLoad: 300000, script: 30000}, unhandledPromptBehavior: dismiss and notify, webauthn:extension:credBlob: true, webauthn:extension:largeBlob: true, webauthn:virtualAuthenticators: true}
Element: [[ChromeDriver: chrome on WINDOWS (1ba094c5287530b136664d1785b45776)] -> xpath: //input[@type='password']]
Session ID: 1ba094c5287530b136664d1785b45776
at java.base/jdk.internal.reflect.NativeConstructorAccessorImpl.newInstance0(Native Method)
at java.base/jdk.internal.reflect.NativeConstructorAccessorImpl.newInstance(NativeConstructorAccessorImpl.java:77)
at java.base/jdk.internal.reflect.DelegatingConstructorAccessorImpl.newInstance(DelegatingConstructorAccessorImpl.java:45)
at java.base/java.lang.reflect.Constructor.newInstanceWithCaller(Constructor.java:499)
at java.base/java.lang.reflect.Constructor.newInstance(Constructor.java:480)
at org.openqa.selenium.remote.codec.w3c.W3CHttpResponseCodec.createException(W3CHttpResponseCodec.java:200)
at org.openqa.selenium.remote.codec.w3c.W3CHttpResponseCodec.decode(W3CHttpResponseCodec.java:133)
at org.openqa.selenium.remote.codec.w3c.W3CHttpResponseCodec.decode(W3CHttpResponseCodec.java:53)
at org.openqa.selenium.remote.HttpCommandExecutor.execute(HttpCommandExecutor.java:184)
at org.openqa.selenium.remote.service.DriverCommandExecutor.invokeExecute(DriverCommandExecutor.java:167)
at org.openqa.selenium.remote.service.DriverCommandExecutor.execute(DriverCommandExecutor.java:142)
at org.openqa.selenium.remote.RemoteWebDriver.execute(RemoteWebDriver.java:569)
at org.openqa.selenium.remote.RemoteWebElement.execute(RemoteWebElement.java:257)
at org.openqa.selenium.remote.RemoteWebElement.sendKeys(RemoteWebElement.java:113)
at icivics_pages.PlayHub_MainsGamePage.Verifyloginasastudentregisterasastudentbanner(PlayHub_MainsGamePage.java:186)
at icivics_testcases.I51_PlayHub_MainsGamePage_Test.C73_Verifybannerasastudentlogin(I51_PlayHub_MainsGamePage_Test.java:76)
at java.base/jdk.internal.reflect.NativeMethodAccessorImpl.invoke0(Native Method)
at java.base/jdk.internal.reflect.NativeMethodAccessorImpl.invoke(NativeMethodAccessorImpl.java:77)
at java.base/jdk.internal.reflect.DelegatingMethodAccessorImpl.invoke(DelegatingMethodAccessorImpl.java:43)
at java.base/java.lang.reflect.Method.invoke(Method.java:568)
at org.testng.internal.MethodInvocationHelper.invokeMethod(MethodInvocationHelper.java:133)
at org.testng.internal.TestInvoker.invokeMethod(TestInvoker.java:598)
at org.testng.internal.TestInvoker.retryFailed(TestInvoker.java:213)
at org.testng.internal.MethodRunner.runInSequence(MethodRunner.java:58)
at org.testng.internal.TestInvoker$MethodInvocationAgent.invoke(TestInvoker.java:824)
at org.testng.internal.TestInvoker.invokeTestMethods(TestInvoker.java:146)
at org.testng.internal.TestMethodWorker.invokeTestMethods(TestMethodWorker.java:146)
at org.testng.internal.TestMethodWorker.run(TestMethodWorker.java:128)
at java.base/java.util.ArrayList.forEach(ArrayList.java:1511)
at org.testng.TestRunner.privateRun(TestRunner.java:794)
at org.testng.TestRunner.run(TestRunner.java:596)
at org.testng.SuiteRunner.runTest(SuiteRunner.java:377)
at org.testng.SuiteRunner.runSequentially(SuiteRunner.java:371)
at org.testng.SuiteRunner.privateRun(SuiteRunner.java:332)
at org.testng.SuiteRunner.run(SuiteRunner.java:276)
at org.testng.SuiteRunnerWorker.runSuite(SuiteRunnerWorker.java:53)
at org.testng.SuiteRunnerWorker.run(SuiteRunnerWorker.java:96)
at org.testng.TestNG.runSuitesSequentially(TestNG.java:1212)
at org.testng.TestNG.runSuitesLocally(TestNG.java:1134)
at org.testng.TestNG.runSuites(TestNG.java:1063)
at org.testng.TestNG.run(TestNG.java:1031)
at org.testng.remote.AbstractRemoteTestNG.run(AbstractRemoteTestNG.java:115)
at org.testng.remote.RemoteTestNG.initAndRun(RemoteTestNG.java:251)
at org.testng.remote.RemoteTestNG.main(RemoteTestNG.java:77)
]]>
    </error>
  </testcase> <!-- C73_Verifybannerasastudentlogin -->
  <system-out/>
  <testcase classname="icivics_testcases.I51_PlayHub_MainsGamePage_Test" name="C73_Verifybannerasastudentlogin" time="13.713">
    <skipped/>
  </testcase> <!-- C73_Verifybannerasastudentlogin -->
  <system-out/>
  <testcase classname="icivics_testcases.I51_PlayHub_MainsGamePage_Test" name="C73_Verifybannerasastudentlogin" time="11.618">
    <skipped/>
  </testcase> <!-- C73_Verifybannerasastudentlogin -->
  <system-out/>
  <testcase classname="icivics_testcases.I51_PlayHub_MainsGamePage_Test" name="C73_Verifybannerasastudentlogin" time="10.425">
    <skipped/>
  </testcase> <!-- C73_Verifybannerasastudentlogin -->
  <system-out/>
  <testcase classname="icivics_testcases.I51_PlayHub_MainsGamePage_Test" name="C73_Verifybannerasateacherlogin" time="17.802"/>
  <system-out/>
  <testcase classname="icivics_testcases.I51_PlayHub_MainsGamePage_Test" name="C73_Verifyregisterbuttonclick" time="16.965"/>
  <system-out/>
  <testcase classname="icivics_testcases.I51_PlayHub_MainsGamePage_Test" name="C73_VerifygamesTiles" time="15.753"/>
  <system-out/>
  <testcase classname="icivics_testcases.I51_PlayHub_MainsGamePage_Test" name="C73_VerifygamesTilesclick" time="157.420"/>
  <system-out/>
  <testcase classname="icivics_testcases.I51_PlayHub_MainsGamePage_Test" name="C73_Verifygreenteachertile" time="14.535"/>
  <system-out/>
  <testcase classname="icivics_testcases.I51_PlayHub_MainsGamePage_Test" name="C73_Verifyteachbutton" time="11.580"/>
  <system-out/>
  <testcase classname="icivics_testcases.I51_PlayHub_MainsGamePage_Test" name="C73_Verifygetstartedbutton" time="12.878"/>
  <system-out/>
</testsuite> <!-- icivics_testcases.I51_PlayHub_MainsGamePage_Test -->
