<?xml version="1.0" encoding="UTF-8"?>
<!-- Generated by org.testng.reporters.JUnitXMLReporter -->
<testsuite ignored="56" hostname="AMX-AL-20-017-W" failures="34" tests="332" name="Regression_Testscripts" time="8750.389" errors="0" timestamp="2022-09-01T11:32:37 IST">
  <testcase classname="icivics_testcases.I10_EducatorRegistration_Test" name="C321_VerifyallpageElements" time="23.078"/>
  <testcase classname="icivics_testcases.I10_EducatorRegistration_Test" name="C322_ButtonHover" time="30.52"/>
  <testcase classname="icivics_testcases.I10_EducatorRegistration_Test" name="C323_Verifyallbuttonlinks" time="279.985"/>
  <testcase classname="icivics_testcases.I10_EducatorRegistration_Test" name="C324_WindowResize" time="15.852"/>
  <testcase classname="icivics_testcases.I10_EducatorRegistration_Test" name="C325_Verifyerrormsg" time="11.998"/>
  <testcase classname="icivics_testcases.I10_EducatorRegistration_Test" name="C326_Verifybreadcrumbs" time="8.042"/>
  <testcase classname="icivics_testcases.I11_EducatorRegistration1_Test" name="C327_verifybreadcrumbspage1" time="5.321"/>
  <testcase classname="icivics_testcases.I11_EducatorRegistration1_Test" name="C328_verifytextfields" time="7.033"/>
  <testcase classname="icivics_testcases.I11_EducatorRegistration1_Test" name="C329_verifyusernamepregenerated" time="10.87"/>
  <testcase classname="icivics_testcases.I11_EducatorRegistration1_Test" name="C330_verifyusernamepregeneratedrandomly" time="16.872"/>
  <testcase classname="icivics_testcases.I11_EducatorRegistration1_Test" name="C331_verifyentertextinallfields" time="9.083"/>
  <testcase classname="icivics_testcases.I11_EducatorRegistration1_Test" name="C332_verifyfieldsmarkedwithanasterisk" time="5.559"/>
  <testcase classname="icivics_testcases.I11_EducatorRegistration1_Test" name="C333_verifyemailtooltips" time="6.556"/>
  <testcase classname="icivics_testcases.I11_EducatorRegistration1_Test" name="C334_verifyemailerrormsg" time="12.898"/>
  <testcase classname="icivics_testcases.I11_EducatorRegistration1_Test" name="C335_verifyblankerrormsg" time="45.747"/>
  <testcase classname="icivics_testcases.I11_EducatorRegistration1_Test" name="C336_verifyinvaliderrormsg" time="12.35"/>
  <testcase classname="icivics_testcases.I11_EducatorRegistration1_Test" name="C337_verifyvalidregistration" time="15.548"/>
  <testcase classname="icivics_testcases.I12_EducatorRegistration2_Test" name="C338_verifybreadcrumbspage1" time="9.246"/>
  <testcase classname="icivics_testcases.I12_EducatorRegistration2_Test" name="C339_verifypreviouspage" time="13.676"/>
  <testcase classname="icivics_testcases.I12_EducatorRegistration2_Test" name="C340_verifyalldataremembered" time="16.878"/>
  <testcase classname="icivics_testcases.I12_EducatorRegistration2_Test" name="C341_verifyRoleandGradeLevel" time="19.338"/>
  <testcase classname="icivics_testcases.I12_EducatorRegistration2_Test" name="C342_verifymakeselection" time="20.161"/>
  <testcase classname="icivics_testcases.I12_EducatorRegistration2_Test" name="C343_verifyotheradditionalfield" time="14.794"/>
  <testcase classname="icivics_testcases.I12_EducatorRegistration2_Test" name="C344_verifyasterisk" time="9.875"/>
  <testcase classname="icivics_testcases.I12_EducatorRegistration2_Test" name="C345_verifyblankerrormsg" time="50.672"/>
  <testcase classname="icivics_testcases.I12_EducatorRegistration2_Test" name="C346_verifyerrormsgboxcolor" time="12.449"/>
  <testcase classname="icivics_testcases.I12_EducatorRegistration2_Test" name="C347_verifyvalidsubmission" time="20.993"/>
  <testcase classname="icivics_testcases.I13_EducatorRegistration3_Test" name="C348_verifybreadcrumbspage3" time="15.102"/>
  <testcase classname="icivics_testcases.I13_EducatorRegistration3_Test" name="C349_verifypreviouspage" time="18.591"/>
  <testcase classname="icivics_testcases.I13_EducatorRegistration3_Test" name="C350_verifyalldataremembered" time="18.371"/>
  <testcase classname="icivics_testcases.I13_EducatorRegistration3_Test" name="C351_verifyallpage3fields" time="31.233"/>
  <testcase classname="icivics_testcases.I13_EducatorRegistration3_Test" name="C352_verifyallfieldsallowtoentertextandmakeselection" time="39.85"/>
  <testcase classname="icivics_testcases.I13_EducatorRegistration3_Test" name="C354_verifyallfieldswithinvaliddata" time="21.651"/>
  <testcase classname="icivics_testcases.I13_EducatorRegistration3_Test" name="C355_verifyallfieldswithblankfield" time="18.994"/>
  <testcase classname="icivics_testcases.I13_EducatorRegistration3_Test" name="C357_verifyvalidsubmission" time="21.273"/>
  <testcase classname="icivics_testcases.I14_EducatorRegistration4_Test" name="C358_verifybreadcrumbspage4" time="22.043"/>
  <testcase classname="icivics_testcases.I14_EducatorRegistration4_Test" name="C359_verifypreviouspage" time="27.834"/>
  <testcase classname="icivics_testcases.I14_EducatorRegistration4_Test" name="C360_verifyalldataremembered" time="26.08"/>
  <testcase classname="icivics_testcases.I14_EducatorRegistration4_Test" name="C361_verifyallpage3fields" time="21.897"/>
  <testcase classname="icivics_testcases.I14_EducatorRegistration4_Test" name="C362_verifySignUpischecked" time="24.264"/>
  <testcase classname="icivics_testcases.I14_EducatorRegistration4_Test" name="C363_verifyallpage4fields" time="35.082"/>
  <testcase classname="icivics_testcases.I14_EducatorRegistration4_Test" name="C364_verifyallfieldasterisk" time="22.922"/>
  <testcase classname="icivics_testcases.I14_EducatorRegistration4_Test" name="C365_verifypasswordtooltips" time="21.638"/>
  <testcase classname="icivics_testcases.I14_EducatorRegistration4_Test" name="C366_verifypasswordstrengthIndicator" time="22.025"/>
  <testcase classname="icivics_testcases.I14_EducatorRegistration4_Test" name="C367_verifypasswordIndicatormatch" time="24.73"/>
  <testcase classname="icivics_testcases.I14_EducatorRegistration4_Test" name="C368_verifyallfieldswithinvaliddata" time="26.277"/>
  <testcase classname="icivics_testcases.I14_EducatorRegistration4_Test" name="C369_verifyallfieldswithblankdata" time="22.785"/>
  <testcase classname="icivics_testcases.I14_EducatorRegistration4_Test" name="C370_verifyallfieldswithblankandinvaliddata" time="28.299"/>
  <testcase classname="icivics_testcases.I14_EducatorRegistration4_Test" name="C371_verifyvalidsubmission" time="29.226"/>
  <testcase classname="icivics_testcases.I15_EducatorRegistration5_Test" name="C372_verifybreadcrumbspage5" time="29.817"/>
  <testcase classname="icivics_testcases.I15_EducatorRegistration5_Test" name="C373_verifywelcomemessage" time="33.998"/>
  <testcase classname="icivics_testcases.I15_EducatorRegistration5_Test" name="C374_verifyconfirmationemail" time="28.5"/>
  <testcase classname="icivics_testcases.I15_EducatorRegistration5_Test" name="C375_verifyconfirmationemail" time="26.209"/>
  <testcase classname="icivics_testcases.I15_EducatorRegistration5_Test" name="C376_verifyresendbutton" time="34.955"/>
  <testcase classname="icivics_testcases.I15_EducatorRegistration5_Test" name="C377_verifynotification" time="34.075"/>
  <testcase classname="icivics_testcases.I20_StudentRegistration1_ClassCode_Test" name="C425_verifyemailfieldsappear" time="9.251"/>
  <testcase classname="icivics_testcases.I20_StudentRegistration1_ClassCode_Test" name="C426_verifyemailtooltips" time="8.178"/>
  <testcase classname="icivics_testcases.I20_StudentRegistration1_ClassCode_Test" name="C427_verifyemailfieldsdisappear" time="24.524"/>
  <testcase classname="icivics_testcases.I20_StudentRegistration1_ClassCode_Test" name="C428_verifyusernamepregenerated" time="10.678"/>
  <testcase classname="icivics_testcases.I20_StudentRegistration1_ClassCode_Test" name="C429_usernamegeneratedrandomly" time="17.265"/>
  <testcase classname="icivics_testcases.I20_StudentRegistration1_ClassCode_Test" name="C430_verifyregistrationwithvaliddata" time="14.454"/>
  <testcase classname="icivics_testcases.I20_StudentRegistration1_ClassCode_Test" name="C431_verifyAsteriks" time="8.2"/>
  <testcase classname="icivics_testcases.I20_StudentRegistration1_ClassCode_Test" name="C432_verifyinvaliderrormsg" time="15.884"/>
  <testcase classname="icivics_testcases.I20_StudentRegistration1_ClassCode_Test" name="C433_verifyerrormsgverifyemailblankfield" time="61.577"/>
  <testcase classname="icivics_testcases.I20_StudentRegistration1_ClassCode_Test" name="C434_verifyinvaliderrormsg2" time="13.261"/>
  <testcase classname="icivics_testcases.I20_StudentRegistration1_ClassCode_Test" name="C435_verifyregistrationwithvalidvalue" time="16.971"/>
  <testcase classname="icivics_testcases.I21_StudentRegistration1_Email_Test" name="C383_Verifybreadcrumbs" time="5.749"/>
  <testcase classname="icivics_testcases.I21_StudentRegistration1_Email_Test" name="C384_Verifybreadcrumbspage" time="8.131"/>
  <testcase classname="icivics_testcases.I21_StudentRegistration1_Email_Test" name="C385_Verifyvideolink" time="20.017"/>
  <testcase classname="icivics_testcases.I21_StudentRegistration1_Email_Test" name="C387_verifytextfields" time="7.511"/>
  <testcase classname="icivics_testcases.I21_StudentRegistration1_Email_Test" name="C388_verifyusernamepregenerated" time="9.331"/>
  <testcase classname="icivics_testcases.I21_StudentRegistration1_Email_Test" name="C389_verifyusernamepregeneratedrandomly" time="17.055"/>
  <testcase classname="icivics_testcases.I21_StudentRegistration1_Email_Test" name="C390_verifyentertextinallfields" time="9.901"/>
  <testcase classname="icivics_testcases.I21_StudentRegistration1_Email_Test" name="C391_verifyfieldsmarkedwithanasterisk" time="5.457"/>
  <testcase classname="icivics_testcases.I21_StudentRegistration1_Email_Test" name="C392_verifyemailtooltips" time="5.714"/>
  <testcase classname="icivics_testcases.I21_StudentRegistration1_Email_Test" name="C393_verifyemailerrormsg" time="12.961"/>
  <testcase classname="icivics_testcases.I21_StudentRegistration1_Email_Test" name="C394_verifyblankerrormsg" time="47.507"/>
  <testcase classname="icivics_testcases.I21_StudentRegistration1_Email_Test" name="C396_verifyvalidregistration" time="15.818"/>
  <testcase classname="icivics_testcases.I21_StudentRegistration1_Email_Test" name="C397_Verifyclasscodelink" time="16.805"/>
  <testcase classname="icivics_testcases.I22_StudentRegistration2_ClassCode_Test" name="C398_verifypagecount2" time="11.06"/>
  <testcase classname="icivics_testcases.I22_StudentRegistration2_ClassCode_Test" name="C399_Clickbackbutton" time="17.44"/>
  <testcase classname="icivics_testcases.I22_StudentRegistration2_ClassCode_Test" name="C400_verifyfieldsisremembered" time="13.97"/>
  <testcase classname="icivics_testcases.I22_StudentRegistration2_ClassCode_Test" name="C403_clickontermsofuselink" time="24.811"/>
  <testcase classname="icivics_testcases.I22_StudentRegistration2_ClassCode_Test" name="C404_clickprivacypolicy" time="19.699"/>
  <testcase classname="icivics_testcases.I22_StudentRegistration2_ClassCode_Test" name="C405_verifypage2SignUpforEmailsfield" time="10.688"/>
  <testcase classname="icivics_testcases.I22_StudentRegistration2_ClassCode_Test" name="C408_hoveronpwdfield" time="14.048"/>
  <testcase classname="icivics_testcases.I22_StudentRegistration2_ClassCode_Test" name="C409_VerifyPasswordstrengthmeter" time="13.635"/>
  <testcase classname="icivics_testcases.I22_StudentRegistration2_ClassCode_Test" name="C410_VerifyPasswordindicatormatch" time="17.288"/>
  <testcase classname="icivics_testcases.I22_StudentRegistration2_ClassCode_Test" name="C412_verifyenterinvaliddata" time="22.732"/>
  <testcase classname="icivics_testcases.I22_StudentRegistration2_ClassCode_Test" name="C412_verifytermsofuseandprivacycheckbox" time="15.082"/>
  <testcase classname="icivics_testcases.I22_StudentRegistration2_ClassCode_Test" name="C413_verifyblankerrormsg" time="17.237"/>
  <testcase classname="icivics_testcases.I22_StudentRegistration2_ClassCode_Test" name="C414_verifypage3loaded" time="23.09"/>
  <testcase classname="icivics_testcases.I23_StudentRegistration2_Email_Test" name="C398_verifypagecount2" time="9.399"/>
  <testcase classname="icivics_testcases.I23_StudentRegistration2_Email_Test" name="C399_Clickbackbutton" time="11.829"/>
  <testcase classname="icivics_testcases.I23_StudentRegistration2_Email_Test" name="C400_verifyfieldsisremembered" time="12.09"/>
  <testcase classname="icivics_testcases.I23_StudentRegistration2_Email_Test" name="C403_clickontermsofuselink" time="27.367"/>
  <testcase classname="icivics_testcases.I23_StudentRegistration2_Email_Test" name="C404_clickprivacypolicy" time="16.053"/>
  <testcase classname="icivics_testcases.I23_StudentRegistration2_Email_Test" name="C405_verifypage2SignUpforEmailsfield" time="9.644"/>
  <testcase classname="icivics_testcases.I23_StudentRegistration2_Email_Test" name="C408_hoveronpwdfield" time="9.764"/>
  <testcase classname="icivics_testcases.I23_StudentRegistration2_Email_Test" name="C409_VerifyPasswordstrengthmeter" time="12.265"/>
  <testcase classname="icivics_testcases.I23_StudentRegistration2_Email_Test" name="C410_VerifyPasswordindicatormatch" time="12.783"/>
  <testcase classname="icivics_testcases.I23_StudentRegistration2_Email_Test" name="C412_verifyenterinvaliddata" time="14.033"/>
  <testcase classname="icivics_testcases.I23_StudentRegistration2_Email_Test" name="C412_verifytermsofuseandprivacycheckbox" time="13.997"/>
  <testcase classname="icivics_testcases.I23_StudentRegistration2_Email_Test" name="C413_verifyblankerrormsg" time="16.004"/>
  <testcase classname="icivics_testcases.I23_StudentRegistration2_Email_Test" name="C414_verifypage3loaded" time="15.743"/>
  <testcase classname="icivics_testcases.I24_StudentRegistration3_ClassCode_Test" name="C454_verifypagecount3" time="20.003"/>
  <testcase classname="icivics_testcases.I24_StudentRegistration3_ClassCode_Test" name="C455_verifyusernamegenerateddisplay" time="22.283"/>
  <testcase classname="icivics_testcases.I24_StudentRegistration3_ClassCode_Test" name="C456_verifyusernametextddisplay" time="20.783"/>
  <testcase classname="icivics_testcases.I24_StudentRegistration3_ClassCode_Test" name="C457_verifyemailddisplay" time="23.059"/>
  <testcase classname="icivics_testcases.I24_StudentRegistration3_ClassCode_Test" name="C458_verifyemailtextddisplay" time="18.669"/>
  <testcase classname="icivics_testcases.I24_StudentRegistration3_ClassCode_Test" name="C459_clickcontinuetomyassignmentbutton" time="27.292"/>
  <testcase classname="icivics_testcases.I25_StudentRegistration3_Email_Test" name="C372_verifypagecount3" time="17.351"/>
  <testcase classname="icivics_testcases.I25_StudentRegistration3_Email_Test" name="C373_verifycheckmsgdisplay" time="17.561"/>
  <testcase classname="icivics_testcases.I25_StudentRegistration3_Email_Test" name="C374_verifycheckmsgdisplay" time="17.931"/>
  <testcase classname="icivics_testcases.I25_StudentRegistration3_Email_Test" name="C375_verifyregisteredemaildisplay" time="19.963"/>
  <testcase classname="icivics_testcases.I25_StudentRegistration3_Email_Test" name="C376_verifyresendbutton" time="25.737"/>
  <testcase classname="icivics_testcases.I25_StudentRegistration3_Email_Test" name="C377_verifyconfirmationemail" time="28.205"/>
  <testcase classname="icivics_testcases.I30_HomePage_1Header_Test" name="C1_VerifyLogo" time="11.956"/>
  <testcase classname="icivics_testcases.I30_HomePage_1Header_Test" name="C2_VerifyHeaderbuttonforanonymoususer" time="14.67"/>
  <testcase classname="icivics_testcases.I30_HomePage_1Header_Test" name="C2_VerifyHeaderbuttonforauthenticateduser" time="13.364"/>
  <testcase classname="icivics_testcases.I30_HomePage_1Header_Test" name="C1538_Verifydonationpopup" time="11.252"/>
  <testcase classname="icivics_testcases.I31_HomePage_1TeacherHeader_Test" name="C3_Verifyheaderbuttonsforanonymoususer" time="15.005"/>
  <testcase classname="icivics_testcases.I31_HomePage_1TeacherHeader_Test" name="C3_Verifyheaderbuttonsforauthenticateduser" time="12.801"/>
  <testcase classname="icivics_testcases.I31_HomePage_1TeacherHeader_Test" name="C4_Verifyheaderelemets" time="172.71"/>
  <testcase classname="icivics_testcases.I31_HomePage_1TeacherHeader_Test" name="C6_Verifyheaderbuttonhoverforanonymoususer" time="70.342"/>
  <testcase classname="icivics_testcases.I31_HomePage_1TeacherHeader_Test" name="C6_verifyaheaderbuttonhoverforauthenticateduser" time="72.456"/>
  <testcase classname="icivics_testcases.I31_HomePage_1TeacherHeader_Test" name="C7_verifyresizeheaderintohamburger" time="37.546"/>
  <testcase classname="icivics_testcases.I32_HomePage_2Headerplay_Test" name="C8_Verifyplaysubmenu" time="5.827"/>
  <testcase classname="icivics_testcases.I32_HomePage_2Headerplay_Test" name="C9_Verifyplaybuttonlist" time="9.981"/>
  <testcase classname="icivics_testcases.I32_HomePage_2Headerplay_Test" name="C10_Verifyplaybuttonelements" time="178.324"/>
  <testcase classname="icivics_testcases.I32_HomePage_2Headerplay_Test" name="C12_Verifypageisunderlined" time="313.748"/>
  <testcase classname="icivics_testcases.I32_HomePage_2Headerplay_Test" name="C13_Verifyclickonplaybuttonagain" time="9.042"/>
  <testcase classname="icivics_testcases.I33_HomePage_3HeaderTeach_Test" name="C15_Verifyteachsubmenu" time="5.852"/>
  <testcase classname="icivics_testcases.I33_HomePage_3HeaderTeach_Test" name="C16_Verifysubmenucount" time="6.798"/>
  <testcase classname="icivics_testcases.I33_HomePage_3HeaderTeach_Test" name="C17_Verifyteachbuttonelements" time="50.45"/>
  <testcase classname="icivics_testcases.I33_HomePage_3HeaderTeach_Test" name="C20_verifyclickteachbuttonagain" time="6.514"/>
  <testcase classname="icivics_testcases.I34_HomePage_3Headerteach2_Test" name="C19_Verifyteachsubmenu" time="70.283"/>
  <testcase classname="icivics_testcases.I35_HomePage_4HeaderAbout_Test" name="C22_Verifyaboutsubmenu" time="12.864"/>
  <testcase classname="icivics_testcases.I35_HomePage_4HeaderAbout_Test" name="C23_Verifysubmenucount" time="6.56"/>
  <testcase classname="icivics_testcases.I35_HomePage_4HeaderAbout_Test" name="C24_VerifysubmenuElement" time="61.442"/>
  <testcase classname="icivics_testcases.I35_HomePage_4HeaderAbout_Test" name="C27_Verifyclickaboutbuttonagain" time="9.349"/>
  <testcase classname="icivics_testcases.I36_HomePage_5HeaderMyicivicsMisc_Test" name="C29_Verifydonatebutton" time="12.245"/>
  <testcase classname="icivics_testcases.I36_HomePage_5HeaderMyicivicsMisc_Test" name="C30_Verifydonatebuttonclick" time="20.642"/>
  <testcase classname="icivics_testcases.I36_HomePage_5HeaderMyicivicsMisc_Test" name="C31_Verifyshopbutton" time="10.302"/>
  <testcase classname="icivics_testcases.I36_HomePage_5HeaderMyicivicsMisc_Test" name="C32_Verifyshopbuttonclick" time="14.503"/>
  <testcase classname="icivics_testcases.I36_HomePage_5HeaderMyicivicsMisc_Test" name="C34_VerifyIcivicsbutton" time="12.105"/>
  <testcase classname="icivics_testcases.I36_HomePage_5HeaderMyicivicsMisc_Test" name="C35_Verifytheavatar" time="14.688"/>
  <testcase classname="icivics_testcases.I36_HomePage_5HeaderMyicivicsMisc_Test" name="C35_Verifythenoavatar" time="17.152"/>
  <testcase classname="icivics_testcases.I36_HomePage_5HeaderMyicivicsMisc_Test" name="C36_VerifyIcivicssubmenu" time="13.109"/>
  <testcase classname="icivics_testcases.I36_HomePage_5HeaderMyicivicsMisc_Test" name="C37_VerifyIcivicssubmenu" time="13.682"/>
  <testcase classname="icivics_testcases.I36_HomePage_5HeaderMyicivicsMisc_Test" name="C39_Myicivicsbuttonelementsverification" time="34.882"/>
  <testcase classname="icivics_testcases.I36_HomePage_5HeaderMyicivicsMisc_Test" name="C41_verifyselectpageisunderlined" time="51.953"/>
  <testcase classname="icivics_testcases.I36_HomePage_5HeaderMyicivicsMisc_Test" name="C42_Verifymyicivicsbuttonsubmenuclose" time="15.896"/>
  <testcase classname="icivics_testcases.I37_HomePage_5HeaderSigninMisc_Test" name="C29_Verifydonatebutton" time="5.628"/>
  <testcase classname="icivics_testcases.I37_HomePage_5HeaderSigninMisc_Test" name="C30_Verifydonatebuttonclick" time="17.443"/>
  <testcase classname="icivics_testcases.I37_HomePage_5HeaderSigninMisc_Test" name="C31_Verifyshopbutton" time="5.926"/>
  <testcase classname="icivics_testcases.I37_HomePage_5HeaderSigninMisc_Test" name="C32_Verifyshopbuttonclick" time="9.063"/>
  <testcase classname="icivics_testcases.I37_HomePage_5HeaderSigninMisc_Test" name="C33_Verifysigninbuttonforanonymoususer" time="5.888"/>
  <testcase classname="icivics_testcases.I37_HomePage_5HeaderSigninMisc_Test" name="C37_Verifysigninbuttonsubmenu" time="8.999"/>
  <testcase classname="icivics_testcases.I37_HomePage_5HeaderSigninMisc_Test" name="C38_Verifysigninbuttonsubmenu" time="17.191"/>
  <testcase classname="icivics_testcases.I37_HomePage_5HeaderSigninMisc_Test" name="C41_Verifysubmenuoptionisunderlined" time="44.898"/>
  <testcase classname="icivics_testcases.I37_HomePage_5HeaderSigninMisc_Test" name="C42_Verifysubmenuoptionisunderlined" time="8.77"/>
  <testcase classname="icivics_testcases.I40_GoogleIntegration_signon_Test" name="C539_Verifygooglesiginpage" time="5.14">
    <skipped/>
  </testcase> <!-- C539_Verifygooglesiginpage -->
  <testcase classname="icivics_testcases.I40_GoogleIntegration_signon_Test" name="C539_Verifygooglesiginpage" time="4.783">
    <skipped/>
  </testcase> <!-- C539_Verifygooglesiginpage -->
  <testcase classname="icivics_testcases.I40_GoogleIntegration_signon_Test" name="C539_Verifygooglesiginpage" time="4.82">
    <skipped/>
  </testcase> <!-- C539_Verifygooglesiginpage -->
  <testcase classname="icivics_testcases.I40_GoogleIntegration_signon_Test" name="C539_Verifygooglesiginpage" time="4.792">
    <failure type="java.lang.NullPointerException" message="inStream parameter is null">
      <![CDATA[java.lang.NullPointerException: inStream parameter is null
at java.base/java.util.Objects.requireNonNull(Objects.java:233)
at java.base/java.util.Properties.load(Properties.java:407)
at selenium.base.SeleniumBase.getPropfile(SeleniumBase.java:1877)
at icivics_pages.GoogleIntegration_SignOn.verifygoogleaccount(GoogleIntegration_SignOn.java:49)
at icivics_testcases.I40_GoogleIntegration_signon_Test.C539_Verifygooglesiginpage(I40_GoogleIntegration_signon_Test.java:28)
at java.base/java.util.ArrayList.forEach(ArrayList.java:1511)
... Removed 27 stack frames]]>
    </failure>
  </testcase> <!-- C539_Verifygooglesiginpage -->
  <testcase classname="icivics_testcases.I40_GoogleIntegration_signon_Test" name="C540_verifyentercredentails" time="4.968">
    <skipped/>
  </testcase> <!-- C540_verifyentercredentails -->
  <testcase classname="icivics_testcases.I40_GoogleIntegration_signon_Test" name="C540_verifyentercredentails" time="4.699">
    <skipped/>
  </testcase> <!-- C540_verifyentercredentails -->
  <testcase classname="icivics_testcases.I40_GoogleIntegration_signon_Test" name="C540_verifyentercredentails" time="4.831">
    <skipped/>
  </testcase> <!-- C540_verifyentercredentails -->
  <testcase classname="icivics_testcases.I40_GoogleIntegration_signon_Test" name="C540_verifyentercredentails" time="5.03">
    <failure type="java.lang.NullPointerException" message="inStream parameter is null">
      <![CDATA[java.lang.NullPointerException: inStream parameter is null
at java.base/java.util.Objects.requireNonNull(Objects.java:233)
at java.base/java.util.Properties.load(Properties.java:407)
at selenium.base.SeleniumBase.getPropfile(SeleniumBase.java:1877)
at icivics_pages.GoogleIntegration_SignOn.verifyentercredentails(GoogleIntegration_SignOn.java:72)
at icivics_testcases.I40_GoogleIntegration_signon_Test.C540_verifyentercredentails(I40_GoogleIntegration_signon_Test.java:36)
at java.base/java.util.ArrayList.forEach(ArrayList.java:1511)
... Removed 27 stack frames]]>
    </failure>
  </testcase> <!-- C540_verifyentercredentails -->
  <testcase classname="icivics_testcases.I40_GoogleIntegration_signon_Test" name="C541_verifyentercredentails2" time="4.536">
    <skipped/>
  </testcase> <!-- C541_verifyentercredentails2 -->
  <testcase classname="icivics_testcases.I40_GoogleIntegration_signon_Test" name="C541_verifyentercredentails2" time="4.933">
    <skipped/>
  </testcase> <!-- C541_verifyentercredentails2 -->
  <testcase classname="icivics_testcases.I40_GoogleIntegration_signon_Test" name="C541_verifyentercredentails2" time="6.461">
    <skipped/>
  </testcase> <!-- C541_verifyentercredentails2 -->
  <testcase classname="icivics_testcases.I40_GoogleIntegration_signon_Test" name="C541_verifyentercredentails2" time="4.896">
    <failure type="java.lang.NullPointerException" message="inStream parameter is null">
      <![CDATA[java.lang.NullPointerException: inStream parameter is null
at java.base/java.util.Objects.requireNonNull(Objects.java:233)
at java.base/java.util.Properties.load(Properties.java:407)
at selenium.base.SeleniumBase.getPropfile(SeleniumBase.java:1877)
at icivics_pages.GoogleIntegration_SignOn.verifyentercredentails2(GoogleIntegration_SignOn.java:101)
at icivics_testcases.I40_GoogleIntegration_signon_Test.C541_verifyentercredentails2(I40_GoogleIntegration_signon_Test.java:45)
at java.base/java.util.ArrayList.forEach(ArrayList.java:1511)
... Removed 27 stack frames]]>
    </failure>
  </testcase> <!-- C541_verifyentercredentails2 -->
  <testcase classname="icivics_testcases.I40_GoogleIntegration_signon_Test" name="C542_verifyentercredentailsasstudent" time="4.759">
    <skipped/>
  </testcase> <!-- C542_verifyentercredentailsasstudent -->
  <testcase classname="icivics_testcases.I40_GoogleIntegration_signon_Test" name="C542_verifyentercredentailsasstudent" time="4.806">
    <skipped/>
  </testcase> <!-- C542_verifyentercredentailsasstudent -->
  <testcase classname="icivics_testcases.I40_GoogleIntegration_signon_Test" name="C542_verifyentercredentailsasstudent" time="4.673">
    <skipped/>
  </testcase> <!-- C542_verifyentercredentailsasstudent -->
  <testcase classname="icivics_testcases.I40_GoogleIntegration_signon_Test" name="C542_verifyentercredentailsasstudent" time="4.454">
    <failure type="java.lang.NullPointerException" message="inStream parameter is null">
      <![CDATA[java.lang.NullPointerException: inStream parameter is null
at java.base/java.util.Objects.requireNonNull(Objects.java:233)
at java.base/java.util.Properties.load(Properties.java:407)
at selenium.base.SeleniumBase.getPropfile(SeleniumBase.java:1877)
at icivics_pages.GoogleIntegration_SignOn.verifyentercredentailsasStudent(GoogleIntegration_SignOn.java:257)
at icivics_testcases.I40_GoogleIntegration_signon_Test.C542_verifyentercredentailsasstudent(I40_GoogleIntegration_signon_Test.java:56)
at java.base/java.util.ArrayList.forEach(ArrayList.java:1511)
... Removed 27 stack frames]]>
    </failure>
  </testcase> <!-- C542_verifyentercredentailsasstudent -->
  <testcase classname="icivics_testcases.I40_GoogleIntegration_signon_Test" name="C543_verifynotregisteredaccountforstudent" time="4.934">
    <skipped/>
  </testcase> <!-- C543_verifynotregisteredaccountforstudent -->
  <testcase classname="icivics_testcases.I40_GoogleIntegration_signon_Test" name="C543_verifynotregisteredaccountforstudent" time="4.871">
    <skipped/>
  </testcase> <!-- C543_verifynotregisteredaccountforstudent -->
  <testcase classname="icivics_testcases.I40_GoogleIntegration_signon_Test" name="C543_verifynotregisteredaccountforstudent" time="4.683">
    <skipped/>
  </testcase> <!-- C543_verifynotregisteredaccountforstudent -->
  <testcase classname="icivics_testcases.I40_GoogleIntegration_signon_Test" name="C543_verifynotregisteredaccountforstudent" time="4.826">
    <failure type="java.lang.NullPointerException" message="inStream parameter is null">
      <![CDATA[java.lang.NullPointerException: inStream parameter is null
at java.base/java.util.Objects.requireNonNull(Objects.java:233)
at java.base/java.util.Properties.load(Properties.java:407)
at selenium.base.SeleniumBase.getPropfile(SeleniumBase.java:1877)
at icivics_pages.GoogleIntegration_SignOn.verifynotregisteredaccountforstudent(GoogleIntegration_SignOn.java:312)
at icivics_testcases.I40_GoogleIntegration_signon_Test.C543_verifynotregisteredaccountforstudent(I40_GoogleIntegration_signon_Test.java:65)
at java.base/java.util.ArrayList.forEach(ArrayList.java:1511)
... Removed 27 stack frames]]>
    </failure>
  </testcase> <!-- C543_verifynotregisteredaccountforstudent -->
  <testcase classname="icivics_testcases.I41_GoogleIntegration_Registration_Test" name="C544_Verifyeducatorregistrationpage1" time="9.667">
    <skipped/>
  </testcase> <!-- C544_Verifyeducatorregistrationpage1 -->
  <testcase classname="icivics_testcases.I41_GoogleIntegration_Registration_Test" name="C544_Verifyeducatorregistrationpage1" time="7.643">
    <skipped/>
  </testcase> <!-- C544_Verifyeducatorregistrationpage1 -->
  <testcase classname="icivics_testcases.I41_GoogleIntegration_Registration_Test" name="C544_Verifyeducatorregistrationpage1" time="7.8">
    <skipped/>
  </testcase> <!-- C544_Verifyeducatorregistrationpage1 -->
  <testcase classname="icivics_testcases.I41_GoogleIntegration_Registration_Test" name="C544_Verifyeducatorregistrationpage1" time="7.282">
    <failure type="java.lang.NullPointerException" message="inStream parameter is null">
      <![CDATA[java.lang.NullPointerException: inStream parameter is null
at java.base/java.util.Objects.requireNonNull(Objects.java:233)
at java.base/java.util.Properties.load(Properties.java:407)
at selenium.base.SeleniumBase.getPropfile(SeleniumBase.java:1877)
at icivics_pages.GoogleIntegration_Registration.verifyclickregisteraseducator(GoogleIntegration_Registration.java:50)
at icivics_testcases.I41_GoogleIntegration_Registration_Test.C544_Verifyeducatorregistrationpage1(I41_GoogleIntegration_Registration_Test.java:30)
at java.base/java.util.ArrayList.forEach(ArrayList.java:1511)
... Removed 27 stack frames]]>
    </failure>
  </testcase> <!-- C544_Verifyeducatorregistrationpage1 -->
  <testcase classname="icivics_testcases.I41_GoogleIntegration_Registration_Test" name="C545_Verifyregistrationwithoutsignin" time="5.297">
    <skipped/>
  </testcase> <!-- C545_Verifyregistrationwithoutsignin -->
  <testcase classname="icivics_testcases.I41_GoogleIntegration_Registration_Test" name="C545_Verifyregistrationwithoutsignin" time="5.864">
    <skipped/>
  </testcase> <!-- C545_Verifyregistrationwithoutsignin -->
  <testcase classname="icivics_testcases.I41_GoogleIntegration_Registration_Test" name="C545_Verifyregistrationwithoutsignin" time="5.254">
    <skipped/>
  </testcase> <!-- C545_Verifyregistrationwithoutsignin -->
  <testcase classname="icivics_testcases.I41_GoogleIntegration_Registration_Test" name="C545_Verifyregistrationwithoutsignin" time="6.098">
    <failure type="java.lang.NullPointerException" message="inStream parameter is null">
      <![CDATA[java.lang.NullPointerException: inStream parameter is null
at java.base/java.util.Objects.requireNonNull(Objects.java:233)
at java.base/java.util.Properties.load(Properties.java:407)
at selenium.base.SeleniumBase.getPropfile(SeleniumBase.java:1877)
at icivics_pages.GoogleIntegration_Registration.verifyregistrationwithoutsignin(GoogleIntegration_Registration.java:90)
at icivics_testcases.I41_GoogleIntegration_Registration_Test.C545_Verifyregistrationwithoutsignin(I41_GoogleIntegration_Registration_Test.java:39)
at java.base/java.util.ArrayList.forEach(ArrayList.java:1511)
... Removed 27 stack frames]]>
    </failure>
  </testcase> <!-- C545_Verifyregistrationwithoutsignin -->
  <testcase classname="icivics_testcases.I41_GoogleIntegration_Registration_Test" name="C546_Verifyregistrationwithalreadyregisteredid" time="7.222">
    <skipped/>
  </testcase> <!-- C546_Verifyregistrationwithalreadyregisteredid -->
  <testcase classname="icivics_testcases.I41_GoogleIntegration_Registration_Test" name="C546_Verifyregistrationwithalreadyregisteredid" time="8.812">
    <skipped/>
  </testcase> <!-- C546_Verifyregistrationwithalreadyregisteredid -->
  <testcase classname="icivics_testcases.I41_GoogleIntegration_Registration_Test" name="C546_Verifyregistrationwithalreadyregisteredid" time="7.1">
    <skipped/>
  </testcase> <!-- C546_Verifyregistrationwithalreadyregisteredid -->
  <testcase classname="icivics_testcases.I41_GoogleIntegration_Registration_Test" name="C546_Verifyregistrationwithalreadyregisteredid" time="7.673">
    <failure type="java.lang.NullPointerException" message="inStream parameter is null">
      <![CDATA[java.lang.NullPointerException: inStream parameter is null
at java.base/java.util.Objects.requireNonNull(Objects.java:233)
at java.base/java.util.Properties.load(Properties.java:407)
at selenium.base.SeleniumBase.getPropfile(SeleniumBase.java:1877)
at icivics_pages.GoogleIntegration_Registration.verifyregistrationwithalreadyregisteredID(GoogleIntegration_Registration.java:105)
at icivics_testcases.I41_GoogleIntegration_Registration_Test.C546_Verifyregistrationwithalreadyregisteredid(I41_GoogleIntegration_Registration_Test.java:48)
at java.base/java.util.ArrayList.forEach(ArrayList.java:1511)
... Removed 27 stack frames]]>
    </failure>
  </testcase> <!-- C546_Verifyregistrationwithalreadyregisteredid -->
  <testcase classname="icivics_testcases.I41_GoogleIntegration_Registration_Test" name="C544_Verifystudentregistrationpage1" time="7.489">
    <skipped/>
  </testcase> <!-- C544_Verifystudentregistrationpage1 -->
  <testcase classname="icivics_testcases.I41_GoogleIntegration_Registration_Test" name="C544_Verifystudentregistrationpage1" time="7.183">
    <skipped/>
  </testcase> <!-- C544_Verifystudentregistrationpage1 -->
  <testcase classname="icivics_testcases.I41_GoogleIntegration_Registration_Test" name="C544_Verifystudentregistrationpage1" time="7.429">
    <skipped/>
  </testcase> <!-- C544_Verifystudentregistrationpage1 -->
  <testcase classname="icivics_testcases.I41_GoogleIntegration_Registration_Test" name="C544_Verifystudentregistrationpage1" time="8.052">
    <failure type="java.lang.NullPointerException" message="inStream parameter is null">
      <![CDATA[java.lang.NullPointerException: inStream parameter is null
at java.base/java.util.Objects.requireNonNull(Objects.java:233)
at java.base/java.util.Properties.load(Properties.java:407)
at selenium.base.SeleniumBase.getPropfile(SeleniumBase.java:1877)
at icivics_pages.GoogleIntegration_Registration.verifyregisterasstudentclick(GoogleIntegration_Registration.java:142)
at icivics_testcases.I41_GoogleIntegration_Registration_Test.C544_Verifystudentregistrationpage1(I41_GoogleIntegration_Registration_Test.java:58)
at java.base/java.util.ArrayList.forEach(ArrayList.java:1511)
... Removed 27 stack frames]]>
    </failure>
  </testcase> <!-- C544_Verifystudentregistrationpage1 -->
  <testcase classname="icivics_testcases.I42_GoogleIntegration_Pg1TeacherRegistration_Test" name="C545_VerifyTeacherregistrationpage1" time="4.954">
    <skipped/>
  </testcase> <!-- C545_VerifyTeacherregistrationpage1 -->
  <testcase classname="icivics_testcases.I42_GoogleIntegration_Pg1TeacherRegistration_Test" name="C545_VerifyTeacherregistrationpage1" time="6.358">
    <skipped/>
  </testcase> <!-- C545_VerifyTeacherregistrationpage1 -->
  <testcase classname="icivics_testcases.I42_GoogleIntegration_Pg1TeacherRegistration_Test" name="C545_VerifyTeacherregistrationpage1" time="5.607">
    <skipped/>
  </testcase> <!-- C545_VerifyTeacherregistrationpage1 -->
  <testcase classname="icivics_testcases.I42_GoogleIntegration_Pg1TeacherRegistration_Test" name="C545_VerifyTeacherregistrationpage1" time="5.004">
    <failure type="java.lang.NullPointerException" message="inStream parameter is null">
      <![CDATA[java.lang.NullPointerException: inStream parameter is null
at java.base/java.util.Objects.requireNonNull(Objects.java:233)
at java.base/java.util.Properties.load(Properties.java:407)
at selenium.base.SeleniumBase.getPropfile(SeleniumBase.java:1877)
at icivics_pages.GoogleIntegration_Pg1TeacherRegistration.verifydeleteuserfrombackend(GoogleIntegration_Pg1TeacherRegistration.java:285)
at icivics_testcases.I42_GoogleIntegration_Pg1TeacherRegistration_Test.C545_VerifyTeacherregistrationpage1(I42_GoogleIntegration_Pg1TeacherRegistration_Test.java:28)
at java.base/java.util.ArrayList.forEach(ArrayList.java:1511)
... Removed 27 stack frames]]>
    </failure>
  </testcase> <!-- C545_VerifyTeacherregistrationpage1 -->
  <testcase classname="icivics_testcases.I42_GoogleIntegration_Pg1TeacherRegistration_Test" name="C546_Verifyroleandgradefield" time="5.241">
    <skipped/>
  </testcase> <!-- C546_Verifyroleandgradefield -->
  <testcase classname="icivics_testcases.I42_GoogleIntegration_Pg1TeacherRegistration_Test" name="C546_Verifyroleandgradefield" time="4.917">
    <skipped/>
  </testcase> <!-- C546_Verifyroleandgradefield -->
  <testcase classname="icivics_testcases.I42_GoogleIntegration_Pg1TeacherRegistration_Test" name="C546_Verifyroleandgradefield" time="3.178">
    <skipped/>
  </testcase> <!-- C546_Verifyroleandgradefield -->
  <testcase classname="icivics_testcases.I42_GoogleIntegration_Pg1TeacherRegistration_Test" name="C546_Verifyroleandgradefield" time="5.125">
    <failure type="java.lang.NullPointerException" message="inStream parameter is null">
      <![CDATA[java.lang.NullPointerException: inStream parameter is null
at java.base/java.util.Objects.requireNonNull(Objects.java:233)
at java.base/java.util.Properties.load(Properties.java:407)
at selenium.base.SeleniumBase.getPropfile(SeleniumBase.java:1877)
at icivics_pages.GoogleIntegration_Pg1TeacherRegistration.Registrationpage(GoogleIntegration_Pg1TeacherRegistration.java:50)
at icivics_testcases.I42_GoogleIntegration_Pg1TeacherRegistration_Test.C546_Verifyroleandgradefield(I42_GoogleIntegration_Pg1TeacherRegistration_Test.java:37)
at java.base/java.util.ArrayList.forEach(ArrayList.java:1511)
... Removed 27 stack frames]]>
    </failure>
  </testcase> <!-- C546_Verifyroleandgradefield -->
  <testcase classname="icivics_testcases.I42_GoogleIntegration_Pg1TeacherRegistration_Test" name="C547_Verifyroleandgradefield" time="4.807">
    <skipped/>
  </testcase> <!-- C547_Verifyroleandgradefield -->
  <testcase classname="icivics_testcases.I42_GoogleIntegration_Pg1TeacherRegistration_Test" name="C547_Verifyroleandgradefield" time="5.316">
    <skipped/>
  </testcase> <!-- C547_Verifyroleandgradefield -->
  <testcase classname="icivics_testcases.I42_GoogleIntegration_Pg1TeacherRegistration_Test" name="C547_Verifyroleandgradefield" time="5.391">
    <skipped/>
  </testcase> <!-- C547_Verifyroleandgradefield -->
  <testcase classname="icivics_testcases.I42_GoogleIntegration_Pg1TeacherRegistration_Test" name="C547_Verifyroleandgradefield" time="4.89">
    <failure type="java.lang.NullPointerException" message="inStream parameter is null">
      <![CDATA[java.lang.NullPointerException: inStream parameter is null
at java.base/java.util.Objects.requireNonNull(Objects.java:233)
at java.base/java.util.Properties.load(Properties.java:407)
at selenium.base.SeleniumBase.getPropfile(SeleniumBase.java:1877)
at icivics_pages.GoogleIntegration_Pg1TeacherRegistration.Registrationpage(GoogleIntegration_Pg1TeacherRegistration.java:50)
at icivics_testcases.I42_GoogleIntegration_Pg1TeacherRegistration_Test.C547_Verifyroleandgradefield(I42_GoogleIntegration_Pg1TeacherRegistration_Test.java:46)
at java.base/java.util.ArrayList.forEach(ArrayList.java:1511)
... Removed 27 stack frames]]>
    </failure>
  </testcase> <!-- C547_Verifyroleandgradefield -->
  <testcase classname="icivics_testcases.I42_GoogleIntegration_Pg1TeacherRegistration_Test" name="C548_Verifyleavegradeboxesunchecked" time="5.26">
    <skipped/>
  </testcase> <!-- C548_Verifyleavegradeboxesunchecked -->
  <testcase classname="icivics_testcases.I42_GoogleIntegration_Pg1TeacherRegistration_Test" name="C548_Verifyleavegradeboxesunchecked" time="8.12">
    <skipped/>
  </testcase> <!-- C548_Verifyleavegradeboxesunchecked -->
  <testcase classname="icivics_testcases.I42_GoogleIntegration_Pg1TeacherRegistration_Test" name="C548_Verifyleavegradeboxesunchecked" time="5.398">
    <skipped/>
  </testcase> <!-- C548_Verifyleavegradeboxesunchecked -->
  <testcase classname="icivics_testcases.I42_GoogleIntegration_Pg1TeacherRegistration_Test" name="C548_Verifyleavegradeboxesunchecked" time="4.738">
    <failure type="java.lang.NullPointerException" message="inStream parameter is null">
      <![CDATA[java.lang.NullPointerException: inStream parameter is null
at java.base/java.util.Objects.requireNonNull(Objects.java:233)
at java.base/java.util.Properties.load(Properties.java:407)
at selenium.base.SeleniumBase.getPropfile(SeleniumBase.java:1877)
at icivics_pages.GoogleIntegration_Pg1TeacherRegistration.Registrationpage(GoogleIntegration_Pg1TeacherRegistration.java:50)
at icivics_testcases.I42_GoogleIntegration_Pg1TeacherRegistration_Test.C548_Verifyleavegradeboxesunchecked(I42_GoogleIntegration_Pg1TeacherRegistration_Test.java:57)
at java.base/java.util.ArrayList.forEach(ArrayList.java:1511)
... Removed 27 stack frames]]>
    </failure>
  </testcase> <!-- C548_Verifyleavegradeboxesunchecked -->
  <testcase classname="icivics_testcases.I42_GoogleIntegration_Pg1TeacherRegistration_Test" name="C549_Verifyleaverolenoneselected" time="4.941">
    <skipped/>
  </testcase> <!-- C549_Verifyleaverolenoneselected -->
  <testcase classname="icivics_testcases.I42_GoogleIntegration_Pg1TeacherRegistration_Test" name="C549_Verifyleaverolenoneselected" time="4.8">
    <skipped/>
  </testcase> <!-- C549_Verifyleaverolenoneselected -->
  <testcase classname="icivics_testcases.I42_GoogleIntegration_Pg1TeacherRegistration_Test" name="C549_Verifyleaverolenoneselected" time="4.995">
    <skipped/>
  </testcase> <!-- C549_Verifyleaverolenoneselected -->
  <testcase classname="icivics_testcases.I42_GoogleIntegration_Pg1TeacherRegistration_Test" name="C549_Verifyleaverolenoneselected" time="4.825">
    <failure type="java.lang.NullPointerException" message="inStream parameter is null">
      <![CDATA[java.lang.NullPointerException: inStream parameter is null
at java.base/java.util.Objects.requireNonNull(Objects.java:233)
at java.base/java.util.Properties.load(Properties.java:407)
at selenium.base.SeleniumBase.getPropfile(SeleniumBase.java:1877)
at icivics_pages.GoogleIntegration_Pg1TeacherRegistration.Registrationpage(GoogleIntegration_Pg1TeacherRegistration.java:50)
at icivics_testcases.I42_GoogleIntegration_Pg1TeacherRegistration_Test.C549_Verifyleaverolenoneselected(I42_GoogleIntegration_Pg1TeacherRegistration_Test.java:68)
at java.base/java.util.ArrayList.forEach(ArrayList.java:1511)
... Removed 27 stack frames]]>
    </failure>
  </testcase> <!-- C549_Verifyleaverolenoneselected -->
  <testcase classname="icivics_testcases.I42_GoogleIntegration_Pg1TeacherRegistration_Test" name="C550_Verifyenterwithvaliddata" time="4.974">
    <skipped/>
  </testcase> <!-- C550_Verifyenterwithvaliddata -->
  <testcase classname="icivics_testcases.I42_GoogleIntegration_Pg1TeacherRegistration_Test" name="C550_Verifyenterwithvaliddata" time="4.842">
    <skipped/>
  </testcase> <!-- C550_Verifyenterwithvaliddata -->
  <testcase classname="icivics_testcases.I42_GoogleIntegration_Pg1TeacherRegistration_Test" name="C550_Verifyenterwithvaliddata" time="4.623">
    <skipped/>
  </testcase> <!-- C550_Verifyenterwithvaliddata -->
  <testcase classname="icivics_testcases.I42_GoogleIntegration_Pg1TeacherRegistration_Test" name="C550_Verifyenterwithvaliddata" time="4.839">
    <failure type="java.lang.NullPointerException" message="inStream parameter is null">
      <![CDATA[java.lang.NullPointerException: inStream parameter is null
at java.base/java.util.Objects.requireNonNull(Objects.java:233)
at java.base/java.util.Properties.load(Properties.java:407)
at selenium.base.SeleniumBase.getPropfile(SeleniumBase.java:1877)
at icivics_pages.GoogleIntegration_Pg1TeacherRegistration.Registrationpage(GoogleIntegration_Pg1TeacherRegistration.java:50)
at icivics_testcases.I42_GoogleIntegration_Pg1TeacherRegistration_Test.C550_Verifyenterwithvaliddata(I42_GoogleIntegration_Pg1TeacherRegistration_Test.java:78)
at java.base/java.util.ArrayList.forEach(ArrayList.java:1511)
... Removed 27 stack frames]]>
    </failure>
  </testcase> <!-- C550_Verifyenterwithvaliddata -->
  <testcase classname="icivics_testcases.I43_GoogleIntegration_Pg2TeacherRegistration_Test" name="C545_VerifyTeacherregistrationpage1" time="6.371">
    <skipped/>
  </testcase> <!-- C545_VerifyTeacherregistrationpage1 -->
  <testcase classname="icivics_testcases.I43_GoogleIntegration_Pg2TeacherRegistration_Test" name="C545_VerifyTeacherregistrationpage1" time="5.005">
    <skipped/>
  </testcase> <!-- C545_VerifyTeacherregistrationpage1 -->
  <testcase classname="icivics_testcases.I43_GoogleIntegration_Pg2TeacherRegistration_Test" name="C545_VerifyTeacherregistrationpage1" time="4.755">
    <skipped/>
  </testcase> <!-- C545_VerifyTeacherregistrationpage1 -->
  <testcase classname="icivics_testcases.I43_GoogleIntegration_Pg2TeacherRegistration_Test" name="C545_VerifyTeacherregistrationpage1" time="4.653">
    <failure type="java.lang.NullPointerException" message="inStream parameter is null">
      <![CDATA[java.lang.NullPointerException: inStream parameter is null
at java.base/java.util.Objects.requireNonNull(Objects.java:233)
at java.base/java.util.Properties.load(Properties.java:407)
at selenium.base.SeleniumBase.getPropfile(SeleniumBase.java:1877)
at icivics_pages.GoogleIntegration_Pg2TeacherRegistration.Registrationpage(GoogleIntegration_Pg2TeacherRegistration.java:49)
at icivics_testcases.I43_GoogleIntegration_Pg2TeacherRegistration_Test.C545_VerifyTeacherregistrationpage1(I43_GoogleIntegration_Pg2TeacherRegistration_Test.java:28)
at java.base/java.util.ArrayList.forEach(ArrayList.java:1511)
... Removed 27 stack frames]]>
    </failure>
  </testcase> <!-- C545_VerifyTeacherregistrationpage1 -->
  <testcase classname="icivics_testcases.I43_GoogleIntegration_Pg2TeacherRegistration_Test" name="C546_Verifypage2fields" time="4.676">
    <skipped/>
  </testcase> <!-- C546_Verifypage2fields -->
  <testcase classname="icivics_testcases.I43_GoogleIntegration_Pg2TeacherRegistration_Test" name="C546_Verifypage2fields" time="5.108">
    <skipped/>
  </testcase> <!-- C546_Verifypage2fields -->
  <testcase classname="icivics_testcases.I43_GoogleIntegration_Pg2TeacherRegistration_Test" name="C546_Verifypage2fields" time="5.236">
    <skipped/>
  </testcase> <!-- C546_Verifypage2fields -->
  <testcase classname="icivics_testcases.I43_GoogleIntegration_Pg2TeacherRegistration_Test" name="C546_Verifypage2fields" time="4.839">
    <failure type="java.lang.NullPointerException" message="inStream parameter is null">
      <![CDATA[java.lang.NullPointerException: inStream parameter is null
at java.base/java.util.Objects.requireNonNull(Objects.java:233)
at java.base/java.util.Properties.load(Properties.java:407)
at selenium.base.SeleniumBase.getPropfile(SeleniumBase.java:1877)
at icivics_pages.GoogleIntegration_Pg2TeacherRegistration.Registrationpage(GoogleIntegration_Pg2TeacherRegistration.java:49)
at icivics_testcases.I43_GoogleIntegration_Pg2TeacherRegistration_Test.C546_Verifypage2fields(I43_GoogleIntegration_Pg2TeacherRegistration_Test.java:39)
at java.base/java.util.ArrayList.forEach(ArrayList.java:1511)
... Removed 27 stack frames]]>
    </failure>
  </testcase> <!-- C546_Verifypage2fields -->
  <testcase classname="icivics_testcases.I43_GoogleIntegration_Pg2TeacherRegistration_Test" name="C546_Verifybackbutton" time="5.004">
    <skipped/>
  </testcase> <!-- C546_Verifybackbutton -->
  <testcase classname="icivics_testcases.I43_GoogleIntegration_Pg2TeacherRegistration_Test" name="C546_Verifybackbutton" time="4.57">
    <skipped/>
  </testcase> <!-- C546_Verifybackbutton -->
  <testcase classname="icivics_testcases.I43_GoogleIntegration_Pg2TeacherRegistration_Test" name="C546_Verifybackbutton" time="4.872">
    <skipped/>
  </testcase> <!-- C546_Verifybackbutton -->
  <testcase classname="icivics_testcases.I43_GoogleIntegration_Pg2TeacherRegistration_Test" name="C546_Verifybackbutton" time="4.744">
    <failure type="java.lang.NullPointerException" message="inStream parameter is null">
      <![CDATA[java.lang.NullPointerException: inStream parameter is null
at java.base/java.util.Objects.requireNonNull(Objects.java:233)
at java.base/java.util.Properties.load(Properties.java:407)
at selenium.base.SeleniumBase.getPropfile(SeleniumBase.java:1877)
at icivics_pages.GoogleIntegration_Pg2TeacherRegistration.Registrationpage(GoogleIntegration_Pg2TeacherRegistration.java:49)
at icivics_testcases.I43_GoogleIntegration_Pg2TeacherRegistration_Test.C546_Verifybackbutton(I43_GoogleIntegration_Pg2TeacherRegistration_Test.java:48)
at java.base/java.util.ArrayList.forEach(ArrayList.java:1511)
... Removed 27 stack frames]]>
    </failure>
  </testcase> <!-- C546_Verifybackbutton -->
  <testcase classname="icivics_testcases.I43_GoogleIntegration_Pg2TeacherRegistration_Test" name="C547_Verifyfieldselection" time="5.237">
    <skipped/>
  </testcase> <!-- C547_Verifyfieldselection -->
  <testcase classname="icivics_testcases.I43_GoogleIntegration_Pg2TeacherRegistration_Test" name="C547_Verifyfieldselection" time="4.552">
    <skipped/>
  </testcase> <!-- C547_Verifyfieldselection -->
  <testcase classname="icivics_testcases.I43_GoogleIntegration_Pg2TeacherRegistration_Test" name="C547_Verifyfieldselection" time="4.865">
    <skipped/>
  </testcase> <!-- C547_Verifyfieldselection -->
  <testcase classname="icivics_testcases.I43_GoogleIntegration_Pg2TeacherRegistration_Test" name="C547_Verifyfieldselection" time="5.031">
    <failure type="java.lang.NullPointerException" message="inStream parameter is null">
      <![CDATA[java.lang.NullPointerException: inStream parameter is null
at java.base/java.util.Objects.requireNonNull(Objects.java:233)
at java.base/java.util.Properties.load(Properties.java:407)
at selenium.base.SeleniumBase.getPropfile(SeleniumBase.java:1877)
at icivics_pages.GoogleIntegration_Pg2TeacherRegistration.Registrationpage(GoogleIntegration_Pg2TeacherRegistration.java:49)
at icivics_testcases.I43_GoogleIntegration_Pg2TeacherRegistration_Test.C547_Verifyfieldselection(I43_GoogleIntegration_Pg2TeacherRegistration_Test.java:58)
at java.base/java.util.ArrayList.forEach(ArrayList.java:1511)
... Removed 27 stack frames]]>
    </failure>
  </testcase> <!-- C547_Verifyfieldselection -->
  <testcase classname="icivics_testcases.I43_GoogleIntegration_Pg2TeacherRegistration_Test" name="C548_Verifyfieldswithinvaliddata" time="5.225">
    <skipped/>
  </testcase> <!-- C548_Verifyfieldswithinvaliddata -->
  <testcase classname="icivics_testcases.I43_GoogleIntegration_Pg2TeacherRegistration_Test" name="C548_Verifyfieldswithinvaliddata" time="4.886">
    <skipped/>
  </testcase> <!-- C548_Verifyfieldswithinvaliddata -->
  <testcase classname="icivics_testcases.I43_GoogleIntegration_Pg2TeacherRegistration_Test" name="C548_Verifyfieldswithinvaliddata" time="4.731">
    <skipped/>
  </testcase> <!-- C548_Verifyfieldswithinvaliddata -->
  <testcase classname="icivics_testcases.I43_GoogleIntegration_Pg2TeacherRegistration_Test" name="C548_Verifyfieldswithinvaliddata" time="4.765">
    <failure type="java.lang.NullPointerException" message="inStream parameter is null">
      <![CDATA[java.lang.NullPointerException: inStream parameter is null
at java.base/java.util.Objects.requireNonNull(Objects.java:233)
at java.base/java.util.Properties.load(Properties.java:407)
at selenium.base.SeleniumBase.getPropfile(SeleniumBase.java:1877)
at icivics_pages.GoogleIntegration_Pg2TeacherRegistration.Registrationpage(GoogleIntegration_Pg2TeacherRegistration.java:49)
at icivics_testcases.I43_GoogleIntegration_Pg2TeacherRegistration_Test.C548_Verifyfieldswithinvaliddata(I43_GoogleIntegration_Pg2TeacherRegistration_Test.java:69)
at java.base/java.util.ArrayList.forEach(ArrayList.java:1511)
... Removed 27 stack frames]]>
    </failure>
  </testcase> <!-- C548_Verifyfieldswithinvaliddata -->
  <testcase classname="icivics_testcases.I43_GoogleIntegration_Pg2TeacherRegistration_Test" name="C549_Verifyfieldswithinvaliddata" time="5.074">
    <skipped/>
  </testcase> <!-- C549_Verifyfieldswithinvaliddata -->
  <testcase classname="icivics_testcases.I43_GoogleIntegration_Pg2TeacherRegistration_Test" name="C549_Verifyfieldswithinvaliddata" time="4.877">
    <skipped/>
  </testcase> <!-- C549_Verifyfieldswithinvaliddata -->
  <testcase classname="icivics_testcases.I43_GoogleIntegration_Pg2TeacherRegistration_Test" name="C549_Verifyfieldswithinvaliddata" time="4.915">
    <skipped/>
  </testcase> <!-- C549_Verifyfieldswithinvaliddata -->
  <testcase classname="icivics_testcases.I43_GoogleIntegration_Pg2TeacherRegistration_Test" name="C549_Verifyfieldswithinvaliddata" time="6.455">
    <failure type="java.lang.NullPointerException" message="inStream parameter is null">
      <![CDATA[java.lang.NullPointerException: inStream parameter is null
at java.base/java.util.Objects.requireNonNull(Objects.java:233)
at java.base/java.util.Properties.load(Properties.java:407)
at selenium.base.SeleniumBase.getPropfile(SeleniumBase.java:1877)
at icivics_pages.GoogleIntegration_Pg2TeacherRegistration.Registrationpage(GoogleIntegration_Pg2TeacherRegistration.java:49)
at icivics_testcases.I43_GoogleIntegration_Pg2TeacherRegistration_Test.C549_Verifyfieldswithinvaliddata(I43_GoogleIntegration_Pg2TeacherRegistration_Test.java:80)
at java.base/java.util.ArrayList.forEach(ArrayList.java:1511)
... Removed 27 stack frames]]>
    </failure>
  </testcase> <!-- C549_Verifyfieldswithinvaliddata -->
  <testcase classname="icivics_testcases.I43_GoogleIntegration_Pg2TeacherRegistration_Test" name="C550_Verifyfieldswithvaliddata" time="4.777">
    <skipped/>
  </testcase> <!-- C550_Verifyfieldswithvaliddata -->
  <testcase classname="icivics_testcases.I43_GoogleIntegration_Pg2TeacherRegistration_Test" name="C550_Verifyfieldswithvaliddata" time="4.753">
    <skipped/>
  </testcase> <!-- C550_Verifyfieldswithvaliddata -->
  <testcase classname="icivics_testcases.I43_GoogleIntegration_Pg2TeacherRegistration_Test" name="C550_Verifyfieldswithvaliddata" time="5.105">
    <skipped/>
  </testcase> <!-- C550_Verifyfieldswithvaliddata -->
  <testcase classname="icivics_testcases.I43_GoogleIntegration_Pg2TeacherRegistration_Test" name="C550_Verifyfieldswithvaliddata" time="4.587">
    <failure type="java.lang.NullPointerException" message="inStream parameter is null">
      <![CDATA[java.lang.NullPointerException: inStream parameter is null
at java.base/java.util.Objects.requireNonNull(Objects.java:233)
at java.base/java.util.Properties.load(Properties.java:407)
at selenium.base.SeleniumBase.getPropfile(SeleniumBase.java:1877)
at icivics_pages.GoogleIntegration_Pg2TeacherRegistration.Registrationpage(GoogleIntegration_Pg2TeacherRegistration.java:49)
at icivics_testcases.I43_GoogleIntegration_Pg2TeacherRegistration_Test.C550_Verifyfieldswithvaliddata(I43_GoogleIntegration_Pg2TeacherRegistration_Test.java:92)
at java.base/java.util.ArrayList.forEach(ArrayList.java:1511)
... Removed 27 stack frames]]>
    </failure>
  </testcase> <!-- C550_Verifyfieldswithvaliddata -->
  <testcase classname="icivics_testcases.I44_GoogleIntegration_Pg3TeacherRegistration_Test" name="C551_Verifypagecount3" time="4.84">
    <skipped/>
  </testcase> <!-- C551_Verifypagecount3 -->
  <testcase classname="icivics_testcases.I44_GoogleIntegration_Pg3TeacherRegistration_Test" name="C551_Verifypagecount3" time="4.794">
    <skipped/>
  </testcase> <!-- C551_Verifypagecount3 -->
  <testcase classname="icivics_testcases.I44_GoogleIntegration_Pg3TeacherRegistration_Test" name="C551_Verifypagecount3" time="4.699">
    <skipped/>
  </testcase> <!-- C551_Verifypagecount3 -->
  <testcase classname="icivics_testcases.I44_GoogleIntegration_Pg3TeacherRegistration_Test" name="C551_Verifypagecount3" time="4.617">
    <failure type="java.lang.NullPointerException" message="inStream parameter is null">
      <![CDATA[java.lang.NullPointerException: inStream parameter is null
at java.base/java.util.Objects.requireNonNull(Objects.java:233)
at java.base/java.util.Properties.load(Properties.java:407)
at selenium.base.SeleniumBase.getPropfile(SeleniumBase.java:1877)
at icivics_pages.GoogleIntegration_Pg3TeacherRegistration.Registrationpage1(GoogleIntegration_Pg3TeacherRegistration.java:49)
at icivics_testcases.I44_GoogleIntegration_Pg3TeacherRegistration_Test.C551_Verifypagecount3(I44_GoogleIntegration_Pg3TeacherRegistration_Test.java:27)
at java.base/java.util.ArrayList.forEach(ArrayList.java:1511)
... Removed 27 stack frames]]>
    </failure>
  </testcase> <!-- C551_Verifypagecount3 -->
  <testcase classname="icivics_testcases.I44_GoogleIntegration_Pg3TeacherRegistration_Test" name="C552_Verifypage3fields" time="4.75">
    <skipped/>
  </testcase> <!-- C552_Verifypage3fields -->
  <testcase classname="icivics_testcases.I44_GoogleIntegration_Pg3TeacherRegistration_Test" name="C552_Verifypage3fields" time="4.73">
    <skipped/>
  </testcase> <!-- C552_Verifypage3fields -->
  <testcase classname="icivics_testcases.I44_GoogleIntegration_Pg3TeacherRegistration_Test" name="C552_Verifypage3fields" time="9.082">
    <skipped/>
  </testcase> <!-- C552_Verifypage3fields -->
  <testcase classname="icivics_testcases.I44_GoogleIntegration_Pg3TeacherRegistration_Test" name="C552_Verifypage3fields" time="5.111">
    <failure type="java.lang.NullPointerException" message="inStream parameter is null">
      <![CDATA[java.lang.NullPointerException: inStream parameter is null
at java.base/java.util.Objects.requireNonNull(Objects.java:233)
at java.base/java.util.Properties.load(Properties.java:407)
at selenium.base.SeleniumBase.getPropfile(SeleniumBase.java:1877)
at icivics_pages.GoogleIntegration_Pg3TeacherRegistration.Registrationpage1(GoogleIntegration_Pg3TeacherRegistration.java:49)
at icivics_testcases.I44_GoogleIntegration_Pg3TeacherRegistration_Test.C552_Verifypage3fields(I44_GoogleIntegration_Pg3TeacherRegistration_Test.java:38)
at java.base/java.util.ArrayList.forEach(ArrayList.java:1511)
... Removed 27 stack frames]]>
    </failure>
  </testcase> <!-- C552_Verifypage3fields -->
  <testcase classname="icivics_testcases.I44_GoogleIntegration_Pg3TeacherRegistration_Test" name="C553_Verifybackbutton" time="5.599">
    <skipped/>
  </testcase> <!-- C553_Verifybackbutton -->
  <testcase classname="icivics_testcases.I44_GoogleIntegration_Pg3TeacherRegistration_Test" name="C553_Verifybackbutton" time="5.17">
    <skipped/>
  </testcase> <!-- C553_Verifybackbutton -->
  <testcase classname="icivics_testcases.I44_GoogleIntegration_Pg3TeacherRegistration_Test" name="C553_Verifybackbutton" time="4.708">
    <skipped/>
  </testcase> <!-- C553_Verifybackbutton -->
  <testcase classname="icivics_testcases.I44_GoogleIntegration_Pg3TeacherRegistration_Test" name="C553_Verifybackbutton" time="4.75">
    <failure type="java.lang.NullPointerException" message="inStream parameter is null">
      <![CDATA[java.lang.NullPointerException: inStream parameter is null
at java.base/java.util.Objects.requireNonNull(Objects.java:233)
at java.base/java.util.Properties.load(Properties.java:407)
at selenium.base.SeleniumBase.getPropfile(SeleniumBase.java:1877)
at icivics_pages.GoogleIntegration_Pg3TeacherRegistration.Registrationpage1(GoogleIntegration_Pg3TeacherRegistration.java:49)
at icivics_testcases.I44_GoogleIntegration_Pg3TeacherRegistration_Test.C553_Verifybackbutton(I44_GoogleIntegration_Pg3TeacherRegistration_Test.java:46)
at java.base/java.util.ArrayList.forEach(ArrayList.java:1511)
... Removed 27 stack frames]]>
    </failure>
  </testcase> <!-- C553_Verifybackbutton -->
  <testcase classname="icivics_testcases.I44_GoogleIntegration_Pg3TeacherRegistration_Test" name="C554_Verifygettingstartedpagewithemailcheck1" time="4.769">
    <skipped/>
  </testcase> <!-- C554_Verifygettingstartedpagewithemailcheck1 -->
  <testcase classname="icivics_testcases.I44_GoogleIntegration_Pg3TeacherRegistration_Test" name="C554_Verifygettingstartedpagewithemailcheck1" time="4.967">
    <skipped/>
  </testcase> <!-- C554_Verifygettingstartedpagewithemailcheck1 -->
  <testcase classname="icivics_testcases.I44_GoogleIntegration_Pg3TeacherRegistration_Test" name="C554_Verifygettingstartedpagewithemailcheck1" time="5.311">
    <skipped/>
  </testcase> <!-- C554_Verifygettingstartedpagewithemailcheck1 -->
  <testcase classname="icivics_testcases.I44_GoogleIntegration_Pg3TeacherRegistration_Test" name="C554_Verifygettingstartedpagewithemailcheck1" time="4.794">
    <failure type="java.lang.NullPointerException" message="inStream parameter is null">
      <![CDATA[java.lang.NullPointerException: inStream parameter is null
at java.base/java.util.Objects.requireNonNull(Objects.java:233)
at java.base/java.util.Properties.load(Properties.java:407)
at selenium.base.SeleniumBase.getPropfile(SeleniumBase.java:1877)
at icivics_pages.GoogleIntegration_Pg3TeacherRegistration.Registrationpage1(GoogleIntegration_Pg3TeacherRegistration.java:49)
at icivics_testcases.I44_GoogleIntegration_Pg3TeacherRegistration_Test.C554_Verifygettingstartedpagewithemailcheck1(I44_GoogleIntegration_Pg3TeacherRegistration_Test.java:55)
at java.base/java.util.ArrayList.forEach(ArrayList.java:1511)
... Removed 27 stack frames]]>
    </failure>
  </testcase> <!-- C554_Verifygettingstartedpagewithemailcheck1 -->
  <testcase classname="icivics_testcases.I44_GoogleIntegration_Pg3TeacherRegistration_Test" name="C555_Verifygettingstartedpagewithemailcheck" time="5.185">
    <skipped/>
  </testcase> <!-- C555_Verifygettingstartedpagewithemailcheck -->
  <testcase classname="icivics_testcases.I44_GoogleIntegration_Pg3TeacherRegistration_Test" name="C555_Verifygettingstartedpagewithemailcheck" time="6.24">
    <skipped/>
  </testcase> <!-- C555_Verifygettingstartedpagewithemailcheck -->
  <testcase classname="icivics_testcases.I44_GoogleIntegration_Pg3TeacherRegistration_Test" name="C555_Verifygettingstartedpagewithemailcheck" time="5.179">
    <skipped/>
  </testcase> <!-- C555_Verifygettingstartedpagewithemailcheck -->
  <testcase classname="icivics_testcases.I44_GoogleIntegration_Pg3TeacherRegistration_Test" name="C555_Verifygettingstartedpagewithemailcheck" time="5.244">
    <failure type="java.lang.NullPointerException" message="inStream parameter is null">
      <![CDATA[java.lang.NullPointerException: inStream parameter is null
at java.base/java.util.Objects.requireNonNull(Objects.java:233)
at java.base/java.util.Properties.load(Properties.java:407)
at selenium.base.SeleniumBase.getPropfile(SeleniumBase.java:1877)
at icivics_pages.GoogleIntegration_Pg3TeacherRegistration.Registrationpage1(GoogleIntegration_Pg3TeacherRegistration.java:49)
at icivics_testcases.I44_GoogleIntegration_Pg3TeacherRegistration_Test.C555_Verifygettingstartedpagewithemailcheck(I44_GoogleIntegration_Pg3TeacherRegistration_Test.java:66)
at java.base/java.util.ArrayList.forEach(ArrayList.java:1511)
... Removed 27 stack frames]]>
    </failure>
  </testcase> <!-- C555_Verifygettingstartedpagewithemailcheck -->
  <testcase classname="icivics_testcases.I44_GoogleIntegration_Pg3TeacherRegistration_Test" name="C555_Verifygettingstartedpagewithemailuncheck" time="5.311">
    <skipped/>
  </testcase> <!-- C555_Verifygettingstartedpagewithemailuncheck -->
  <testcase classname="icivics_testcases.I44_GoogleIntegration_Pg3TeacherRegistration_Test" name="C555_Verifygettingstartedpagewithemailuncheck" time="5.079">
    <skipped/>
  </testcase> <!-- C555_Verifygettingstartedpagewithemailuncheck -->
  <testcase classname="icivics_testcases.I44_GoogleIntegration_Pg3TeacherRegistration_Test" name="C555_Verifygettingstartedpagewithemailuncheck" time="5.313">
    <skipped/>
  </testcase> <!-- C555_Verifygettingstartedpagewithemailuncheck -->
  <testcase classname="icivics_testcases.I44_GoogleIntegration_Pg3TeacherRegistration_Test" name="C555_Verifygettingstartedpagewithemailuncheck" time="5.148">
    <failure type="java.lang.NullPointerException" message="inStream parameter is null">
      <![CDATA[java.lang.NullPointerException: inStream parameter is null
at java.base/java.util.Objects.requireNonNull(Objects.java:233)
at java.base/java.util.Properties.load(Properties.java:407)
at selenium.base.SeleniumBase.getPropfile(SeleniumBase.java:1877)
at icivics_pages.GoogleIntegration_Pg3TeacherRegistration.verifydeleteuserfrombackend(GoogleIntegration_Pg3TeacherRegistration.java:260)
at icivics_testcases.I44_GoogleIntegration_Pg3TeacherRegistration_Test.C555_Verifygettingstartedpagewithemailuncheck(I44_GoogleIntegration_Pg3TeacherRegistration_Test.java:77)
at java.base/java.util.ArrayList.forEach(ArrayList.java:1511)
... Removed 27 stack frames]]>
    </failure>
  </testcase> <!-- C555_Verifygettingstartedpagewithemailuncheck -->
  <testcase classname="icivics_testcases.I44_GoogleIntegration_Pg3TeacherRegistration_Test" name="C556_Verifysynccheckboxwithemailcheck" time="4.868">
    <skipped/>
  </testcase> <!-- C556_Verifysynccheckboxwithemailcheck -->
  <testcase classname="icivics_testcases.I44_GoogleIntegration_Pg3TeacherRegistration_Test" name="C556_Verifysynccheckboxwithemailcheck" time="4.624">
    <skipped/>
  </testcase> <!-- C556_Verifysynccheckboxwithemailcheck -->
  <testcase classname="icivics_testcases.I44_GoogleIntegration_Pg3TeacherRegistration_Test" name="C556_Verifysynccheckboxwithemailcheck" time="4.828">
    <skipped/>
  </testcase> <!-- C556_Verifysynccheckboxwithemailcheck -->
  <testcase classname="icivics_testcases.I44_GoogleIntegration_Pg3TeacherRegistration_Test" name="C556_Verifysynccheckboxwithemailcheck" time="6.133">
    <failure type="java.lang.NullPointerException" message="inStream parameter is null">
      <![CDATA[java.lang.NullPointerException: inStream parameter is null
at java.base/java.util.Objects.requireNonNull(Objects.java:233)
at java.base/java.util.Properties.load(Properties.java:407)
at selenium.base.SeleniumBase.getPropfile(SeleniumBase.java:1877)
at icivics_pages.GoogleIntegration_Pg3TeacherRegistration.verifydeleteuserfrombackend(GoogleIntegration_Pg3TeacherRegistration.java:260)
at icivics_testcases.I44_GoogleIntegration_Pg3TeacherRegistration_Test.C556_Verifysynccheckboxwithemailcheck(I44_GoogleIntegration_Pg3TeacherRegistration_Test.java:89)
at java.base/java.util.ArrayList.forEach(ArrayList.java:1511)
... Removed 27 stack frames]]>
    </failure>
  </testcase> <!-- C556_Verifysynccheckboxwithemailcheck -->
  <testcase classname="icivics_testcases.I44_GoogleIntegration_Pg3TeacherRegistration_Test" name="C556_Verifysynccheckboxwithemailuncheck" time="5.341">
    <skipped/>
  </testcase> <!-- C556_Verifysynccheckboxwithemailuncheck -->
  <testcase classname="icivics_testcases.I44_GoogleIntegration_Pg3TeacherRegistration_Test" name="C556_Verifysynccheckboxwithemailuncheck" time="4.891">
    <skipped/>
  </testcase> <!-- C556_Verifysynccheckboxwithemailuncheck -->
  <testcase classname="icivics_testcases.I44_GoogleIntegration_Pg3TeacherRegistration_Test" name="C556_Verifysynccheckboxwithemailuncheck" time="5.075">
    <skipped/>
  </testcase> <!-- C556_Verifysynccheckboxwithemailuncheck -->
  <testcase classname="icivics_testcases.I44_GoogleIntegration_Pg3TeacherRegistration_Test" name="C556_Verifysynccheckboxwithemailuncheck" time="4.791">
    <failure type="java.lang.NullPointerException" message="inStream parameter is null">
      <![CDATA[java.lang.NullPointerException: inStream parameter is null
at java.base/java.util.Objects.requireNonNull(Objects.java:233)
at java.base/java.util.Properties.load(Properties.java:407)
at selenium.base.SeleniumBase.getPropfile(SeleniumBase.java:1877)
at icivics_pages.GoogleIntegration_Pg3TeacherRegistration.verifydeleteuserfrombackend(GoogleIntegration_Pg3TeacherRegistration.java:260)
at icivics_testcases.I44_GoogleIntegration_Pg3TeacherRegistration_Test.C556_Verifysynccheckboxwithemailuncheck(I44_GoogleIntegration_Pg3TeacherRegistration_Test.java:101)
at java.base/java.util.ArrayList.forEach(ArrayList.java:1511)
... Removed 27 stack frames]]>
    </failure>
  </testcase> <!-- C556_Verifysynccheckboxwithemailuncheck -->
  <testcase classname="icivics_testcases.I45_GoogleIntegration_StudentRegistration_Test" name="C557_Verifyagreetotermsandconditionfield" time="4.994">
    <skipped/>
  </testcase> <!-- C557_Verifyagreetotermsandconditionfield -->
  <testcase classname="icivics_testcases.I45_GoogleIntegration_StudentRegistration_Test" name="C557_Verifyagreetotermsandconditionfield" time="4.855">
    <skipped/>
  </testcase> <!-- C557_Verifyagreetotermsandconditionfield -->
  <testcase classname="icivics_testcases.I45_GoogleIntegration_StudentRegistration_Test" name="C557_Verifyagreetotermsandconditionfield" time="5.118">
    <skipped/>
  </testcase> <!-- C557_Verifyagreetotermsandconditionfield -->
  <testcase classname="icivics_testcases.I45_GoogleIntegration_StudentRegistration_Test" name="C557_Verifyagreetotermsandconditionfield" time="5.076">
    <failure type="java.lang.NullPointerException" message="inStream parameter is null">
      <![CDATA[java.lang.NullPointerException: inStream parameter is null
at java.base/java.util.Objects.requireNonNull(Objects.java:233)
at java.base/java.util.Properties.load(Properties.java:407)
at selenium.base.SeleniumBase.getPropfile(SeleniumBase.java:1877)
at icivics_pages.GoogleIntegration_StudentRegistration.verifyregisterasstudent(GoogleIntegration_StudentRegistration.java:51)
at icivics_testcases.I45_GoogleIntegration_StudentRegistration_Test.C557_Verifyagreetotermsandconditionfield(I45_GoogleIntegration_StudentRegistration_Test.java:29)
at java.base/java.util.ArrayList.forEach(ArrayList.java:1511)
... Removed 27 stack frames]]>
    </failure>
  </testcase> <!-- C557_Verifyagreetotermsandconditionfield -->
  <testcase classname="icivics_testcases.I45_GoogleIntegration_StudentRegistration_Test" name="C558_Verifyerrormsg" time="5.121">
    <skipped/>
  </testcase> <!-- C558_Verifyerrormsg -->
  <testcase classname="icivics_testcases.I45_GoogleIntegration_StudentRegistration_Test" name="C558_Verifyerrormsg" time="5.056">
    <skipped/>
  </testcase> <!-- C558_Verifyerrormsg -->
  <testcase classname="icivics_testcases.I45_GoogleIntegration_StudentRegistration_Test" name="C558_Verifyerrormsg" time="6.66">
    <skipped/>
  </testcase> <!-- C558_Verifyerrormsg -->
  <testcase classname="icivics_testcases.I45_GoogleIntegration_StudentRegistration_Test" name="C558_Verifyerrormsg" time="5.083">
    <failure type="java.lang.NullPointerException" message="inStream parameter is null">
      <![CDATA[java.lang.NullPointerException: inStream parameter is null
at java.base/java.util.Objects.requireNonNull(Objects.java:233)
at java.base/java.util.Properties.load(Properties.java:407)
at selenium.base.SeleniumBase.getPropfile(SeleniumBase.java:1877)
at icivics_pages.GoogleIntegration_StudentRegistration.verifyregisterasstudent(GoogleIntegration_StudentRegistration.java:51)
at icivics_testcases.I45_GoogleIntegration_StudentRegistration_Test.C558_Verifyerrormsg(I45_GoogleIntegration_StudentRegistration_Test.java:40)
at java.base/java.util.ArrayList.forEach(ArrayList.java:1511)
... Removed 27 stack frames]]>
    </failure>
  </testcase> <!-- C558_Verifyerrormsg -->
  <testcase classname="icivics_testcases.I45_GoogleIntegration_StudentRegistration_Test" name="C559_Verifyerrormsg" time="7.455">
    <skipped/>
  </testcase> <!-- C559_Verifyerrormsg -->
  <testcase classname="icivics_testcases.I45_GoogleIntegration_StudentRegistration_Test" name="C559_Verifyerrormsg" time="4.891">
    <skipped/>
  </testcase> <!-- C559_Verifyerrormsg -->
  <testcase classname="icivics_testcases.I45_GoogleIntegration_StudentRegistration_Test" name="C559_Verifyerrormsg" time="5.511">
    <skipped/>
  </testcase> <!-- C559_Verifyerrormsg -->
  <testcase classname="icivics_testcases.I45_GoogleIntegration_StudentRegistration_Test" name="C559_Verifyerrormsg" time="5.756">
    <failure type="java.lang.NullPointerException" message="inStream parameter is null">
      <![CDATA[java.lang.NullPointerException: inStream parameter is null
at java.base/java.util.Objects.requireNonNull(Objects.java:233)
at java.base/java.util.Properties.load(Properties.java:407)
at selenium.base.SeleniumBase.getPropfile(SeleniumBase.java:1877)
at icivics_pages.GoogleIntegration_StudentRegistration.verifyregisterasstudent(GoogleIntegration_StudentRegistration.java:51)
at icivics_testcases.I45_GoogleIntegration_StudentRegistration_Test.C559_Verifyerrormsg(I45_GoogleIntegration_StudentRegistration_Test.java:52)
at java.base/java.util.ArrayList.forEach(ArrayList.java:1511)
... Removed 27 stack frames]]>
    </failure>
  </testcase> <!-- C559_Verifyerrormsg -->
  <testcase classname="icivics_testcases.I50_PlayHub_ArgumentsWar_Test" name="C81_Verifylink" time="10.802"/>
  <testcase classname="icivics_testcases.I50_PlayHub_ArgumentsWar_Test" name="C82_Verifypopup" time="20.636"/>
  <testcase classname="icivics_testcases.I50_PlayHub_ArgumentsWar_Test" name="C84_Verifyeducatorbutton" time="45.576"/>
  <testcase classname="icivics_testcases.I50_PlayHub_ArgumentsWar_Test" name="C85_Verifyeducatorbuttonforstudent" time="43.981"/>
  <testcase classname="icivics_testcases.I50_PlayHub_ArgumentsWar_Test" name="C85_Verifyeducatorbuttonforanonymoususer" time="4.14"/>
  <testcase classname="icivics_testcases.I50_PlayHub_ArgumentsWar_Test" name="C86_Verifyteacherresourcespopup" time="48.142"/>
  <testcase classname="icivics_testcases.I50_PlayHub_ArgumentsWar_Test" name="C87_Verifyassignpopup" time="71.965"/>
  <testcase classname="icivics_testcases.I50_PlayHub_ArgumentsWar_Test" name="C88_Verifyassignform" time="74.387"/>
  <testcase classname="icivics_testcases.I50_PlayHub_ArgumentsWar_Test" name="C89_Verifyappleapp" time="317.455"/>
  <testcase classname="icivics_testcases.I50_PlayHub_ArgumentsWar_Test" name="C90_Verifyappleapppage" time="522.406"/>
  <testcase classname="icivics_testcases.I50_PlayHub_ArgumentsWar_Test" name="C91_Verifygoogleplaybutton" time="301.971"/>
  <testcase classname="icivics_testcases.I50_PlayHub_ArgumentsWar_Test" name="C92_Verifygoogleplaypage" time="515.397"/>
  <testcase classname="icivics_testcases.I50_PlayHub_ArgumentsWar_Test" name="C93_Verifyextensionpack" time="44.464"/>
  <testcase classname="icivics_testcases.I50_PlayHub_ArgumentsWar_Test" name="C93_Verifyextensionpackforsortifygame" time="45.428"/>
  <testcase classname="icivics_testcases.I50_PlayHub_ArgumentsWar_Test" name="C94_Verifyextensionpackforanonymoususere" time="9.59"/>
  <testcase classname="icivics_testcases.I50_PlayHub_ArgumentsWar_Test" name="C94_Verifyextensionpackforstudent" time="39.832"/>
  <testcase classname="icivics_testcases.I50_PlayHub_ArgumentsWar_Test" name="C95_Verifyextensionpackclick" time="72.845"/>
  <testcase classname="icivics_testcases.I50_PlayHub_ArgumentsWar_Test" name="C96_Verifylearningobjectives" time="45.063"/>
  <testcase classname="icivics_testcases.I50_PlayHub_ArgumentsWar_Test" name="C97_Verifylearningobjectivesforanonymoususer" time="6.013"/>
  <testcase classname="icivics_testcases.I50_PlayHub_ArgumentsWar_Test" name="C97_Verifylearningobjectivesforstudent" time="40.974"/>
  <testcase classname="icivics_testcases.I51_PlayHub_MainsGamePage_Test" name="C73_Verifymainsgamepage" time="25.825"/>
  <testcase classname="icivics_testcases.I51_PlayHub_MainsGamePage_Test" name="C73_Verifyleftcarousel" time="15.557"/>
  <testcase classname="icivics_testcases.I51_PlayHub_MainsGamePage_Test" name="C73_Verifyrightcarousel" time="9.622"/>
  <testcase classname="icivics_testcases.I51_PlayHub_MainsGamePage_Test" name="C73_Verifycarouseldots" time="39.3"/>
  <testcase classname="icivics_testcases.I51_PlayHub_MainsGamePage_Test" name="C73_Verifycarouseldots3rdpage" time="8.458"/>
  <testcase classname="icivics_testcases.I51_PlayHub_MainsGamePage_Test" name="C73_Verifybannerasananonymoususer" time="10.183"/>
  <testcase classname="icivics_testcases.I51_PlayHub_MainsGamePage_Test" name="C73_Verifybannerasastudentlogin" time="10.195">
    <skipped/>
  </testcase> <!-- C73_Verifybannerasastudentlogin -->
  <testcase classname="icivics_testcases.I51_PlayHub_MainsGamePage_Test" name="C73_Verifybannerasastudentlogin" time="9.236">
    <skipped/>
  </testcase> <!-- C73_Verifybannerasastudentlogin -->
  <testcase classname="icivics_testcases.I51_PlayHub_MainsGamePage_Test" name="C73_Verifybannerasastudentlogin" time="12.486">
    <skipped/>
  </testcase> <!-- C73_Verifybannerasastudentlogin -->
  <testcase classname="icivics_testcases.I51_PlayHub_MainsGamePage_Test" name="C73_Verifybannerasastudentlogin" time="9.483">
    <failure type="org.openqa.selenium.ElementNotInteractableException" message="element not interactable
  (Session info: chrome=104.0.5112.102)
Build info: version: &amp;apos;4.3.0&amp;apos;, revision: &amp;apos;a4995e2c09*&amp;apos;
System info: host: &amp;apos;AMX-AL-20-017-W&amp;apos;, ip: &amp;apos;10.10.7.1&amp;apos;, os.name: &amp;apos;Windows 11&amp;apos;, os.arch: &amp;apos;amd64&amp;apos;, os.version: &amp;apos;10.0&amp;apos;, java.version: &amp;apos;17.0.3&amp;apos;
Driver info: org.openqa.selenium.chrome.ChromeDriver
Command: [1ba094c5287530b136664d1785b45776, sendKeysToElement {id=b52be778-ce0a-4eca-9970-842b8d25e68b, value=[Ljava.lang.CharSequence;@69d295c0}]
Capabilities {acceptInsecureCerts: false, browserName: chrome, browserVersion: 104.0.5112.102, chrome: {chromedriverVersion: 104.0.5112.79 (3cf3e8c8a07d..., userDataDir: C:\Users\TRIPTI~1.GUP\AppDa...}, goog:chromeOptions: {debuggerAddress: localhost:61846}, networkConnectionEnabled: false, pageLoadStrategy: normal, platformName: WINDOWS, proxy: Proxy(), se:cdp: ws://localhost:61846/devtoo..., se:cdpVersion: 104.0.5112.102, setWindowRect: true, strictFileInteractability: false, timeouts: {implicit: 0, pageLoad: 300000, script: 30000}, unhandledPromptBehavior: dismiss and notify, webauthn:extension:credBlob: true, webauthn:extension:largeBlob: true, webauthn:virtualAuthenticators: true}
Element: [[ChromeDriver: chrome on WINDOWS (1ba094c5287530b136664d1785b45776)] -&amp;gt; xpath: //input[@type=&amp;apos;password&amp;apos;]]
Session ID: 1ba094c5287530b136664d1785b45776">
      <![CDATA[org.openqa.selenium.ElementNotInteractableException: element not interactable
  (Session info: chrome=104.0.5112.102)
Build info: version: '4.3.0', revision: 'a4995e2c09*'
System info: host: 'AMX-AL-20-017-W', ip: '10.10.7.1', os.name: 'Windows 11', os.arch: 'amd64', os.version: '10.0', java.version: '17.0.3'
Driver info: org.openqa.selenium.chrome.ChromeDriver
Command: [1ba094c5287530b136664d1785b45776, sendKeysToElement {id=b52be778-ce0a-4eca-9970-842b8d25e68b, value=[Ljava.lang.CharSequence;@69d295c0}]
Capabilities {acceptInsecureCerts: false, browserName: chrome, browserVersion: 104.0.5112.102, chrome: {chromedriverVersion: 104.0.5112.79 (3cf3e8c8a07d..., userDataDir: C:\Users\TRIPTI~1.GUP\AppDa...}, goog:chromeOptions: {debuggerAddress: localhost:61846}, networkConnectionEnabled: false, pageLoadStrategy: normal, platformName: WINDOWS, proxy: Proxy(), se:cdp: ws://localhost:61846/devtoo..., se:cdpVersion: 104.0.5112.102, setWindowRect: true, strictFileInteractability: false, timeouts: {implicit: 0, pageLoad: 300000, script: 30000}, unhandledPromptBehavior: dismiss and notify, webauthn:extension:credBlob: true, webauthn:extension:largeBlob: true, webauthn:virtualAuthenticators: true}
Element: [[ChromeDriver: chrome on WINDOWS (1ba094c5287530b136664d1785b45776)] -> xpath: //input[@type='password']]
Session ID: 1ba094c5287530b136664d1785b45776
at org.openqa.selenium.remote.codec.w3c.W3CHttpResponseCodec.createException(W3CHttpResponseCodec.java:200)
at org.openqa.selenium.remote.codec.w3c.W3CHttpResponseCodec.decode(W3CHttpResponseCodec.java:133)
at org.openqa.selenium.remote.codec.w3c.W3CHttpResponseCodec.decode(W3CHttpResponseCodec.java:53)
at org.openqa.selenium.remote.HttpCommandExecutor.execute(HttpCommandExecutor.java:184)
at org.openqa.selenium.remote.service.DriverCommandExecutor.invokeExecute(DriverCommandExecutor.java:167)
at org.openqa.selenium.remote.service.DriverCommandExecutor.execute(DriverCommandExecutor.java:142)
at org.openqa.selenium.remote.RemoteWebDriver.execute(RemoteWebDriver.java:569)
at org.openqa.selenium.remote.RemoteWebElement.execute(RemoteWebElement.java:257)
at org.openqa.selenium.remote.RemoteWebElement.sendKeys(RemoteWebElement.java:113)
at icivics_pages.PlayHub_MainsGamePage.Verifyloginasastudentregisterasastudentbanner(PlayHub_MainsGamePage.java:186)
at icivics_testcases.I51_PlayHub_MainsGamePage_Test.C73_Verifybannerasastudentlogin(I51_PlayHub_MainsGamePage_Test.java:76)
at java.base/java.util.ArrayList.forEach(ArrayList.java:1511)
... Removed 32 stack frames]]>
    </failure>
  </testcase> <!-- C73_Verifybannerasastudentlogin -->
  <testcase classname="icivics_testcases.I51_PlayHub_MainsGamePage_Test" name="C73_Verifybannerasateacherlogin" time="16.517"/>
  <testcase classname="icivics_testcases.I51_PlayHub_MainsGamePage_Test" name="C73_Verifyregisterbuttonclick" time="15.849"/>
  <testcase classname="icivics_testcases.I51_PlayHub_MainsGamePage_Test" name="C73_VerifygamesTiles" time="14.505"/>
  <testcase classname="icivics_testcases.I51_PlayHub_MainsGamePage_Test" name="C73_VerifygamesTilesclick" time="156.313"/>
  <testcase classname="icivics_testcases.I51_PlayHub_MainsGamePage_Test" name="C73_Verifygreenteachertile" time="13.175"/>
  <testcase classname="icivics_testcases.I51_PlayHub_MainsGamePage_Test" name="C73_Verifyteachbutton" time="10.221"/>
  <testcase classname="icivics_testcases.I51_PlayHub_MainsGamePage_Test" name="C73_Verifygetstartedbutton" time="11.691"/>
  <testcase classname="icivics_testcases.I52_PlayHub_Gameload_Test" name="C83_Verifymainsgamepage" time="970.769"/>
  <testcase classname="utilities.Reporter" name="@BeforeSuite startReport" time="0.0">
    <ignored/>
  </testcase> <!-- @BeforeSuite startReport -->
  <testcase classname="utilities.Reporter" name="@BeforeSuite startReport" time="0.0">
    <ignored/>
  </testcase> <!-- @BeforeSuite startReport -->
  <testcase classname="utilities.Reporter" name="@BeforeSuite startReport" time="0.0">
    <ignored/>
  </testcase> <!-- @BeforeSuite startReport -->
  <testcase classname="utilities.Reporter" name="@BeforeSuite startReport" time="0.0">
    <ignored/>
  </testcase> <!-- @BeforeSuite startReport -->
  <testcase classname="utilities.Reporter" name="@BeforeSuite startReport" time="0.0">
    <ignored/>
  </testcase> <!-- @BeforeSuite startReport -->
  <testcase classname="utilities.Reporter" name="@BeforeSuite startReport" time="0.0">
    <ignored/>
  </testcase> <!-- @BeforeSuite startReport -->
  <testcase classname="utilities.Reporter" name="@BeforeSuite startReport" time="0.0">
    <ignored/>
  </testcase> <!-- @BeforeSuite startReport -->
  <testcase classname="utilities.Reporter" name="@BeforeSuite startReport" time="0.0">
    <ignored/>
  </testcase> <!-- @BeforeSuite startReport -->
  <testcase classname="utilities.Reporter" name="@BeforeSuite startReport" time="0.0">
    <ignored/>
  </testcase> <!-- @BeforeSuite startReport -->
  <testcase classname="utilities.Reporter" name="@BeforeSuite startReport" time="0.0">
    <ignored/>
  </testcase> <!-- @BeforeSuite startReport -->
  <testcase classname="utilities.Reporter" name="@BeforeSuite startReport" time="0.0">
    <ignored/>
  </testcase> <!-- @BeforeSuite startReport -->
  <testcase classname="utilities.Reporter" name="@BeforeSuite startReport" time="0.0">
    <ignored/>
  </testcase> <!-- @BeforeSuite startReport -->
  <testcase classname="utilities.Reporter" name="@BeforeSuite startReport" time="0.0">
    <ignored/>
  </testcase> <!-- @BeforeSuite startReport -->
  <testcase classname="utilities.Reporter" name="@BeforeSuite startReport" time="0.0">
    <ignored/>
  </testcase> <!-- @BeforeSuite startReport -->
  <testcase classname="utilities.Reporter" name="@BeforeSuite startReport" time="0.0">
    <ignored/>
  </testcase> <!-- @BeforeSuite startReport -->
  <testcase classname="utilities.Reporter" name="@BeforeSuite startReport" time="0.0">
    <ignored/>
  </testcase> <!-- @BeforeSuite startReport -->
  <testcase classname="utilities.Reporter" name="@BeforeSuite startReport" time="0.0">
    <ignored/>
  </testcase> <!-- @BeforeSuite startReport -->
  <testcase classname="utilities.Reporter" name="@BeforeSuite startReport" time="0.0">
    <ignored/>
  </testcase> <!-- @BeforeSuite startReport -->
  <testcase classname="utilities.Reporter" name="@BeforeSuite startReport" time="0.0">
    <ignored/>
  </testcase> <!-- @BeforeSuite startReport -->
  <testcase classname="utilities.Reporter" name="@BeforeSuite startReport" time="0.0">
    <ignored/>
  </testcase> <!-- @BeforeSuite startReport -->
  <testcase classname="utilities.Reporter" name="@BeforeSuite startReport" time="0.0">
    <ignored/>
  </testcase> <!-- @BeforeSuite startReport -->
  <testcase classname="utilities.Reporter" name="@BeforeSuite startReport" time="0.0">
    <ignored/>
  </testcase> <!-- @BeforeSuite startReport -->
  <testcase classname="utilities.Reporter" name="@BeforeSuite startReport" time="0.0">
    <ignored/>
  </testcase> <!-- @BeforeSuite startReport -->
  <testcase classname="utilities.Reporter" name="@BeforeSuite startReport" time="0.0">
    <ignored/>
  </testcase> <!-- @BeforeSuite startReport -->
  <testcase classname="utilities.Reporter" name="@BeforeSuite startReport" time="0.0">
    <ignored/>
  </testcase> <!-- @BeforeSuite startReport -->
  <testcase classname="utilities.Reporter" name="@BeforeSuite startReport" time="0.0">
    <ignored/>
  </testcase> <!-- @BeforeSuite startReport -->
  <testcase classname="utilities.Reporter" name="@BeforeSuite startReport" time="0.0">
    <ignored/>
  </testcase> <!-- @BeforeSuite startReport -->
  <testcase classname="utilities.Reporter" name="@BeforeSuite startReport" time="0.0">
    <ignored/>
  </testcase> <!-- @BeforeSuite startReport -->
  <testcase classname="utilities.Reporter" name="@AfterSuite stopReport" time="0.0">
    <ignored/>
  </testcase> <!-- @AfterSuite stopReport -->
  <testcase classname="utilities.Reporter" name="@AfterSuite stopReport" time="0.0">
    <ignored/>
  </testcase> <!-- @AfterSuite stopReport -->
  <testcase classname="utilities.Reporter" name="@AfterSuite stopReport" time="0.0">
    <ignored/>
  </testcase> <!-- @AfterSuite stopReport -->
  <testcase classname="utilities.Reporter" name="@AfterSuite stopReport" time="0.0">
    <ignored/>
  </testcase> <!-- @AfterSuite stopReport -->
  <testcase classname="utilities.Reporter" name="@AfterSuite stopReport" time="0.0">
    <ignored/>
  </testcase> <!-- @AfterSuite stopReport -->
  <testcase classname="utilities.Reporter" name="@AfterSuite stopReport" time="0.0">
    <ignored/>
  </testcase> <!-- @AfterSuite stopReport -->
  <testcase classname="utilities.Reporter" name="@AfterSuite stopReport" time="0.0">
    <ignored/>
  </testcase> <!-- @AfterSuite stopReport -->
  <testcase classname="utilities.Reporter" name="@AfterSuite stopReport" time="0.0">
    <ignored/>
  </testcase> <!-- @AfterSuite stopReport -->
  <testcase classname="utilities.Reporter" name="@AfterSuite stopReport" time="0.0">
    <ignored/>
  </testcase> <!-- @AfterSuite stopReport -->
  <testcase classname="utilities.Reporter" name="@AfterSuite stopReport" time="0.0">
    <ignored/>
  </testcase> <!-- @AfterSuite stopReport -->
  <testcase classname="utilities.Reporter" name="@AfterSuite stopReport" time="0.0">
    <ignored/>
  </testcase> <!-- @AfterSuite stopReport -->
  <testcase classname="utilities.Reporter" name="@AfterSuite stopReport" time="0.0">
    <ignored/>
  </testcase> <!-- @AfterSuite stopReport -->
  <testcase classname="utilities.Reporter" name="@AfterSuite stopReport" time="0.0">
    <ignored/>
  </testcase> <!-- @AfterSuite stopReport -->
  <testcase classname="utilities.Reporter" name="@AfterSuite stopReport" time="0.0">
    <ignored/>
  </testcase> <!-- @AfterSuite stopReport -->
  <testcase classname="utilities.Reporter" name="@AfterSuite stopReport" time="0.0">
    <ignored/>
  </testcase> <!-- @AfterSuite stopReport -->
  <testcase classname="utilities.Reporter" name="@AfterSuite stopReport" time="0.0">
    <ignored/>
  </testcase> <!-- @AfterSuite stopReport -->
  <testcase classname="utilities.Reporter" name="@AfterSuite stopReport" time="0.0">
    <ignored/>
  </testcase> <!-- @AfterSuite stopReport -->
  <testcase classname="utilities.Reporter" name="@AfterSuite stopReport" time="0.0">
    <ignored/>
  </testcase> <!-- @AfterSuite stopReport -->
  <testcase classname="utilities.Reporter" name="@AfterSuite stopReport" time="0.0">
    <ignored/>
  </testcase> <!-- @AfterSuite stopReport -->
  <testcase classname="utilities.Reporter" name="@AfterSuite stopReport" time="0.0">
    <ignored/>
  </testcase> <!-- @AfterSuite stopReport -->
  <testcase classname="utilities.Reporter" name="@AfterSuite stopReport" time="0.0">
    <ignored/>
  </testcase> <!-- @AfterSuite stopReport -->
  <testcase classname="utilities.Reporter" name="@AfterSuite stopReport" time="0.0">
    <ignored/>
  </testcase> <!-- @AfterSuite stopReport -->
  <testcase classname="utilities.Reporter" name="@AfterSuite stopReport" time="0.0">
    <ignored/>
  </testcase> <!-- @AfterSuite stopReport -->
  <testcase classname="utilities.Reporter" name="@AfterSuite stopReport" time="0.0">
    <ignored/>
  </testcase> <!-- @AfterSuite stopReport -->
  <testcase classname="utilities.Reporter" name="@AfterSuite stopReport" time="0.0">
    <ignored/>
  </testcase> <!-- @AfterSuite stopReport -->
  <testcase classname="utilities.Reporter" name="@AfterSuite stopReport" time="0.0">
    <ignored/>
  </testcase> <!-- @AfterSuite stopReport -->
  <testcase classname="utilities.Reporter" name="@AfterSuite stopReport" time="0.0">
    <ignored/>
  </testcase> <!-- @AfterSuite stopReport -->
  <testcase classname="utilities.Reporter" name="@AfterSuite stopReport" time="0.0">
    <ignored/>
  </testcase> <!-- @AfterSuite stopReport -->
</testsuite> <!-- Regression_Testscripts -->
