<?xml version="1.0" encoding="UTF-8"?>
<!-- Generated by org.testng.reporters.JUnitXMLReporter -->
<testsuite ignored="38" hostname="AMX-RL-20-348-W" failures="6" tests="162" name="Regression_Testscripts" time="2004.718" errors="0" timestamp="2022-07-07T18:40:00 IST">
  <testcase classname="icivics_testcases.I33_HP_3HeaderTeach_Test" name="C15_Verifyteachsubmenu" time="3.937"/>
  <testcase classname="icivics_testcases.I33_HP_3HeaderTeach_Test" name="C16_Verifysubmenucount" time="3.984"/>
  <testcase classname="icivics_testcases.I33_HP_3HeaderTeach_Test" name="C17_Verifyteachbuttonelements" time="33.952"/>
  <testcase classname="icivics_testcases.I33_HP_3HeaderTeach_Test" name="C20_verifyclickteachbuttonagain" time="3.586"/>
  <testcase classname="icivics_testcases.I30_HP_1Header_Test" name="C1_VerifyLogo" time="7.734"/>
  <testcase classname="icivics_testcases.I34_HP_3Headerteach2_Test" name="C19_Verifyteachsubmenu" time="69.495"/>
  <testcase classname="icivics_testcases.I30_HP_1Header_Test" name="C2_VerifyHeaderbuttonforanonymoususer" time="12.876"/>
  <testcase classname="icivics_testcases.I35_HP_4HeaderAbout_Test" name="C22_Verifyaboutsubmenu" time="10.334"/>
  <testcase classname="icivics_testcases.I35_HP_4HeaderAbout_Test" name="C23_Verifysubmenucount" time="4.002"/>
  <testcase classname="icivics_testcases.I30_HP_1Header_Test" name="C2_VerifyHeaderbuttonforauthenticateduser" time="13.642"/>
  <testcase classname="icivics_testcases.I30_HP_1Header_Test" name="C1538_Verifydonationpopup" time="7.431"/>
  <testcase classname="icivics_testcases.I37_HP_5HeaderSigninMisc_Test" name="C29_Verifydonatebutton" time="3.687"/>
  <testcase classname="icivics_testcases.I37_HP_5HeaderSigninMisc_Test" name="C30_Verifydonatebuttonclick" time="16.477"/>
  <testcase classname="icivics_testcases.I37_HP_5HeaderSigninMisc_Test" name="C31_Verifyshopbutton" time="8.938"/>
  <testcase classname="icivics_testcases.I37_HP_5HeaderSigninMisc_Test" name="C32_Verifyshopbuttonclick" time="8.878"/>
  <testcase classname="icivics_testcases.I37_HP_5HeaderSigninMisc_Test" name="C33_Verifysigninbuttonforanonymoususer" time="5.92"/>
  <testcase classname="icivics_testcases.I35_HP_4HeaderAbout_Test" name="C24_VerifysubmenuElement" time="73.237"/>
  <testcase classname="icivics_testcases.I37_HP_5HeaderSigninMisc_Test" name="C37_Verifysigninbuttonsubmenu" time="10.079"/>
  <testcase classname="icivics_testcases.I35_HP_4HeaderAbout_Test" name="C27_Verifyclickaboutbuttonagain" time="8.385"/>
  <testcase classname="icivics_testcases.I36_HP_5HeaderMyicivicsMisc_Test" name="C29_Verifydonatebutton" time="8.882"/>
  <testcase classname="icivics_testcases.I37_HP_5HeaderSigninMisc_Test" name="C38_Verifysigninbuttonsubmenu" time="15.903"/>
  <testcase classname="icivics_testcases.I36_HP_5HeaderMyicivicsMisc_Test" name="C30_Verifydonatebuttonclick" time="20.805"/>
  <testcase classname="icivics_testcases.I36_HP_5HeaderMyicivicsMisc_Test" name="C31_Verifyshopbutton" time="10.509"/>
  <testcase classname="icivics_testcases.I37_HP_5HeaderSigninMisc_Test" name="C41_Verifysubmenuoptionisunderlined" time="39.306"/>
  <testcase classname="icivics_testcases.I37_HP_5HeaderSigninMisc_Test" name="C42_Verifysubmenuoptionisunderlined" time="4.324"/>
  <testcase classname="icivics_testcases.I36_HP_5HeaderMyicivicsMisc_Test" name="C32_Verifyshopbuttonclick" time="14.416"/>
  <testcase classname="icivics_testcases.I36_HP_5HeaderMyicivicsMisc_Test" name="C34_VerifyIcivicsbutton" time="8.32"/>
  <testcase classname="icivics_testcases.I10_EducatorRegistration_Test" name="C321_VerifyallpageElements" time="17.409"/>
  <testcase classname="icivics_testcases.I36_HP_5HeaderMyicivicsMisc_Test" name="C35_Verifytheavatar" time="11.042"/>
  <testcase classname="icivics_testcases.I36_HP_5HeaderMyicivicsMisc_Test" name="C35_Verifythenoavatar" time="8.694"/>
  <testcase classname="icivics_testcases.I10_EducatorRegistration_Test" name="C322_ButtonHover" time="27.845"/>
  <testcase classname="icivics_testcases.I36_HP_5HeaderMyicivicsMisc_Test" name="C36_VerifyIcivicssubmenu" time="11.74"/>
  <testcase classname="icivics_testcases.I36_HP_5HeaderMyicivicsMisc_Test" name="C37_VerifyIcivicssubmenu" time="9.304"/>
  <testcase classname="icivics_testcases.I36_HP_5HeaderMyicivicsMisc_Test" name="C39_Myicivicsbuttonelementsverification" time="29.545"/>
  <testcase classname="icivics_testcases.I36_HP_5HeaderMyicivicsMisc_Test" name="C41_verifyselectpageisunderlined" time="50.655"/>
  <testcase classname="icivics_testcases.I36_HP_5HeaderMyicivicsMisc_Test" name="C42_Verifymyicivicsbuttonsubmenuclose" time="8.619"/>
  <testcase classname="icivics_testcases.I11_EducatorRegistration1_Test" name="C327_verifybreadcrumbspage1" time="2.875"/>
  <testcase classname="icivics_testcases.I11_EducatorRegistration1_Test" name="C328_verifytextfields" time="5.408"/>
  <testcase classname="icivics_testcases.I11_EducatorRegistration1_Test" name="C329_verifyusernamepregenerated" time="8.652"/>
  <testcase classname="icivics_testcases.I11_EducatorRegistration1_Test" name="C330_verifyusernamepregeneratedrandomly" time="14.574"/>
  <testcase classname="icivics_testcases.I11_EducatorRegistration1_Test" name="C331_verifyentertextinallfields" time="4.639"/>
  <testcase classname="icivics_testcases.I11_EducatorRegistration1_Test" name="C332_verifyfieldsmarkedwithanasterisk" time="3.15"/>
  <testcase classname="icivics_testcases.I11_EducatorRegistration1_Test" name="C333_verifyemailtooltips" time="3.306"/>
  <testcase classname="icivics_testcases.I11_EducatorRegistration1_Test" name="C334_verifyemailerrormsg" time="10.127"/>
  <testcase classname="icivics_testcases.I10_EducatorRegistration_Test" name="C323_Verifyallbuttonlinks" time="190.169"/>
  <testcase classname="icivics_testcases.I10_EducatorRegistration_Test" name="C324_WindowResize" time="12.484"/>
  <testcase classname="icivics_testcases.I11_EducatorRegistration1_Test" name="C335_verifyblankerrormsg" time="39.9"/>
  <testcase classname="icivics_testcases.I10_EducatorRegistration_Test" name="C325_Verifyerrormsg" time="6.136"/>
  <testcase classname="icivics_testcases.I10_EducatorRegistration_Test" name="C326_Verifybreadcrumbs" time="5.785"/>
  <testcase classname="icivics_testcases.I11_EducatorRegistration1_Test" name="C336_verifyinvaliderrormsg" time="9.788"/>
  <testcase classname="icivics_testcases.I12_EducatorRegistration2_Test" name="C338_verifybreadcrumbspage1" time="7.358"/>
  <testcase classname="icivics_testcases.I11_EducatorRegistration1_Test" name="C337_verifyvalidregistration" time="13.602"/>
  <testcase classname="icivics_testcases.I12_EducatorRegistration2_Test" name="C339_verifypreviouspage" time="10.46"/>
  <testcase classname="icivics_testcases.I13_EducatorRegistration3_Test" name="C348_verifybreadcrumbspage3" time="15.143"/>
  <testcase classname="icivics_testcases.I12_EducatorRegistration2_Test" name="C340_verifyalldataremembered" time="13.753"/>
  <testcase classname="icivics_testcases.I13_EducatorRegistration3_Test" name="C349_verifypreviouspage" time="16.805"/>
  <testcase classname="icivics_testcases.I12_EducatorRegistration2_Test" name="C341_verifyRoleandGradeLevel" time="16.905"/>
  <testcase classname="icivics_testcases.I13_EducatorRegistration3_Test" name="C350_verifyalldataremembered" time="19.027"/>
  <testcase classname="icivics_testcases.I12_EducatorRegistration2_Test" name="C342_verifymakeselection" time="17.006"/>
  <testcase classname="icivics_testcases.I12_EducatorRegistration2_Test" name="C343_verifyotheradditionalfield" time="9.969"/>
  <testcase classname="icivics_testcases.I12_EducatorRegistration2_Test" name="C344_verifyasterisk" time="6.86"/>
  <testcase classname="icivics_testcases.I13_EducatorRegistration3_Test" name="C351_verifyallpage3fields" time="29.773"/>
  <testcase classname="icivics_testcases.I12_EducatorRegistration2_Test" name="C345_verifyblankerrormsg" time="44.412"/>
  <testcase classname="icivics_testcases.I13_EducatorRegistration3_Test" name="C352_verifyallfieldsallowtoentertextandmakeselection" time="36.979"/>
  <testcase classname="icivics_testcases.I12_EducatorRegistration2_Test" name="C346_verifyerrormsgboxcolor" time="5.681">
    <failure type="org.openqa.selenium.WebDriverException" message="unknown error: cannot determine loading status
from unknown error: unexpected command response
  (Session info: chrome=103.0.5060.114)
Build info: version: &amp;apos;3.141.59&amp;apos;, revision: &amp;apos;e82be7d358&amp;apos;, time: &amp;apos;2018-11-14T08:17:03&amp;apos;
System info: host: &amp;apos;AMX-RL-20-348-W&amp;apos;, ip: &amp;apos;10.10.7.164&amp;apos;, os.name: &amp;apos;Windows 10&amp;apos;, os.arch: &amp;apos;amd64&amp;apos;, os.version: &amp;apos;10.0&amp;apos;, java.version: &amp;apos;17.0.1&amp;apos;
Driver info: org.openqa.selenium.chrome.ChromeDriver
Capabilities {acceptInsecureCerts: false, browserName: chrome, browserVersion: 103.0.5060.114, chrome: {chromedriverVersion: 103.0.5060.53 (a1711811edd7..., userDataDir: C:\Users\VENKAT~1.T\AppData...}, goog:chromeOptions: {debuggerAddress: localhost:53826}, javascriptEnabled: true, networkConnectionEnabled: false, pageLoadStrategy: normal, platform: WINDOWS, platformName: WINDOWS, proxy: Proxy(), setWindowRect: true, strictFileInteractability: false, timeouts: {implicit: 0, pageLoad: 300000, script: 30000}, unhandledPromptBehavior: dismiss and notify, webauthn:extension:credBlob: true, webauthn:extension:largeBlob: true, webauthn:virtualAuthenticators: true}
Session ID: ebb5a1864436db25adde201dbe96a3bb">
      <![CDATA[org.openqa.selenium.WebDriverException: unknown error: cannot determine loading status
from unknown error: unexpected command response
  (Session info: chrome=103.0.5060.114)
Build info: version: '3.141.59', revision: 'e82be7d358', time: '2018-11-14T08:17:03'
System info: host: 'AMX-RL-20-348-W', ip: '10.10.7.164', os.name: 'Windows 10', os.arch: 'amd64', os.version: '10.0', java.version: '17.0.1'
Driver info: org.openqa.selenium.chrome.ChromeDriver
Capabilities {acceptInsecureCerts: false, browserName: chrome, browserVersion: 103.0.5060.114, chrome: {chromedriverVersion: 103.0.5060.53 (a1711811edd7..., userDataDir: C:\Users\VENKAT~1.T\AppData...}, goog:chromeOptions: {debuggerAddress: localhost:53826}, javascriptEnabled: true, networkConnectionEnabled: false, pageLoadStrategy: normal, platform: WINDOWS, platformName: WINDOWS, proxy: Proxy(), setWindowRect: true, strictFileInteractability: false, timeouts: {implicit: 0, pageLoad: 300000, script: 30000}, unhandledPromptBehavior: dismiss and notify, webauthn:extension:credBlob: true, webauthn:extension:largeBlob: true, webauthn:virtualAuthenticators: true}
Session ID: ebb5a1864436db25adde201dbe96a3bb
at org.openqa.selenium.remote.http.W3CHttpResponseCodec.createException(W3CHttpResponseCodec.java:187)
at org.openqa.selenium.remote.http.W3CHttpResponseCodec.decode(W3CHttpResponseCodec.java:122)
at org.openqa.selenium.remote.http.W3CHttpResponseCodec.decode(W3CHttpResponseCodec.java:49)
at org.openqa.selenium.remote.HttpCommandExecutor.execute(HttpCommandExecutor.java:158)
at org.openqa.selenium.remote.service.DriverCommandExecutor.execute(DriverCommandExecutor.java:83)
at org.openqa.selenium.remote.RemoteWebDriver.execute(RemoteWebDriver.java:552)
at org.openqa.selenium.remote.RemoteWebElement.execute(RemoteWebElement.java:285)
at org.openqa.selenium.remote.RemoteWebElement.click(RemoteWebElement.java:84)
at icivics_pages.EducatorRegistration2.verifywithvaliddata(EducatorRegistration2.java:67)
at icivics_testcases.I12_EducatorRegistration2_Test.C346_verifyerrormsgboxcolor(I12_EducatorRegistration2_Test.java:124)
at java.base/java.util.concurrent.ThreadPoolExecutor.runWorker(ThreadPoolExecutor.java:1136)
at java.base/java.util.concurrent.ThreadPoolExecutor$Worker.run(ThreadPoolExecutor.java:635)
at java.base/java.lang.Thread.run(Thread.java:833)
... Removed 17 stack frames]]>
    </failure>
  </testcase> <!-- C346_verifyerrormsgboxcolor -->
  <testcase classname="icivics_testcases.I13_EducatorRegistration3_Test" name="C354_verifyallfieldswithinvaliddata" time="20.249"/>
  <testcase classname="icivics_testcases.I12_EducatorRegistration2_Test" name="C347_verifyvalidsubmission" time="20.456"/>
  <testcase classname="icivics_testcases.I13_EducatorRegistration3_Test" name="C355_verifyallfieldswithblankfield" time="15.545"/>
  <testcase classname="icivics_testcases.I14_EducatorRegistration4_Test" name="C358_verifybreadcrumbspage4" time="22.052"/>
  <testcase classname="icivics_testcases.I13_EducatorRegistration3_Test" name="C357_verifyvalidsubmission" time="20.882"/>
  <testcase classname="icivics_testcases.I14_EducatorRegistration4_Test" name="C359_verifypreviouspage" time="26.874"/>
  <testcase classname="icivics_testcases.I15_EducatorRegistration5_Test" name="C372_verifybreadcrumbspage5" time="25.171"/>
  <testcase classname="icivics_testcases.I14_EducatorRegistration4_Test" name="C360_verifyalldataremembered" time="23.337"/>
  <testcase classname="icivics_testcases.I15_EducatorRegistration5_Test" name="C373_verifywelcomemessage" time="23.01"/>
  <testcase classname="icivics_testcases.I14_EducatorRegistration4_Test" name="C361_verifyallpage3fields" time="22.639"/>
  <testcase classname="icivics_testcases.I15_EducatorRegistration5_Test" name="C374_verifyconfirmationemail" time="17.154">
    <failure type="org.openqa.selenium.WebDriverException" message="unknown error: cannot determine loading status
from unknown error: unexpected command response
  (Session info: chrome=103.0.5060.114)
Build info: version: &amp;apos;3.141.59&amp;apos;, revision: &amp;apos;e82be7d358&amp;apos;, time: &amp;apos;2018-11-14T08:17:03&amp;apos;
System info: host: &amp;apos;AMX-RL-20-348-W&amp;apos;, ip: &amp;apos;10.10.7.164&amp;apos;, os.name: &amp;apos;Windows 10&amp;apos;, os.arch: &amp;apos;amd64&amp;apos;, os.version: &amp;apos;10.0&amp;apos;, java.version: &amp;apos;17.0.1&amp;apos;
Driver info: org.openqa.selenium.chrome.ChromeDriver
Capabilities {acceptInsecureCerts: false, browserName: chrome, browserVersion: 103.0.5060.114, chrome: {chromedriverVersion: 103.0.5060.53 (a1711811edd7..., userDataDir: C:\Users\VENKAT~1.T\AppData...}, goog:chromeOptions: {debuggerAddress: localhost:54314}, javascriptEnabled: true, networkConnectionEnabled: false, pageLoadStrategy: normal, platform: WINDOWS, platformName: WINDOWS, proxy: Proxy(), setWindowRect: true, strictFileInteractability: false, timeouts: {implicit: 0, pageLoad: 300000, script: 30000}, unhandledPromptBehavior: dismiss and notify, webauthn:extension:credBlob: true, webauthn:extension:largeBlob: true, webauthn:virtualAuthenticators: true}
Session ID: 3dc77f8e3d846023a17ac50e983d4c01">
      <![CDATA[org.openqa.selenium.WebDriverException: unknown error: cannot determine loading status
from unknown error: unexpected command response
  (Session info: chrome=103.0.5060.114)
Build info: version: '3.141.59', revision: 'e82be7d358', time: '2018-11-14T08:17:03'
System info: host: 'AMX-RL-20-348-W', ip: '10.10.7.164', os.name: 'Windows 10', os.arch: 'amd64', os.version: '10.0', java.version: '17.0.1'
Driver info: org.openqa.selenium.chrome.ChromeDriver
Capabilities {acceptInsecureCerts: false, browserName: chrome, browserVersion: 103.0.5060.114, chrome: {chromedriverVersion: 103.0.5060.53 (a1711811edd7..., userDataDir: C:\Users\VENKAT~1.T\AppData...}, goog:chromeOptions: {debuggerAddress: localhost:54314}, javascriptEnabled: true, networkConnectionEnabled: false, pageLoadStrategy: normal, platform: WINDOWS, platformName: WINDOWS, proxy: Proxy(), setWindowRect: true, strictFileInteractability: false, timeouts: {implicit: 0, pageLoad: 300000, script: 30000}, unhandledPromptBehavior: dismiss and notify, webauthn:extension:credBlob: true, webauthn:extension:largeBlob: true, webauthn:virtualAuthenticators: true}
Session ID: 3dc77f8e3d846023a17ac50e983d4c01
at org.openqa.selenium.remote.http.W3CHttpResponseCodec.createException(W3CHttpResponseCodec.java:187)
at org.openqa.selenium.remote.http.W3CHttpResponseCodec.decode(W3CHttpResponseCodec.java:122)
at org.openqa.selenium.remote.http.W3CHttpResponseCodec.decode(W3CHttpResponseCodec.java:49)
at org.openqa.selenium.remote.HttpCommandExecutor.execute(HttpCommandExecutor.java:158)
at org.openqa.selenium.remote.service.DriverCommandExecutor.execute(DriverCommandExecutor.java:83)
at org.openqa.selenium.remote.RemoteWebDriver.execute(RemoteWebDriver.java:552)
at org.openqa.selenium.remote.RemoteWebElement.execute(RemoteWebElement.java:285)
at org.openqa.selenium.remote.RemoteWebElement.click(RemoteWebElement.java:84)
at icivics_pages.EducatorRegistration5.verifywithvaliddata(EducatorRegistration5.java:111)
at icivics_testcases.I15_EducatorRegistration5_Test.C374_verifyconfirmationemail(I15_EducatorRegistration5_Test.java:42)
at java.base/java.util.concurrent.ThreadPoolExecutor.runWorker(ThreadPoolExecutor.java:1136)
at java.base/java.util.concurrent.ThreadPoolExecutor$Worker.run(ThreadPoolExecutor.java:635)
at java.base/java.lang.Thread.run(Thread.java:833)
... Removed 16 stack frames]]>
    </failure>
  </testcase> <!-- C374_verifyconfirmationemail -->
  <testcase classname="icivics_testcases.I14_EducatorRegistration4_Test" name="C362_verifySignUpischecked" time="22.342"/>
  <testcase classname="icivics_testcases.I15_EducatorRegistration5_Test" name="C375_verifyconfirmationemail" time="23.416"/>
  <testcase classname="icivics_testcases.I15_EducatorRegistration5_Test" name="C376_verifyresendbutton" time="28.557"/>
  <testcase classname="icivics_testcases.I14_EducatorRegistration4_Test" name="C363_verifyallpage4fields" time="35.189"/>
  <testcase classname="icivics_testcases.I15_EducatorRegistration5_Test" name="C377_verifynotification" time="10.959">
    <failure type="org.openqa.selenium.WebDriverException" message="unknown error: cannot determine loading status
from unknown error: unexpected command response
  (Session info: chrome=103.0.5060.114)
Build info: version: &amp;apos;3.141.59&amp;apos;, revision: &amp;apos;e82be7d358&amp;apos;, time: &amp;apos;2018-11-14T08:17:03&amp;apos;
System info: host: &amp;apos;AMX-RL-20-348-W&amp;apos;, ip: &amp;apos;10.10.7.164&amp;apos;, os.name: &amp;apos;Windows 10&amp;apos;, os.arch: &amp;apos;amd64&amp;apos;, os.version: &amp;apos;10.0&amp;apos;, java.version: &amp;apos;17.0.1&amp;apos;
Driver info: org.openqa.selenium.chrome.ChromeDriver
Capabilities {acceptInsecureCerts: false, browserName: chrome, browserVersion: 103.0.5060.114, chrome: {chromedriverVersion: 103.0.5060.53 (a1711811edd7..., userDataDir: C:\Users\VENKAT~1.T\AppData...}, goog:chromeOptions: {debuggerAddress: localhost:54542}, javascriptEnabled: true, networkConnectionEnabled: false, pageLoadStrategy: normal, platform: WINDOWS, platformName: WINDOWS, proxy: Proxy(), setWindowRect: true, strictFileInteractability: false, timeouts: {implicit: 0, pageLoad: 300000, script: 30000}, unhandledPromptBehavior: dismiss and notify, webauthn:extension:credBlob: true, webauthn:extension:largeBlob: true, webauthn:virtualAuthenticators: true}
Session ID: f6b1757e23edd951e5e983840f147650">
      <![CDATA[org.openqa.selenium.WebDriverException: unknown error: cannot determine loading status
from unknown error: unexpected command response
  (Session info: chrome=103.0.5060.114)
Build info: version: '3.141.59', revision: 'e82be7d358', time: '2018-11-14T08:17:03'
System info: host: 'AMX-RL-20-348-W', ip: '10.10.7.164', os.name: 'Windows 10', os.arch: 'amd64', os.version: '10.0', java.version: '17.0.1'
Driver info: org.openqa.selenium.chrome.ChromeDriver
Capabilities {acceptInsecureCerts: false, browserName: chrome, browserVersion: 103.0.5060.114, chrome: {chromedriverVersion: 103.0.5060.53 (a1711811edd7..., userDataDir: C:\Users\VENKAT~1.T\AppData...}, goog:chromeOptions: {debuggerAddress: localhost:54542}, javascriptEnabled: true, networkConnectionEnabled: false, pageLoadStrategy: normal, platform: WINDOWS, platformName: WINDOWS, proxy: Proxy(), setWindowRect: true, strictFileInteractability: false, timeouts: {implicit: 0, pageLoad: 300000, script: 30000}, unhandledPromptBehavior: dismiss and notify, webauthn:extension:credBlob: true, webauthn:extension:largeBlob: true, webauthn:virtualAuthenticators: true}
Session ID: f6b1757e23edd951e5e983840f147650
at org.openqa.selenium.remote.http.W3CHttpResponseCodec.createException(W3CHttpResponseCodec.java:187)
at org.openqa.selenium.remote.http.W3CHttpResponseCodec.decode(W3CHttpResponseCodec.java:122)
at org.openqa.selenium.remote.http.W3CHttpResponseCodec.decode(W3CHttpResponseCodec.java:49)
at org.openqa.selenium.remote.HttpCommandExecutor.execute(HttpCommandExecutor.java:158)
at org.openqa.selenium.remote.service.DriverCommandExecutor.execute(DriverCommandExecutor.java:83)
at org.openqa.selenium.remote.RemoteWebDriver.execute(RemoteWebDriver.java:552)
at org.openqa.selenium.remote.RemoteWebElement.execute(RemoteWebElement.java:285)
at org.openqa.selenium.remote.RemoteWebElement.click(RemoteWebElement.java:84)
at icivics_pages.EducatorRegistration5.verifywithvaliddata(EducatorRegistration5.java:94)
at icivics_testcases.I15_EducatorRegistration5_Test.C377_verifynotification(I15_EducatorRegistration5_Test.java:67)
at java.base/java.util.concurrent.ThreadPoolExecutor.runWorker(ThreadPoolExecutor.java:1136)
at java.base/java.util.concurrent.ThreadPoolExecutor$Worker.run(ThreadPoolExecutor.java:635)
at java.base/java.lang.Thread.run(Thread.java:833)
... Removed 16 stack frames]]>
    </failure>
  </testcase> <!-- C377_verifynotification -->
  <testcase classname="icivics_testcases.I14_EducatorRegistration4_Test" name="C364_verifyallfieldasterisk" time="11.345">
    <failure type="org.openqa.selenium.WebDriverException" message="unknown error: cannot determine loading status
from unknown error: unexpected command response
  (Session info: chrome=103.0.5060.114)
Build info: version: &amp;apos;3.141.59&amp;apos;, revision: &amp;apos;e82be7d358&amp;apos;, time: &amp;apos;2018-11-14T08:17:03&amp;apos;
System info: host: &amp;apos;AMX-RL-20-348-W&amp;apos;, ip: &amp;apos;10.10.7.164&amp;apos;, os.name: &amp;apos;Windows 10&amp;apos;, os.arch: &amp;apos;amd64&amp;apos;, os.version: &amp;apos;10.0&amp;apos;, java.version: &amp;apos;17.0.1&amp;apos;
Driver info: org.openqa.selenium.chrome.ChromeDriver
Capabilities {acceptInsecureCerts: false, browserName: chrome, browserVersion: 103.0.5060.114, chrome: {chromedriverVersion: 103.0.5060.53 (a1711811edd7..., userDataDir: C:\Users\VENKAT~1.T\AppData...}, goog:chromeOptions: {debuggerAddress: localhost:54565}, javascriptEnabled: true, networkConnectionEnabled: false, pageLoadStrategy: normal, platform: WINDOWS, platformName: WINDOWS, proxy: Proxy(), setWindowRect: true, strictFileInteractability: false, timeouts: {implicit: 0, pageLoad: 300000, script: 30000}, unhandledPromptBehavior: dismiss and notify, webauthn:extension:credBlob: true, webauthn:extension:largeBlob: true, webauthn:virtualAuthenticators: true}
Session ID: a894a57bbafc97e71ee476d5303e0107">
      <![CDATA[org.openqa.selenium.WebDriverException: unknown error: cannot determine loading status
from unknown error: unexpected command response
  (Session info: chrome=103.0.5060.114)
Build info: version: '3.141.59', revision: 'e82be7d358', time: '2018-11-14T08:17:03'
System info: host: 'AMX-RL-20-348-W', ip: '10.10.7.164', os.name: 'Windows 10', os.arch: 'amd64', os.version: '10.0', java.version: '17.0.1'
Driver info: org.openqa.selenium.chrome.ChromeDriver
Capabilities {acceptInsecureCerts: false, browserName: chrome, browserVersion: 103.0.5060.114, chrome: {chromedriverVersion: 103.0.5060.53 (a1711811edd7..., userDataDir: C:\Users\VENKAT~1.T\AppData...}, goog:chromeOptions: {debuggerAddress: localhost:54565}, javascriptEnabled: true, networkConnectionEnabled: false, pageLoadStrategy: normal, platform: WINDOWS, platformName: WINDOWS, proxy: Proxy(), setWindowRect: true, strictFileInteractability: false, timeouts: {implicit: 0, pageLoad: 300000, script: 30000}, unhandledPromptBehavior: dismiss and notify, webauthn:extension:credBlob: true, webauthn:extension:largeBlob: true, webauthn:virtualAuthenticators: true}
Session ID: a894a57bbafc97e71ee476d5303e0107
at org.openqa.selenium.remote.http.W3CHttpResponseCodec.createException(W3CHttpResponseCodec.java:187)
at org.openqa.selenium.remote.http.W3CHttpResponseCodec.decode(W3CHttpResponseCodec.java:122)
at org.openqa.selenium.remote.http.W3CHttpResponseCodec.decode(W3CHttpResponseCodec.java:49)
at org.openqa.selenium.remote.HttpCommandExecutor.execute(HttpCommandExecutor.java:158)
at org.openqa.selenium.remote.service.DriverCommandExecutor.execute(DriverCommandExecutor.java:83)
at org.openqa.selenium.remote.RemoteWebDriver.execute(RemoteWebDriver.java:552)
at org.openqa.selenium.remote.RemoteWebElement.execute(RemoteWebElement.java:285)
at org.openqa.selenium.remote.RemoteWebElement.click(RemoteWebElement.java:84)
at selenium.base.SeleniumBase.click(SeleniumBase.java:59)
at icivics_pages.EducatorRegistration4.verifywithvaliddata(EducatorRegistration4.java:96)
at icivics_testcases.I14_EducatorRegistration4_Test.C364_verifyallfieldasterisk(I14_EducatorRegistration4_Test.java:91)
at java.base/java.util.concurrent.ThreadPoolExecutor.runWorker(ThreadPoolExecutor.java:1136)
at java.base/java.util.concurrent.ThreadPoolExecutor$Worker.run(ThreadPoolExecutor.java:635)
at java.base/java.lang.Thread.run(Thread.java:833)
... Removed 16 stack frames]]>
    </failure>
  </testcase> <!-- C364_verifyallfieldasterisk -->
  <testcase classname="icivics_testcases.I25_StudentRegistration3Email_Test" name="C372_verifypagecount3" time="15.707"/>
  <testcase classname="icivics_testcases.I14_EducatorRegistration4_Test" name="C365_verifypasswordtooltips" time="21.871"/>
  <testcase classname="icivics_testcases.I25_StudentRegistration3Email_Test" name="C373_verifycheckmsgdisplay" time="14.81"/>
  <testcase classname="icivics_testcases.I25_StudentRegistration3Email_Test" name="C374_verifycheckmsgdisplay" time="14.8"/>
  <testcase classname="icivics_testcases.I14_EducatorRegistration4_Test" name="C366_verifypasswordstrengthIndicator" time="21.535"/>
  <testcase classname="icivics_testcases.I25_StudentRegistration3Email_Test" name="C375_verifyregisteredemaildisplay" time="15.058"/>
  <testcase classname="icivics_testcases.I14_EducatorRegistration4_Test" name="C367_verifypasswordIndicatormatch" time="22.171"/>
  <testcase classname="icivics_testcases.I25_StudentRegistration3Email_Test" name="C376_verifyresendbutton" time="21.887"/>
  <testcase classname="icivics_testcases.I14_EducatorRegistration4_Test" name="C368_verifyallfieldswithinvaliddata" time="26.087"/>
  <testcase classname="icivics_testcases.I25_StudentRegistration3Email_Test" name="C377_verifyconfirmationemail" time="19.784"/>
  <testcase classname="icivics_testcases.I21_StudentRegistration1Email_Test" name="C383_Verifybreadcrumbs" time="2.772"/>
  <testcase classname="icivics_testcases.I21_StudentRegistration1Email_Test" name="C384_Verifybreadcrumbspage" time="2.511"/>
  <testcase classname="icivics_testcases.I14_EducatorRegistration4_Test" name="C369_verifyallfieldswithblankdata" time="18.047">
    <failure type="org.openqa.selenium.WebDriverException" message="unknown error: cannot determine loading status
from unknown error: unexpected command response
  (Session info: chrome=103.0.5060.114)
Build info: version: &amp;apos;3.141.59&amp;apos;, revision: &amp;apos;e82be7d358&amp;apos;, time: &amp;apos;2018-11-14T08:17:03&amp;apos;
System info: host: &amp;apos;AMX-RL-20-348-W&amp;apos;, ip: &amp;apos;10.10.7.164&amp;apos;, os.name: &amp;apos;Windows 10&amp;apos;, os.arch: &amp;apos;amd64&amp;apos;, os.version: &amp;apos;10.0&amp;apos;, java.version: &amp;apos;17.0.1&amp;apos;
Driver info: org.openqa.selenium.chrome.ChromeDriver
Capabilities {acceptInsecureCerts: false, browserName: chrome, browserVersion: 103.0.5060.114, chrome: {chromedriverVersion: 103.0.5060.53 (a1711811edd7..., userDataDir: C:\Users\VENKAT~1.T\AppData...}, goog:chromeOptions: {debuggerAddress: localhost:55032}, javascriptEnabled: true, networkConnectionEnabled: false, pageLoadStrategy: normal, platform: WINDOWS, platformName: WINDOWS, proxy: Proxy(), setWindowRect: true, strictFileInteractability: false, timeouts: {implicit: 0, pageLoad: 300000, script: 30000}, unhandledPromptBehavior: dismiss and notify, webauthn:extension:credBlob: true, webauthn:extension:largeBlob: true, webauthn:virtualAuthenticators: true}
Session ID: 2abc6dda42ba1d89db9e8c2eaea984d1">
      <![CDATA[org.openqa.selenium.WebDriverException: unknown error: cannot determine loading status
from unknown error: unexpected command response
  (Session info: chrome=103.0.5060.114)
Build info: version: '3.141.59', revision: 'e82be7d358', time: '2018-11-14T08:17:03'
System info: host: 'AMX-RL-20-348-W', ip: '10.10.7.164', os.name: 'Windows 10', os.arch: 'amd64', os.version: '10.0', java.version: '17.0.1'
Driver info: org.openqa.selenium.chrome.ChromeDriver
Capabilities {acceptInsecureCerts: false, browserName: chrome, browserVersion: 103.0.5060.114, chrome: {chromedriverVersion: 103.0.5060.53 (a1711811edd7..., userDataDir: C:\Users\VENKAT~1.T\AppData...}, goog:chromeOptions: {debuggerAddress: localhost:55032}, javascriptEnabled: true, networkConnectionEnabled: false, pageLoadStrategy: normal, platform: WINDOWS, platformName: WINDOWS, proxy: Proxy(), setWindowRect: true, strictFileInteractability: false, timeouts: {implicit: 0, pageLoad: 300000, script: 30000}, unhandledPromptBehavior: dismiss and notify, webauthn:extension:credBlob: true, webauthn:extension:largeBlob: true, webauthn:virtualAuthenticators: true}
Session ID: 2abc6dda42ba1d89db9e8c2eaea984d1
at org.openqa.selenium.remote.http.W3CHttpResponseCodec.createException(W3CHttpResponseCodec.java:187)
at org.openqa.selenium.remote.http.W3CHttpResponseCodec.decode(W3CHttpResponseCodec.java:122)
at org.openqa.selenium.remote.http.W3CHttpResponseCodec.decode(W3CHttpResponseCodec.java:49)
at org.openqa.selenium.remote.HttpCommandExecutor.execute(HttpCommandExecutor.java:158)
at org.openqa.selenium.remote.service.DriverCommandExecutor.execute(DriverCommandExecutor.java:83)
at org.openqa.selenium.remote.RemoteWebDriver.execute(RemoteWebDriver.java:552)
at org.openqa.selenium.remote.RemoteWebElement.execute(RemoteWebElement.java:285)
at org.openqa.selenium.remote.RemoteWebElement.click(RemoteWebElement.java:84)
at selenium.base.SeleniumBase.click(SeleniumBase.java:59)
at icivics_pages.EducatorRegistration4.verifywithvaliddata(EducatorRegistration4.java:113)
at icivics_testcases.I14_EducatorRegistration4_Test.C369_verifyallfieldswithblankdata(I14_EducatorRegistration4_Test.java:145)
at java.base/java.util.concurrent.ThreadPoolExecutor.runWorker(ThreadPoolExecutor.java:1136)
at java.base/java.util.concurrent.ThreadPoolExecutor$Worker.run(ThreadPoolExecutor.java:635)
at java.base/java.lang.Thread.run(Thread.java:833)
... Removed 16 stack frames]]>
    </failure>
  </testcase> <!-- C369_verifyallfieldswithblankdata -->
  <testcase classname="icivics_testcases.I21_StudentRegistration1Email_Test" name="C385_Verifyvideolink" time="14.752"/>
  <testcase classname="icivics_testcases.I21_StudentRegistration1Email_Test" name="C387_verifytextfields" time="5.337"/>
  <testcase classname="icivics_testcases.I14_EducatorRegistration4_Test" name="C370_verifyallfieldswithblankandinvaliddata" time="25.549"/>
  <testcase classname="icivics_testcases.I21_StudentRegistration1Email_Test" name="C388_verifyusernamepregenerated" time="12.016"/>
  <testcase classname="icivics_testcases.I21_StudentRegistration1Email_Test" name="C389_verifyusernamepregeneratedrandomly" time="14.705"/>
  <testcase classname="icivics_testcases.I14_EducatorRegistration4_Test" name="C371_verifyvalidsubmission" time="27.843"/>
  <testcase classname="icivics_testcases.I21_StudentRegistration1Email_Test" name="C390_verifyentertextinallfields" time="6.379"/>
  <testcase classname="icivics_testcases.I21_StudentRegistration1Email_Test" name="C391_verifyfieldsmarkedwithanasterisk" time="3.229"/>
  <testcase classname="icivics_testcases.I23_StudentRegistration2Email_Test" name="C398_verifypagecount2" time="6.566"/>
  <testcase classname="icivics_testcases.I21_StudentRegistration1Email_Test" name="C392_verifyemailtooltips" time="3.544"/>
  <testcase classname="icivics_testcases.I21_StudentRegistration1Email_Test" name="C393_verifyemailerrormsg" time="8.604"/>
  <testcase classname="icivics_testcases.I23_StudentRegistration2Email_Test" name="C399_Clickbackbutton" time="12.019"/>
  <testcase classname="icivics_testcases.I23_StudentRegistration2Email_Test" name="C400_verifyfieldsisremembered" time="9.548"/>
  <testcase classname="icivics_testcases.I23_StudentRegistration2Email_Test" name="C403_clickontermsofuselink" time="21.745"/>
  <testcase classname="icivics_testcases.I21_StudentRegistration1Email_Test" name="C394_verifyblankerrormsg" time="39.717"/>
  <testcase classname="icivics_testcases.I23_StudentRegistration2Email_Test" name="C404_clickprivacypolicy" time="14.363"/>
  <testcase classname="icivics_testcases.I21_StudentRegistration1Email_Test" name="C396_verifyvalidregistration" time="13.969"/>
  <testcase classname="icivics_testcases.I23_StudentRegistration2Email_Test" name="C405_verifypage2SignUpforEmailsfield" time="6.765"/>
  <testcase classname="icivics_testcases.I23_StudentRegistration2Email_Test" name="C408_hoveronpwdfield" time="7.23"/>
  <testcase classname="icivics_testcases.I21_StudentRegistration1Email_Test" name="C397_Verifyclasscodelink" time="14.906"/>
  <testcase classname="icivics_testcases.I23_StudentRegistration2Email_Test" name="C409_VerifyPasswordstrengthmeter" time="9.782"/>
  <testcase classname="icivics_testcases.I22_StudentRegistration2classcode_Test" name="C398_verifypagecount2" time="7.64"/>
  <testcase classname="icivics_testcases.I23_StudentRegistration2Email_Test" name="C410_VerifyPasswordindicatormatch" time="7.341"/>
  <testcase classname="icivics_testcases.I22_StudentRegistration2classcode_Test" name="C399_Clickbackbutton" time="10.335"/>
  <testcase classname="icivics_testcases.I23_StudentRegistration2Email_Test" name="C412_verifyenterinvaliddata" time="11.272"/>
  <testcase classname="icivics_testcases.I22_StudentRegistration2classcode_Test" name="C400_verifyfieldsisremembered" time="10.611"/>
  <testcase classname="icivics_testcases.I23_StudentRegistration2Email_Test" name="C412_verifytermsofuseandprivacycheckbox" time="10.649"/>
  <testcase classname="icivics_testcases.I23_StudentRegistration2Email_Test" name="C413_verifyblankerrormsg" time="13.509"/>
  <testcase classname="icivics_testcases.I22_StudentRegistration2classcode_Test" name="C403_clickontermsofuselink" time="22.392"/>
  <testcase classname="icivics_testcases.I22_StudentRegistration2classcode_Test" name="C404_clickprivacypolicy" time="14.537"/>
  <testcase classname="icivics_testcases.I23_StudentRegistration2Email_Test" name="C414_verifypage3loaded" time="16.238"/>
  <testcase classname="icivics_testcases.I22_StudentRegistration2classcode_Test" name="C405_verifypage2SignUpforEmailsfield" time="8.46"/>
  <testcase classname="icivics_testcases.I31_HP_1TeacherHeader_Test" name="C3_Verifyheaderbuttonsforanonymoususer" time="9.445"/>
  <testcase classname="icivics_testcases.I22_StudentRegistration2classcode_Test" name="C408_hoveronpwdfield" time="10.784"/>
  <testcase classname="icivics_testcases.I31_HP_1TeacherHeader_Test" name="C3_Verifyheaderbuttonsforauthenticateduser" time="12.974"/>
  <testcase classname="icivics_testcases.I22_StudentRegistration2classcode_Test" name="C409_VerifyPasswordstrengthmeter" time="10.998"/>
  <testcase classname="icivics_testcases.I22_StudentRegistration2classcode_Test" name="C410_VerifyPasswordindicatormatch" time="13.944"/>
  <testcase classname="icivics_testcases.I22_StudentRegistration2classcode_Test" name="C412_verifyenterinvaliddata" time="21.228"/>
  <testcase classname="icivics_testcases.I22_StudentRegistration2classcode_Test" name="C412_verifytermsofuseandprivacycheckbox" time="10.976"/>
  <testcase classname="icivics_testcases.I22_StudentRegistration2classcode_Test" name="C413_verifyblankerrormsg" time="14.029"/>
  <testcase classname="icivics_testcases.I22_StudentRegistration2classcode_Test" name="C414_verifypage3loaded" time="16.319"/>
  <testcase classname="icivics_testcases.I20_StudentRegistration1classcode_Test" name="C425_verifyemailfieldsappear" time="4.266"/>
  <testcase classname="icivics_testcases.I20_StudentRegistration1classcode_Test" name="C426_verifyemailtooltips" time="3.92"/>
  <testcase classname="icivics_testcases.I20_StudentRegistration1classcode_Test" name="C427_verifyemailfieldsdisappear" time="18.771"/>
  <testcase classname="icivics_testcases.I20_StudentRegistration1classcode_Test" name="C428_verifyusernamepregenerated" time="8.666"/>
  <testcase classname="icivics_testcases.I20_StudentRegistration1classcode_Test" name="C429_usernamegeneratedrandomly" time="15.034"/>
  <testcase classname="icivics_testcases.I31_HP_1TeacherHeader_Test" name="C4_Verifyheaderelemets" time="156.764"/>
  <testcase classname="icivics_testcases.I20_StudentRegistration1classcode_Test" name="C430_verifyregistrationwithvaliddata" time="9.601"/>
  <testcase classname="icivics_testcases.I20_StudentRegistration1classcode_Test" name="C431_verifyAsteriks" time="4.462"/>
  <testcase classname="icivics_testcases.I20_StudentRegistration1classcode_Test" name="C432_verifyinvaliderrormsg" time="12.981"/>
  <testcase classname="icivics_testcases.I20_StudentRegistration1classcode_Test" name="C433_verifyerrormsgverifyemailblankfield" time="15.138">
    <failure type="java.lang.NullPointerException" message="Cannot invoke &amp;quot;org.openqa.selenium.WebElement.getText()&amp;quot; because &amp;quot;ele&amp;quot; is null">
      <![CDATA[java.lang.NullPointerException: Cannot invoke "org.openqa.selenium.WebElement.getText()" because "ele" is null
at selenium.base.SeleniumBase.verifyExactText(SeleniumBase.java:150)
at icivics_pages.StudentRegistration1classcode.verifyerrormsgclasscodeblankfield(StudentRegistration1classcode.java:483)
at icivics_testcases.I20_StudentRegistration1classcode_Test.C433_verifyerrormsgverifyemailblankfield(I20_StudentRegistration1classcode_Test.java:112)
at java.base/java.util.concurrent.ThreadPoolExecutor.runWorker(ThreadPoolExecutor.java:1136)
at java.base/java.util.concurrent.ThreadPoolExecutor$Worker.run(ThreadPoolExecutor.java:635)
at java.base/java.lang.Thread.run(Thread.java:833)
... Removed 12 stack frames]]>
    </failure>
  </testcase> <!-- C433_verifyerrormsgverifyemailblankfield -->
  <testcase classname="icivics_testcases.I20_StudentRegistration1classcode_Test" name="C434_verifyinvaliderrormsg2" time="8.955"/>
  <testcase classname="icivics_testcases.I20_StudentRegistration1classcode_Test" name="C435_verifyregistrationwithvalidvalue" time="17.846"/>
  <testcase classname="icivics_testcases.I31_HP_1TeacherHeader_Test" name="C6_Verifyheaderbuttonhoverforanonymoususer" time="85.779"/>
  <testcase classname="icivics_testcases.I24_StudentRegistration3classcode_Test" name="C454_verifypagecount3" time="17.806"/>
  <testcase classname="icivics_testcases.I24_StudentRegistration3classcode_Test" name="C455_verifyusernamegenerateddisplay" time="18.525"/>
  <testcase classname="icivics_testcases.I24_StudentRegistration3classcode_Test" name="C456_verifyusernametextddisplay" time="16.708"/>
  <testcase classname="icivics_testcases.I24_StudentRegistration3classcode_Test" name="C457_verifyemailddisplay" time="21.121"/>
  <testcase classname="icivics_testcases.I31_HP_1TeacherHeader_Test" name="C6_verifyaheaderbuttonhoverforauthenticateduser" time="69.161"/>
  <testcase classname="icivics_testcases.I24_StudentRegistration3classcode_Test" name="C458_verifyemailtextddisplay" time="19.624"/>
  <testcase classname="icivics_testcases.I31_HP_1TeacherHeader_Test" name="C7_verifyresizeheaderintohamburger" time="32.551"/>
  <testcase classname="icivics_testcases.I24_StudentRegistration3classcode_Test" name="C459_clickcontinuetomyassignmentbutton" time="20.982"/>
  <testcase classname="icivics_testcases.I32_HP_2Headerplay_Test" name="C8_Verifyplaysubmenu" time="4.735"/>
  <testcase classname="icivics_testcases.I32_HP_2Headerplay_Test" name="C9_Verifyplaybuttonlist" time="8.917"/>
  <testcase classname="icivics_testcases.I32_HP_2Headerplay_Test" name="C10_Verifyplaybuttonelements" time="131.547"/>
  <testcase classname="icivics_testcases.I32_HP_2Headerplay_Test" name="C12_Verifypageisunderlined" time="274.144"/>
  <testcase classname="icivics_testcases.I32_HP_2Headerplay_Test" name="C13_Verifyclickonplaybuttonagain" time="5.59"/>
  <testcase classname="utilities.Reporter" name="@BeforeSuite startReport" time="0.0">
    <ignored/>
  </testcase> <!-- @BeforeSuite startReport -->
  <testcase classname="utilities.Reporter" name="@BeforeSuite startReport" time="0.0">
    <ignored/>
  </testcase> <!-- @BeforeSuite startReport -->
  <testcase classname="utilities.Reporter" name="@BeforeSuite startReport" time="0.0">
    <ignored/>
  </testcase> <!-- @BeforeSuite startReport -->
  <testcase classname="utilities.Reporter" name="@BeforeSuite startReport" time="0.0">
    <ignored/>
  </testcase> <!-- @BeforeSuite startReport -->
  <testcase classname="utilities.Reporter" name="@BeforeSuite startReport" time="0.0">
    <ignored/>
  </testcase> <!-- @BeforeSuite startReport -->
  <testcase classname="utilities.Reporter" name="@BeforeSuite startReport" time="0.0">
    <ignored/>
  </testcase> <!-- @BeforeSuite startReport -->
  <testcase classname="utilities.Reporter" name="@BeforeSuite startReport" time="0.0">
    <ignored/>
  </testcase> <!-- @BeforeSuite startReport -->
  <testcase classname="utilities.Reporter" name="@BeforeSuite startReport" time="0.0">
    <ignored/>
  </testcase> <!-- @BeforeSuite startReport -->
  <testcase classname="utilities.Reporter" name="@BeforeSuite startReport" time="0.0">
    <ignored/>
  </testcase> <!-- @BeforeSuite startReport -->
  <testcase classname="utilities.Reporter" name="@BeforeSuite startReport" time="0.0">
    <ignored/>
  </testcase> <!-- @BeforeSuite startReport -->
  <testcase classname="utilities.Reporter" name="@BeforeSuite startReport" time="0.0">
    <ignored/>
  </testcase> <!-- @BeforeSuite startReport -->
  <testcase classname="utilities.Reporter" name="@BeforeSuite startReport" time="0.0">
    <ignored/>
  </testcase> <!-- @BeforeSuite startReport -->
  <testcase classname="utilities.Reporter" name="@BeforeSuite startReport" time="0.0">
    <ignored/>
  </testcase> <!-- @BeforeSuite startReport -->
  <testcase classname="utilities.Reporter" name="@BeforeSuite startReport" time="0.0">
    <ignored/>
  </testcase> <!-- @BeforeSuite startReport -->
  <testcase classname="utilities.Reporter" name="@BeforeSuite startReport" time="0.0">
    <ignored/>
  </testcase> <!-- @BeforeSuite startReport -->
  <testcase classname="utilities.Reporter" name="@BeforeSuite startReport" time="0.0">
    <ignored/>
  </testcase> <!-- @BeforeSuite startReport -->
  <testcase classname="utilities.Reporter" name="@BeforeSuite startReport" time="0.0">
    <ignored/>
  </testcase> <!-- @BeforeSuite startReport -->
  <testcase classname="utilities.Reporter" name="@BeforeSuite startReport" time="0.0">
    <ignored/>
  </testcase> <!-- @BeforeSuite startReport -->
  <testcase classname="utilities.Reporter" name="@BeforeSuite startReport" time="0.0">
    <ignored/>
  </testcase> <!-- @BeforeSuite startReport -->
  <testcase classname="utilities.Reporter" name="@AfterSuite stopReport" time="0.0">
    <ignored/>
  </testcase> <!-- @AfterSuite stopReport -->
  <testcase classname="utilities.Reporter" name="@AfterSuite stopReport" time="0.0">
    <ignored/>
  </testcase> <!-- @AfterSuite stopReport -->
  <testcase classname="utilities.Reporter" name="@AfterSuite stopReport" time="0.0">
    <ignored/>
  </testcase> <!-- @AfterSuite stopReport -->
  <testcase classname="utilities.Reporter" name="@AfterSuite stopReport" time="0.0">
    <ignored/>
  </testcase> <!-- @AfterSuite stopReport -->
  <testcase classname="utilities.Reporter" name="@AfterSuite stopReport" time="0.0">
    <ignored/>
  </testcase> <!-- @AfterSuite stopReport -->
  <testcase classname="utilities.Reporter" name="@AfterSuite stopReport" time="0.0">
    <ignored/>
  </testcase> <!-- @AfterSuite stopReport -->
  <testcase classname="utilities.Reporter" name="@AfterSuite stopReport" time="0.0">
    <ignored/>
  </testcase> <!-- @AfterSuite stopReport -->
  <testcase classname="utilities.Reporter" name="@AfterSuite stopReport" time="0.0">
    <ignored/>
  </testcase> <!-- @AfterSuite stopReport -->
  <testcase classname="utilities.Reporter" name="@AfterSuite stopReport" time="0.0">
    <ignored/>
  </testcase> <!-- @AfterSuite stopReport -->
  <testcase classname="utilities.Reporter" name="@AfterSuite stopReport" time="0.0">
    <ignored/>
  </testcase> <!-- @AfterSuite stopReport -->
  <testcase classname="utilities.Reporter" name="@AfterSuite stopReport" time="0.0">
    <ignored/>
  </testcase> <!-- @AfterSuite stopReport -->
  <testcase classname="utilities.Reporter" name="@AfterSuite stopReport" time="0.0">
    <ignored/>
  </testcase> <!-- @AfterSuite stopReport -->
  <testcase classname="utilities.Reporter" name="@AfterSuite stopReport" time="0.0">
    <ignored/>
  </testcase> <!-- @AfterSuite stopReport -->
  <testcase classname="utilities.Reporter" name="@AfterSuite stopReport" time="0.0">
    <ignored/>
  </testcase> <!-- @AfterSuite stopReport -->
  <testcase classname="utilities.Reporter" name="@AfterSuite stopReport" time="0.0">
    <ignored/>
  </testcase> <!-- @AfterSuite stopReport -->
  <testcase classname="utilities.Reporter" name="@AfterSuite stopReport" time="0.0">
    <ignored/>
  </testcase> <!-- @AfterSuite stopReport -->
  <testcase classname="utilities.Reporter" name="@AfterSuite stopReport" time="0.0">
    <ignored/>
  </testcase> <!-- @AfterSuite stopReport -->
  <testcase classname="utilities.Reporter" name="@AfterSuite stopReport" time="0.0">
    <ignored/>
  </testcase> <!-- @AfterSuite stopReport -->
  <testcase classname="utilities.Reporter" name="@AfterSuite stopReport" time="0.0">
    <ignored/>
  </testcase> <!-- @AfterSuite stopReport -->
</testsuite> <!-- Regression_Testscripts -->
